2021/3/20 11:19:24 # 开始下单 : 

2021/3/20 11:19:24 # 下单签名 : 532B8FD7666CC8F4B4204EF233F29D67

2021/3/20 11:19:24 # 下单结果 : {"msg":"下单成功，请扫码支付","code":0,"data":"http://images.yungouos.com/merge/native/code/210320111924038115307.png"}

2021/3/20 11:19:55 # 支付成功回调参数： payNo ------ 2021032022001445141422467369

2021/3/20 11:19:55 # 支付成功回调参数： code ------ 1

2021/3/20 11:19:55 # 支付成功回调参数： mchId ------ 2088110896172724

2021/3/20 11:19:55 # 支付成功回调参数： orderNo ------ Y11193986394607

2021/3/20 11:19:55 # 支付成功回调参数： money ------ 666.00

2021/3/20 11:19:55 # 支付成功回调参数： outTradeNo ------ 2103201119240381

2021/3/20 11:19:55 # 支付成功回调参数： sign ------ 4D2FA5396392F09E2960E227752FD88A

2021/3/20 11:19:55 # 支付成功回调参数： payChannel ------ alipay

2021/3/20 11:19:55 # 支付成功回调参数： time ------ 2021-03-20 11:19:54

2021/3/20 11:19:55 # 支付成功回调的新签名为 : 4D2FA5396392F09E2960E227752FD88A

2021/3/20 11:19:55 # 支付成功回调签名验证通过 。

2021/3/20 11:20:03 # 开始下单 : 

2021/3/20 11:20:03 # 下单签名 : 08028A0E39D5765D3897050387CF80B5

2021/3/20 11:20:04 # 下单结果 : {"msg":"下单成功，请扫码支付","code":0,"data":"http://images.yungouos.com/merge/native/code/210320112003267515307.png"}

2021/3/20 11:20:14 # 开始下单 : 

2021/3/20 11:20:14 # 下单签名 : EB1C18BC98C1122DFC3CB6FB2F260F05

2021/3/20 11:20:15 # 下单结果 : {"msg":"下单成功，请扫码支付","code":0,"data":"http://images.yungouos.com/merge/native/code/210320112014025315307.png"}

2021/3/20 12:28:10 # 开始下单 : 

2021/3/20 12:28:10 # 下单签名 : 35030B0496E27440DC49A345EE974133

2021/3/20 12:28:10 # 下单结果 : {"msg":"下单成功，请扫码支付","code":0,"data":"http://images.yungouos.com/merge/native/code/210320122810274615307.png"}

2021/3/20 12:31:13 # 开始下单 : 

2021/3/20 12:31:13 # 下单签名 : 2F9BC36888E1C925AE14D1F8E89465B0

2021/3/20 12:31:14 # 下单结果 : {"msg":"下单成功，请扫码支付","code":0,"data":"http://images.yungouos.com/merge/native/code/210320123113257815307.png"}

2021/3/20 12:31:27 # 开始下单 : 

2021/3/20 12:31:27 # 下单签名 : FAC0D9EFEA423ABB755C519E0B70F933

2021/3/20 12:31:27 # 下单结果 : {"msg":"下单成功，请扫码支付","code":0,"data":"http://images.yungouos.com/merge/native/code/210320123127922915307.png"}

2021/3/20 12:32:10 # 支付成功回调参数： payNo ------ 4200000940202103200014343304

2021/3/20 12:32:10 # 支付成功回调参数： code ------ 1

2021/3/20 12:32:10 # 支付成功回调参数： mchId ------ 1607191737

2021/3/20 12:32:10 # 支付成功回调参数： orderNo ------ Y12315421419366

2021/3/20 12:32:10 # 支付成功回调参数： money ------ 666.00

2021/3/20 12:32:10 # 支付成功回调参数： openId ------ o-_-itzxtIeshhe1KCKvbHYVRJXA

2021/3/20 12:32:10 # 支付成功回调参数： outTradeNo ------ 2103201231279229

2021/3/20 12:32:10 # 支付成功回调参数： sign ------ 0D8083F765AC16588DB67F101E2837CD

2021/3/20 12:32:10 # 支付成功回调参数： payChannel ------ wxpay

2021/3/20 12:32:10 # 支付成功回调参数： time ------ 2021-03-20 12:32:08

2021/3/20 12:32:10 # 支付成功回调的新签名为 : 0D8083F765AC16588DB67F101E2837CD

2021/3/20 12:32:10 # 支付成功回调签名验证通过 。

2021/3/20 21:44:19 # 开始下单 : 

2021/3/20 21:44:19 # 下单签名 : 3B4B8614BE72CC668A30F74F82D5F146

2021/3/20 21:44:20 # 下单结果 : {"msg":"下单成功，请扫码支付","code":0,"data":"http://images.yungouos.com/merge/native/code/210320214419520615307.png"}

