2021/3/19 9:39:23 # 开始下单 : 

2021/3/19 9:39:23 # 下单签名 : 23CA0E3BB54969CE34C392A56FE033FA

2021/3/19 9:39:24 # 下单结果 : {"msg":"下单成功，请扫码支付","code":0,"data":"http://images.yungouos.com/merge/native/code/210319093923705915307.png"}

2021/3/19 9:39:44 # 支付成功回调参数： payNo ------ 4200000940202103196342902408

2021/3/19 9:39:44 # 支付成功回调参数： code ------ 1

2021/3/19 9:39:44 # 支付成功回调参数： mchId ------ 1607191737

2021/3/19 9:39:44 # 支付成功回调参数： orderNo ------ Y09393877820635

2021/3/19 9:39:44 # 支付成功回调参数： money ------ 0.01

2021/3/19 9:39:44 # 支付成功回调参数： openId ------ o-_-it5yujvAgScL42UM7ZVFuH1s

2021/3/19 9:39:44 # 支付成功回调参数： outTradeNo ------ 2103190939237059

2021/3/19 9:39:44 # 支付成功回调参数： sign ------ F60C879E909E9A6D3FBB5AADC789957B

2021/3/19 9:39:44 # 支付成功回调参数： payChannel ------ wxpay

2021/3/19 9:39:44 # 支付成功回调参数： time ------ 2021-03-19 09:39:42

2021/3/19 9:39:44 # 支付成功回调的新签名为 : F60C879E909E9A6D3FBB5AADC789957B

2021/3/19 9:39:44 # 支付成功回调签名验证通过 。

2021/3/19 10:06:57 # 开始下单 : 

2021/3/19 10:06:57 # 下单签名 : FD2F4792A1048CF4C59F166F67880446

2021/3/19 10:06:58 # 下单结果 : {"msg":"下单成功，请扫码支付","code":0,"data":"http://images.yungouos.com/merge/native/code/210319100657360415307.png"}

2021/3/19 10:23:42 # 开始下单 : 

2021/3/19 10:23:42 # 下单签名 : BD5EE485DC81C48E48943A8B4E7AB920

2021/3/19 10:23:42 # 下单结果 : {"msg":"下单成功，请扫码支付","code":0,"data":"http://images.yungouos.com/merge/native/code/210319102342872715307.png"}

2021/3/19 10:28:29 # 开始下单 : 

2021/3/19 10:28:29 # 下单签名 : 49FDBE4BC78DB29887A3618C2AEFD5F8

2021/3/19 10:28:29 # 下单结果 : {"msg":"下单成功，请扫码支付","code":0,"data":"http://images.yungouos.com/merge/native/code/210319102829042615307.png"}

2021/3/19 10:28:51 # 支付成功回调参数： payNo ------ 4200000995202103192689553051

2021/3/19 10:28:51 # 支付成功回调参数： code ------ 1

2021/3/19 10:28:51 # 支付成功回调参数： mchId ------ 1607191737

2021/3/19 10:28:51 # 支付成功回调参数： orderNo ------ Y10284639922958

2021/3/19 10:28:51 # 支付成功回调参数： money ------ 0.01

2021/3/19 10:28:51 # 支付成功回调参数： openId ------ o-_-it5yujvAgScL42UM7ZVFuH1s

2021/3/19 10:28:51 # 支付成功回调参数： outTradeNo ------ 2103191028290426

2021/3/19 10:28:51 # 支付成功回调参数： sign ------ 1D0AC4715BAF7979841C04C63EDFEDA6

2021/3/19 10:28:51 # 支付成功回调参数： payChannel ------ wxpay

2021/3/19 10:28:51 # 支付成功回调参数： time ------ 2021-03-19 10:28:49

2021/3/19 10:28:51 # 支付成功回调的新签名为 : 1D0AC4715BAF7979841C04C63EDFEDA6

2021/3/19 10:28:51 # 支付成功回调签名验证通过 。

2021/3/19 10:56:45 # 开始下单 : 

2021/3/19 10:56:45 # 下单签名 : 9E70A98EE25520F8BBAFF36658D074F4

2021/3/19 10:56:46 # 下单结果 : {"msg":"下单成功，请扫码支付","code":0,"data":"http://images.yungouos.com/merge/native/code/210319105645035515307.png"}

2021/3/19 10:56:54 # 开始下单 : 

2021/3/19 10:56:54 # 下单签名 : 300D326BA20689A94AF4895B3CCCDE2A

2021/3/19 10:56:54 # 下单结果 : {"msg":"下单成功，请扫码支付","code":0,"data":"http://images.yungouos.com/merge/native/code/210319105654855215307.png"}

2021/3/19 11:01:29 # 开始下单 : 

2021/3/19 11:01:29 # 下单签名 : 29BAF5890133B547D61FD610BA8417CD

2021/3/19 11:01:29 # 下单结果 : {"msg":"下单成功，请扫码支付","code":0,"data":"http://images.yungouos.com/merge/native/code/210319110129284215307.png"}

2021/3/19 11:08:05 # 支付成功回调参数： payNo ------ 2021031922001402951422209371

2021/3/19 11:08:05 # 支付成功回调参数： code ------ 1

2021/3/19 11:08:05 # 支付成功回调参数： mchId ------ 2088110896172724

2021/3/19 11:08:05 # 支付成功回调参数： orderNo ------ Y11074064360082

2021/3/19 11:08:05 # 支付成功回调参数： money ------ 666.00

2021/3/19 11:08:05 # 支付成功回调参数： outTradeNo ------ 2103191101292842

2021/3/19 11:08:05 # 支付成功回调参数： sign ------ 5C7B1883B913A27DA48F6D441782E250

2021/3/19 11:08:05 # 支付成功回调参数： payChannel ------ alipay

2021/3/19 11:08:05 # 支付成功回调参数： time ------ 2021-03-19 11:08:00

2021/3/19 11:08:05 # 支付成功回调的新签名为 : 5C7B1883B913A27DA48F6D441782E250

2021/3/19 11:08:05 # 支付成功回调签名验证通过 。

2021/3/19 11:45:21 # 开始下单 : 

2021/3/19 11:45:21 # 下单签名 : B53433CF42FAF826CE352DD8D543EEA2

2021/3/19 11:45:22 # 下单结果 : {"msg":"下单成功，请扫码支付","code":0,"data":"http://images.yungouos.com/merge/native/code/210319114521246815307.png"}

2021/3/19 13:47:46 # 开始下单 : 

2021/3/19 13:47:47 # 下单签名 : DACFEFF246B4486F89BC48227214AA79

2021/3/19 13:47:47 # 下单结果 : {"msg":"下单成功，请扫码支付","code":0,"data":"http://images.yungouos.com/merge/native/code/210319134746330715307.png"}

2021/3/19 13:48:25 # 支付成功回调参数： payNo ------ 4200000999202103192705846534

2021/3/19 13:48:25 # 支付成功回调参数： code ------ 1

2021/3/19 13:48:25 # 支付成功回调参数： mchId ------ 1607191737

2021/3/19 13:48:25 # 支付成功回调参数： orderNo ------ Y13480316935995

2021/3/19 13:48:25 # 支付成功回调参数： money ------ 666.00

2021/3/19 13:48:25 # 支付成功回调参数： openId ------ o-_-it1DAzTyrfyTB4dTHOZ3xdvc

2021/3/19 13:48:25 # 支付成功回调参数： outTradeNo ------ 2103191347463307

2021/3/19 13:48:25 # 支付成功回调参数： sign ------ D54815F044C17C3B2B2155D86C2DA613

2021/3/19 13:48:25 # 支付成功回调参数： payChannel ------ wxpay

2021/3/19 13:48:25 # 支付成功回调参数： time ------ 2021-03-19 13:48:24

2021/3/19 13:48:25 # 支付成功回调的新签名为 : D54815F044C17C3B2B2155D86C2DA613

2021/3/19 13:48:25 # 支付成功回调签名验证通过 。

2021/3/19 17:54:44 # 开始下单 : 

2021/3/19 17:54:44 # 下单签名 : 9AEA5BCBC95699555498163FCA089402

2021/3/19 17:54:44 # 下单结果 : {"msg":"下单成功，请扫码支付","code":0,"data":"http://images.yungouos.com/merge/native/code/210319175444026915307.png"}

2021/3/19 21:18:46 # 开始下单 : 

2021/3/19 21:18:46 # 下单签名 : 3E0C9F961B5147B8C875ED2CFB6783AA

2021/3/19 21:18:47 # 下单结果 : {"msg":"下单成功，请扫码支付","code":0,"data":"http://images.yungouos.com/merge/native/code/210319211846276515307.png"}

2021/3/19 21:19:49 # 支付成功回调参数： payNo ------ 4200000990202103198600755161

2021/3/19 21:19:49 # 支付成功回调参数： code ------ 1

2021/3/19 21:19:49 # 支付成功回调参数： mchId ------ 1607191737

2021/3/19 21:19:49 # 支付成功回调参数： orderNo ------ Y21193219252157

2021/3/19 21:19:49 # 支付成功回调参数： money ------ 666.00

2021/3/19 21:19:49 # 支付成功回调参数： openId ------ o-_-it0Ie8c3OnZtVMS9LmO5V_ek

2021/3/19 21:19:49 # 支付成功回调参数： outTradeNo ------ 2103192118462765

2021/3/19 21:19:49 # 支付成功回调参数： sign ------ 95FAC3426D121E65C79CF389D66D38B0

2021/3/19 21:19:49 # 支付成功回调参数： payChannel ------ wxpay

2021/3/19 21:19:49 # 支付成功回调参数： time ------ 2021-03-19 21:19:46

2021/3/19 21:19:49 # 支付成功回调的新签名为 : 95FAC3426D121E65C79CF389D66D38B0

2021/3/19 21:19:49 # 支付成功回调签名验证通过 。

