2021/3/28 1:25:06 # 请求在此上下文中不可用
   在 System.Web.UI.Page.get_Request()
   在 Whir.ezEIP.Web.SysManagePageBase.IsHadLogin()
   在 UEditorHandler.ProcessRequest(HttpContext context) 位置 c:\wwwroot\WebSite\Editor\ueditor\net\controller.ashx:行号 14
   在 System.Web.HttpApplication.CallHandlerExecutionStep.System.Web.HttpApplication.IExecutionStep.Execute()
   在 System.Web.HttpApplication.ExecuteStepImpl(IExecutionStep step)
   在 System.Web.HttpApplication.ExecuteStep(IExecutionStep step, Boolean& completedSynchronously)

2021/3/28 1:56:59 # 开始下单 : 

2021/3/28 1:56:59 # 下单签名 : 24F0DDF6AAF7D6946169B35095F5D932

2021/3/28 1:56:59 # 下单结果 : {"msg":"下单成功，请扫码支付","code":0,"data":"http://images.yungouos.com/merge/native/code/210328015659043715307.png"}

2021/3/28 1:57:20 # 开始下单 : 

2021/3/28 1:57:20 # 下单签名 : E51D540B6F7C2B647F3B5D3B27650212

2021/3/28 1:57:21 # 下单结果 : {"msg":"下单成功，请扫码支付","code":0,"data":"http://images.yungouos.com/merge/native/code/210328015720881415307.png"}

2021/3/28 1:59:41 # 开始下单 : 

2021/3/28 1:59:41 # 下单签名 : 21924F770AC5509335DF7A50FF911D36

2021/3/28 1:59:42 # 下单结果 : {"msg":"下单成功，请扫码支付","code":0,"data":"http://images.yungouos.com/merge/native/code/210328015941679515307.png"}

2021/3/28 2:00:02 # 支付成功回调参数： payNo ------ 4200000981202103286091475635

2021/3/28 2:00:02 # 支付成功回调参数： code ------ 1

2021/3/28 2:00:02 # 支付成功回调参数： mchId ------ 1607191737

2021/3/28 2:00:02 # 支付成功回调参数： orderNo ------ Y01585887812429

2021/3/28 2:00:02 # 支付成功回调参数： money ------ 1688.00

2021/3/28 2:00:02 # 支付成功回调参数： openId ------ o-_-it31dDQHfNQhoEumPF_wo_qw

2021/3/28 2:00:02 # 支付成功回调参数： outTradeNo ------ 2103280157208814

2021/3/28 2:00:02 # 支付成功回调参数： sign ------ 0B5AC4472A6B9FC2644FF6D0ECAAD361

2021/3/28 2:00:02 # 支付成功回调参数： payChannel ------ wxpay

2021/3/28 2:00:02 # 支付成功回调参数： time ------ 2021-03-28 02:00:00

2021/3/28 2:00:02 # 支付成功回调的新签名为 : 0B5AC4472A6B9FC2644FF6D0ECAAD361

2021/3/28 2:00:02 # 支付成功回调签名验证通过 。

2021/3/28 14:44:06 # 开始下单 : 

2021/3/28 14:44:06 # 下单签名 : B62DB844101FD9A87B7BAE122259CFBD

2021/3/28 14:44:07 # 下单结果 : {"msg":"下单成功，请扫码支付","code":0,"data":"http://images.yungouos.com/merge/native/code/210328144406095715307.png"}

2021/3/28 14:51:02 # 开始下单 : 

2021/3/28 14:51:02 # 下单签名 : F1F626192706B0764AEA7337A93A2B8F

2021/3/28 14:51:03 # 下单结果 : {"msg":"下单成功，请扫码支付","code":0,"data":"http://images.yungouos.com/merge/native/code/210328145102251215307.png"}

2021/3/28 14:54:41 # 开始下单 : 

2021/3/28 14:54:41 # 下单签名 : 285D6531D0805DAB2A74DC5D96165E33

2021/3/28 14:54:42 # 下单结果 : {"msg":"下单成功，请扫码支付","code":0,"data":"http://images.yungouos.com/merge/native/code/210328145441592215307.png"}

2021/3/28 16:44:06 # 开始下单 : 

2021/3/28 16:44:06 # 下单签名 : 5EC9809ED928C7324B757EBD77602FA2

2021/3/28 16:44:07 # 下单结果 : {"msg":"下单成功，请扫码支付","code":0,"data":"http://images.yungouos.com/merge/native/code/210328164406029615307.png"}

2021/3/28 17:16:47 # 开始下单 : 

2021/3/28 17:16:47 # 下单签名 : 831264AE06C0F5DFB52E15C102333654

2021/3/28 17:16:48 # 下单结果 : {"msg":"下单成功，请扫码支付","code":0,"data":"http://images.yungouos.com/merge/native/code/210328171647110915307.png"}

2021/3/28 17:17:14 # 支付成功回调参数： payNo ------ 2021032822001480081434980510

2021/3/28 17:17:14 # 支付成功回调参数： code ------ 1

2021/3/28 17:17:14 # 支付成功回调参数： mchId ------ 2088110896172724

2021/3/28 17:17:14 # 支付成功回调参数： orderNo ------ Y17170628753015

2021/3/28 17:17:14 # 支付成功回调参数： money ------ 666.00

2021/3/28 17:17:14 # 支付成功回调参数： outTradeNo ------ 2103281716471109

2021/3/28 17:17:14 # 支付成功回调参数： sign ------ 03D295283F936E3A977FAECD21AA66C8

2021/3/28 17:17:14 # 支付成功回调参数： payChannel ------ alipay

2021/3/28 17:17:14 # 支付成功回调参数： time ------ 2021-03-28 17:17:12

2021/3/28 17:17:14 # 支付成功回调的新签名为 : 03D295283F936E3A977FAECD21AA66C8

2021/3/28 17:17:14 # 支付成功回调签名验证通过 。

2021/3/28 17:31:34 # 开始下单 : 

2021/3/28 17:31:34 # 下单签名 : 013DC307EBFF02633626816C92729A19

2021/3/28 17:31:35 # 下单结果 : {"msg":"下单成功，请扫码支付","code":0,"data":"http://images.yungouos.com/merge/native/code/210328173134081215307.png"}

2021/3/28 17:46:18 # 开始下单 : 

2021/3/28 17:46:18 # 下单签名 : CF220F48616EE3A0D8BE4D63E1FA8EB0

2021/3/28 17:46:19 # 下单结果 : {"msg":"下单成功，请扫码支付","code":0,"data":"http://images.yungouos.com/merge/native/code/210328174618027615307.png"}

2021/3/28 17:48:19 # 开始下单 : 

2021/3/28 17:48:19 # 下单签名 : EB11BD8ECAAA79938D4E9070A56911BB

2021/3/28 17:48:19 # 下单结果 : {"msg":"下单成功，请扫码支付","code":0,"data":"http://images.yungouos.com/merge/native/code/210328174819126015307.png"}

2021/3/28 17:48:43 # 支付成功回调参数： payNo ------ 4200000990202103289663771758

2021/3/28 17:48:43 # 支付成功回调参数： code ------ 1

2021/3/28 17:48:43 # 支付成功回调参数： mchId ------ 1607191737

2021/3/28 17:48:43 # 支付成功回调参数： orderNo ------ Y17483014571271

2021/3/28 17:48:43 # 支付成功回调参数： money ------ 666.00

2021/3/28 17:48:43 # 支付成功回调参数： openId ------ o-_-ityDy-mrGYVYZnCX6S_YWf0I

2021/3/28 17:48:43 # 支付成功回调参数： outTradeNo ------ 2103281748191260

2021/3/28 17:48:43 # 支付成功回调参数： sign ------ 2B514AFB0850CFBFAEF802840932AAE6

2021/3/28 17:48:43 # 支付成功回调参数： payChannel ------ wxpay

2021/3/28 17:48:43 # 支付成功回调参数： time ------ 2021-03-28 17:48:41

2021/3/28 17:48:43 # 支付成功回调的新签名为 : 2B514AFB0850CFBFAEF802840932AAE6

2021/3/28 17:48:43 # 支付成功回调签名验证通过 。

2021/3/28 18:19:44 # 开始下单 : 

2021/3/28 18:19:44 # 下单签名 : 1896561DB8073C3B6BB989D398C48117

2021/3/28 18:19:44 # 下单结果 : {"msg":"下单成功，请扫码支付","code":0,"data":"http://images.yungouos.com/merge/native/code/210328181944930915307.png"}

2021/3/28 18:20:08 # 支付成功回调参数： payNo ------ 2021032822001450121434003638

2021/3/28 18:20:08 # 支付成功回调参数： code ------ 1

2021/3/28 18:20:08 # 支付成功回调参数： mchId ------ 2088110896172724

2021/3/28 18:20:08 # 支付成功回调参数： orderNo ------ Y18195314330564

2021/3/28 18:20:08 # 支付成功回调参数： money ------ 666.00

2021/3/28 18:20:08 # 支付成功回调参数： outTradeNo ------ 2103281819449309

2021/3/28 18:20:08 # 支付成功回调参数： sign ------ 8EED40820614A59B559D5B109E771785

2021/3/28 18:20:08 # 支付成功回调参数： payChannel ------ alipay

2021/3/28 18:20:08 # 支付成功回调参数： time ------ 2021-03-28 18:20:05

2021/3/28 18:20:08 # 支付成功回调的新签名为 : 8EED40820614A59B559D5B109E771785

2021/3/28 18:20:08 # 支付成功回调签名验证通过 。

2021/3/28 18:23:15 # 开始下单 : 

2021/3/28 18:23:15 # 下单签名 : B13C827DA556FF1C7519D7CAED382F13

2021/3/28 18:23:15 # 下单结果 : {"msg":"下单成功，请扫码支付","code":0,"data":"http://images.yungouos.com/merge/native/code/210328182315566715307.png"}

2021/3/28 18:42:44 # 开始下单 : 

2021/3/28 18:42:44 # 下单签名 : F0EBD7687D53D8B9FF37F259FF76497B

2021/3/28 18:42:45 # 下单结果 : {"msg":"下单成功，请扫码支付","code":0,"data":"http://images.yungouos.com/merge/native/code/210328184244129715307.png"}

2021/3/28 18:42:52 # 开始下单 : 

2021/3/28 18:42:52 # 下单签名 : EB29B4ED7ABC9E58AA514428C0D20CA5

2021/3/28 18:42:52 # 下单结果 : {"msg":"下单成功，请扫码支付","code":0,"data":"http://images.yungouos.com/merge/native/code/210328184252657215307.png"}

2021/3/28 18:54:03 # 开始下单 : 

2021/3/28 18:54:03 # 下单签名 : 52A5FFE97950B972C695DD6A5B745599

2021/3/28 18:54:04 # 下单结果 : {"msg":"下单成功，请扫码支付","code":0,"data":"http://images.yungouos.com/merge/native/code/210328185403056215307.png"}

2021/3/28 18:54:30 # 支付成功回调参数： payNo ------ 2021032822001424671417762960

2021/3/28 18:54:30 # 支付成功回调参数： code ------ 1

2021/3/28 18:54:30 # 支付成功回调参数： mchId ------ 2088110896172724

2021/3/28 18:54:30 # 支付成功回调参数： orderNo ------ Y18541772255229

2021/3/28 18:54:30 # 支付成功回调参数： money ------ 666.00

2021/3/28 18:54:30 # 支付成功回调参数： outTradeNo ------ 2103281854030562

2021/3/28 18:54:30 # 支付成功回调参数： sign ------ 65ABE0A90DCBAA4EF49D8033F7153F8D

2021/3/28 18:54:30 # 支付成功回调参数： payChannel ------ alipay

2021/3/28 18:54:30 # 支付成功回调参数： time ------ 2021-03-28 18:54:26

2021/3/28 18:54:30 # 支付成功回调的新签名为 : 65ABE0A90DCBAA4EF49D8033F7153F8D

2021/3/28 18:54:30 # 支付成功回调签名验证通过 。

2021/3/28 19:05:06 # 开始下单 : 

2021/3/28 19:05:06 # 下单签名 : C7863954E5581FDA14E30F303D018A84

2021/3/28 19:05:07 # 下单结果 : {"msg":"下单成功，请扫码支付","code":0,"data":"http://images.yungouos.com/merge/native/code/210328190506584615307.png"}

2021/3/28 19:05:30 # 支付成功回调参数： payNo ------ 4200000985202103285553305303

2021/3/28 19:05:30 # 支付成功回调参数： code ------ 1

2021/3/28 19:05:30 # 支付成功回调参数： mchId ------ 1607191737

2021/3/28 19:05:30 # 支付成功回调参数： orderNo ------ Y19052355448668

2021/3/28 19:05:30 # 支付成功回调参数： money ------ 666.00

2021/3/28 19:05:30 # 支付成功回调参数： openId ------ o-_-it-KmfqnTRURXXMkeYucWPWg

2021/3/28 19:05:30 # 支付成功回调参数： outTradeNo ------ 2103281905065846

2021/3/28 19:05:30 # 支付成功回调参数： sign ------ 5E19DF308433E8E93EA56897EFBCD599

2021/3/28 19:05:30 # 支付成功回调参数： payChannel ------ wxpay

2021/3/28 19:05:30 # 支付成功回调参数： time ------ 2021-03-28 19:05:29

2021/3/28 19:05:30 # 支付成功回调的新签名为 : 5E19DF308433E8E93EA56897EFBCD599

2021/3/28 19:05:30 # 支付成功回调签名验证通过 。

2021/3/28 19:06:05 # 开始下单 : 

2021/3/28 19:06:05 # 下单签名 : 1B0B2B74FF2C13855F9E27697A2D3153

2021/3/28 19:06:05 # 下单结果 : {"msg":"下单成功，请扫码支付","code":0,"data":"http://images.yungouos.com/merge/native/code/210328190605235015307.png"}

2021/3/28 19:32:35 # 开始下单 : 

2021/3/28 19:32:35 # 下单签名 : D1EC25C2276C2CA87E8061C6AB39EE71

2021/3/28 19:32:35 # 下单结果 : {"msg":"下单成功，请扫码支付","code":0,"data":"http://images.yungouos.com/merge/native/code/210328193235163515307.png"}

2021/3/28 19:33:10 # 支付成功回调参数： payNo ------ 4200000980202103283757388803

2021/3/28 19:33:10 # 支付成功回调参数： code ------ 1

2021/3/28 19:33:10 # 支付成功回调参数： mchId ------ 1607191737

2021/3/28 19:33:10 # 支付成功回调参数： orderNo ------ Y19324661129493

2021/3/28 19:33:10 # 支付成功回调参数： money ------ 666.00

2021/3/28 19:33:10 # 支付成功回调参数： openId ------ o-_-it8kkbGvuIDGnwDdBBuQl_MM

2021/3/28 19:33:10 # 支付成功回调参数： outTradeNo ------ 2103281932351635

2021/3/28 19:33:10 # 支付成功回调参数： sign ------ 50B79F6174FDFDD7663225ECF609E180

2021/3/28 19:33:10 # 支付成功回调参数： payChannel ------ wxpay

2021/3/28 19:33:10 # 支付成功回调参数： time ------ 2021-03-28 19:33:09

2021/3/28 19:33:10 # 支付成功回调的新签名为 : 50B79F6174FDFDD7663225ECF609E180

2021/3/28 19:33:10 # 支付成功回调签名验证通过 。

2021/3/28 20:08:50 # 开始下单 : 

2021/3/28 20:08:50 # 下单签名 : 218E41B4CA767C7BDC5B92D7EDECFD4B

2021/3/28 20:08:51 # 下单结果 : {"msg":"下单成功，请扫码支付","code":0,"data":"http://images.yungouos.com/merge/native/code/210328200850063415307.png"}

2021/3/28 20:09:52 # 支付成功回调参数： payNo ------ 4200000991202103285175422807

2021/3/28 20:09:52 # 支付成功回调参数： code ------ 1

2021/3/28 20:09:52 # 支付成功回调参数： mchId ------ 1607191737

2021/3/28 20:09:52 # 支付成功回调参数： orderNo ------ Y20092685470730

2021/3/28 20:09:52 # 支付成功回调参数： money ------ 1688.00

2021/3/28 20:09:52 # 支付成功回调参数： openId ------ o-_-it6s4MkdPZdnLsxWBxhsf3ZQ

2021/3/28 20:09:52 # 支付成功回调参数： outTradeNo ------ 2103282008500634

2021/3/28 20:09:52 # 支付成功回调参数： sign ------ 5C0B54DB183389D426F78FFDCF1C39F7

2021/3/28 20:09:52 # 支付成功回调参数： payChannel ------ wxpay

2021/3/28 20:09:52 # 支付成功回调参数： time ------ 2021-03-28 20:09:51

2021/3/28 20:09:52 # 支付成功回调的新签名为 : 5C0B54DB183389D426F78FFDCF1C39F7

2021/3/28 20:09:52 # 支付成功回调签名验证通过 。

2021/3/28 20:10:09 # 开始下单 : 

2021/3/28 20:10:09 # 下单签名 : C1D2493129F616C70E727D9EF4DC1721

2021/3/28 20:10:10 # 下单结果 : {"msg":"下单成功，请扫码支付","code":0,"data":"http://images.yungouos.com/merge/native/code/210328201009145915307.png"}

2021/3/28 20:21:30 # 开始下单 : 

2021/3/28 20:21:30 # 下单签名 : 33D03AD71D6435A3C222CF1D6D3DABC1

2021/3/28 20:21:31 # 下单结果 : {"msg":"下单成功，请扫码支付","code":0,"data":"http://images.yungouos.com/merge/native/code/210328202130753515307.png"}

2021/3/28 20:22:26 # 支付成功回调参数： payNo ------ 4200000991202103281374081199

2021/3/28 20:22:26 # 支付成功回调参数： code ------ 1

2021/3/28 20:22:26 # 支付成功回调参数： mchId ------ 1607191737

2021/3/28 20:22:26 # 支付成功回调参数： orderNo ------ Y20220817730507

2021/3/28 20:22:26 # 支付成功回调参数： money ------ 666.00

2021/3/28 20:22:26 # 支付成功回调参数： openId ------ o-_-it4g38kN4dBjMpD58oFPWl3s

2021/3/28 20:22:26 # 支付成功回调参数： outTradeNo ------ 2103282021307535

2021/3/28 20:22:26 # 支付成功回调参数： sign ------ B14B58BF5D69700948CFC77A3AB3EBE2

2021/3/28 20:22:26 # 支付成功回调参数： payChannel ------ wxpay

2021/3/28 20:22:26 # 支付成功回调参数： time ------ 2021-03-28 20:22:25

2021/3/28 20:22:26 # 支付成功回调的新签名为 : B14B58BF5D69700948CFC77A3AB3EBE2

2021/3/28 20:22:26 # 支付成功回调签名验证通过 。

2021/3/28 20:51:37 # 开始下单 : 

2021/3/28 20:51:37 # 下单签名 : 6092A70B128816BD61CD696E9EFD771C

2021/3/28 20:51:38 # 下单结果 : {"msg":"下单成功，请扫码支付","code":0,"data":"http://images.yungouos.com/merge/native/code/210328205137239815307.png"}

2021/3/28 20:52:05 # 支付成功回调参数： payNo ------ 4200000987202103285711909871

2021/3/28 20:52:05 # 支付成功回调参数： code ------ 1

2021/3/28 20:52:05 # 支付成功回调参数： mchId ------ 1607191737

2021/3/28 20:52:05 # 支付成功回调参数： orderNo ------ Y20515184495598

2021/3/28 20:52:05 # 支付成功回调参数： money ------ 666.00

2021/3/28 20:52:05 # 支付成功回调参数： openId ------ o-_-it61dg9lHByLs6d254YKox8Q

2021/3/28 20:52:05 # 支付成功回调参数： outTradeNo ------ 2103282051372398

2021/3/28 20:52:05 # 支付成功回调参数： sign ------ 7212DE0E86A4150F6BEBF2D57D1D4358

2021/3/28 20:52:05 # 支付成功回调参数： payChannel ------ wxpay

2021/3/28 20:52:05 # 支付成功回调参数： time ------ 2021-03-28 20:52:04

2021/3/28 20:52:05 # 支付成功回调的新签名为 : 7212DE0E86A4150F6BEBF2D57D1D4358

2021/3/28 20:52:05 # 支付成功回调签名验证通过 。

2021/3/28 21:02:21 # 开始下单 : 

2021/3/28 21:02:21 # 下单签名 : 19B6452F5178A6DB0BAAEAE28F371B47

2021/3/28 21:02:22 # 下单结果 : {"msg":"下单成功，请扫码支付","code":0,"data":"http://images.yungouos.com/merge/native/code/210328210221778815307.png"}

2021/3/28 21:03:19 # 支付成功回调参数： payNo ------ 2021032822001481991441047199

2021/3/28 21:03:19 # 支付成功回调参数： code ------ 1

2021/3/28 21:03:19 # 支付成功回调参数： mchId ------ 2088110896172724

2021/3/28 21:03:19 # 支付成功回调参数： orderNo ------ Y21025454502505

2021/3/28 21:03:19 # 支付成功回调参数： money ------ 666.00

2021/3/28 21:03:19 # 支付成功回调参数： outTradeNo ------ 2103282102217788

2021/3/28 21:03:19 # 支付成功回调参数： sign ------ 86A3B4AC637334EC3ABC5DB63FCA78DA

2021/3/28 21:03:19 # 支付成功回调参数： payChannel ------ alipay

2021/3/28 21:03:19 # 支付成功回调参数： time ------ 2021-03-28 21:03:16

2021/3/28 21:03:19 # 支付成功回调的新签名为 : 86A3B4AC637334EC3ABC5DB63FCA78DA

2021/3/28 21:03:19 # 支付成功回调签名验证通过 。

2021/3/28 21:09:39 # 开始下单 : 

2021/3/28 21:09:39 # 下单签名 : 13BC369E099622A74561F616BECA21C4

2021/3/28 21:09:40 # 下单结果 : {"msg":"下单成功，请扫码支付","code":0,"data":"http://images.yungouos.com/merge/native/code/210328210939703815307.png"}

2021/3/28 21:10:18 # 支付成功回调参数： payNo ------ 2021032822001494311417563106

2021/3/28 21:10:18 # 支付成功回调参数： code ------ 1

2021/3/28 21:10:18 # 支付成功回调参数： mchId ------ 2088110896172724

2021/3/28 21:10:18 # 支付成功回调参数： orderNo ------ Y21095469674604

2021/3/28 21:10:18 # 支付成功回调参数： money ------ 666.00

2021/3/28 21:10:18 # 支付成功回调参数： outTradeNo ------ 2103282109397038

2021/3/28 21:10:18 # 支付成功回调参数： sign ------ A5F25B5F313B3E50350A73732CA99EFB

2021/3/28 21:10:18 # 支付成功回调参数： payChannel ------ alipay

2021/3/28 21:10:18 # 支付成功回调参数： time ------ 2021-03-28 21:10:16

2021/3/28 21:10:18 # 支付成功回调的新签名为 : A5F25B5F313B3E50350A73732CA99EFB

2021/3/28 21:10:18 # 支付成功回调签名验证通过 。

2021/3/28 21:21:00 # 开始下单 : 

2021/3/28 21:21:00 # 下单签名 : E33AFF42802B6BADD5A1FD807926C9D4

2021/3/28 21:21:01 # 下单结果 : {"msg":"下单成功，请扫码支付","code":0,"data":"http://images.yungouos.com/merge/native/code/210328212100675115307.png"}

2021/3/28 22:54:10 # 开始下单 : 

2021/3/28 22:54:10 # 下单签名 : 90206A5AE0748C0785ABBB04B8FD3FB4

2021/3/28 22:54:11 # 下单结果 : {"msg":"下单成功，请扫码支付","code":0,"data":"http://images.yungouos.com/merge/native/code/210328225410371015307.png"}

2021/3/28 22:54:47 # 支付成功回调参数： payNo ------ 4200000983202103289801432802

2021/3/28 22:54:47 # 支付成功回调参数： code ------ 1

2021/3/28 22:54:47 # 支付成功回调参数： mchId ------ 1607191737

2021/3/28 22:54:47 # 支付成功回调参数： orderNo ------ Y22542520028548

2021/3/28 22:54:47 # 支付成功回调参数： money ------ 666.00

2021/3/28 22:54:47 # 支付成功回调参数： openId ------ o-_-it1azz9x4-sSS0Q7CO1mSN5k

2021/3/28 22:54:47 # 支付成功回调参数： outTradeNo ------ 2103282254103710

2021/3/28 22:54:47 # 支付成功回调参数： sign ------ AF2E6777BAF6B89E93B036B4E09CC570

2021/3/28 22:54:47 # 支付成功回调参数： payChannel ------ wxpay

2021/3/28 22:54:47 # 支付成功回调参数： time ------ 2021-03-28 22:54:45

2021/3/28 22:54:47 # 支付成功回调的新签名为 : AF2E6777BAF6B89E93B036B4E09CC570

2021/3/28 22:54:47 # 支付成功回调签名验证通过 。

2021/3/28 23:56:33 # 开始下单 : 

2021/3/28 23:56:33 # 下单签名 : 20FB3A7600F605E542EE77A9F90ED005

2021/3/28 23:56:33 # 下单结果 : {"msg":"下单成功，请扫码支付","code":0,"data":"http://images.yungouos.com/merge/native/code/210328235633949915307.png"}

2021/3/28 23:57:41 # 支付成功回调参数： payNo ------ 4200000983202103283785824408

2021/3/28 23:57:41 # 支付成功回调参数： code ------ 1

2021/3/28 23:57:41 # 支付成功回调参数： mchId ------ 1607191737

2021/3/28 23:57:41 # 支付成功回调参数： orderNo ------ Y23572052452521

2021/3/28 23:57:41 # 支付成功回调参数： money ------ 666.00

2021/3/28 23:57:41 # 支付成功回调参数： openId ------ o-_-it6TeF1vYIHkbzX-HClrOUxc

2021/3/28 23:57:41 # 支付成功回调参数： outTradeNo ------ 2103282356339499

2021/3/28 23:57:41 # 支付成功回调参数： sign ------ 827B66D4DF9FBFB94754C2842F0461BC

2021/3/28 23:57:41 # 支付成功回调参数： payChannel ------ wxpay

2021/3/28 23:57:41 # 支付成功回调参数： time ------ 2021-03-28 23:57:40

2021/3/28 23:57:41 # 支付成功回调的新签名为 : 827B66D4DF9FBFB94754C2842F0461BC

2021/3/28 23:57:41 # 支付成功回调签名验证通过 。

