2021/3/18 14:52:48 # 开始下单 : 

2021/3/18 14:52:48 # 下单签名 : C7BE125F9C7B3F6BB827BB4C53D561C9

2021/3/18 14:52:49 # 下单结果 : {"msg":"下单成功，请扫码支付","code":0,"data":"http://images.yungouos.com/merge/native/code/210318145248990815307.png"}

2021/3/18 14:55:02 # 支付成功回调参数： payNo ------ 2021031822001494881434159108

2021/3/18 14:55:02 # 支付成功回调参数： code ------ 1

2021/3/18 14:55:02 # 支付成功回调参数： mchId ------ 2088110896172724

2021/3/18 14:55:02 # 支付成功回调参数： orderNo ------ Y14545449145364

2021/3/18 14:55:02 # 支付成功回调参数： money ------ 666.00

2021/3/18 14:55:02 # 支付成功回调参数： outTradeNo ------ 2103181452489908

2021/3/18 14:55:02 # 支付成功回调参数： sign ------ B10216F400ABBF04E628D851861A92FD

2021/3/18 14:55:02 # 支付成功回调参数： payChannel ------ alipay

2021/3/18 14:55:02 # 支付成功回调参数： time ------ 2021-03-18 14:55:00

2021/3/18 14:55:02 # 支付成功回调的新签名为 : B10216F400ABBF04E628D851861A92FD

2021/3/18 14:55:02 # 支付成功回调签名验证通过 。

2021/3/18 14:55:23 # 开始下单 : 

2021/3/18 14:55:23 # 下单签名 : C709FEA2F940079B24D5E0A247D627E4

2021/3/18 14:55:24 # 下单结果 : {"msg":"下单成功，请扫码支付","code":0,"data":"http://images.yungouos.com/merge/native/code/210318145523500315307.png"}

2021/3/18 14:55:26 # 开始下单 : 

2021/3/18 14:55:26 # 下单签名 : B280063278F6B101B0556D754F1A2F00

2021/3/18 14:55:26 # 下单结果 : {"msg":"下单成功，请扫码支付","code":0,"data":"http://images.yungouos.com/merge/native/code/210318145526771315307.png"}

2021/3/18 14:55:58 # 开始下单 : 

2021/3/18 14:55:58 # 下单签名 : 8205CB2D62D32E7B650203543A4C34EA

2021/3/18 14:55:58 # 下单结果 : {"msg":"下单成功，请扫码支付","code":0,"data":"http://images.yungouos.com/merge/native/code/210318145558780115307.png"}

2021/3/18 14:56:03 # 开始下单 : 

2021/3/18 14:56:03 # 下单签名 : 8196450F03A25812B56A6768CE8EB687

2021/3/18 14:56:04 # 下单结果 : {"msg":"下单成功，请扫码支付","code":0,"data":"http://images.yungouos.com/merge/native/code/210318145603709915307.png"}

2021/3/18 15:31:21 # 开始下单 : 

2021/3/18 15:31:21 # 下单签名 : 261E6B1030238450BEBCAD8AC212560C

2021/3/18 15:31:22 # 下单结果 : {"msg":"下单成功，请扫码支付","code":0,"data":"http://images.yungouos.com/merge/native/code/210318153121242215307.png"}

2021/3/18 15:32:28 # 支付成功回调参数： payNo ------ 4200000984202103185304186307

2021/3/18 15:32:28 # 支付成功回调参数： code ------ 1

2021/3/18 15:32:28 # 支付成功回调参数： mchId ------ 1607191737

2021/3/18 15:32:28 # 支付成功回调参数： orderNo ------ Y15320359574027

2021/3/18 15:32:28 # 支付成功回调参数： money ------ 1688.00

2021/3/18 15:32:28 # 支付成功回调参数： openId ------ o-_-itySxnAdjv438Ra7OM4Ejj-U

2021/3/18 15:32:28 # 支付成功回调参数： outTradeNo ------ 2103181531212422

2021/3/18 15:32:28 # 支付成功回调参数： sign ------ 6C8947AA4C40EAB210EFE323BAA89171

2021/3/18 15:32:28 # 支付成功回调参数： payChannel ------ wxpay

2021/3/18 15:32:28 # 支付成功回调参数： time ------ 2021-03-18 15:32:27

2021/3/18 15:32:28 # 支付成功回调的新签名为 : 6C8947AA4C40EAB210EFE323BAA89171

2021/3/18 15:32:28 # 支付成功回调签名验证通过 。

2021/3/18 16:29:06 # 开始下单 : 

2021/3/18 16:29:06 # 下单签名 : 262EBB6D4FCA9241DE27E8EF48F597E3

2021/3/18 16:29:07 # 下单结果 : {"msg":"下单成功，请扫码支付","code":0,"data":"http://images.yungouos.com/merge/native/code/210318162906467315307.png"}

