2021/3/11 0:12:20 # 支付成功回调 : 18

2021/3/11 0:22:54 # 支付成功回调 : 24

2021/3/11 0:42:28 # 支付成功回调 : 18

2021/3/11 0:52:16 # 支付成功回调 : 26

2021/3/11 0:53:02 # 支付成功回调 : 24

2021/3/11 0:56:48 # 支付成功回调 : 27

2021/3/11 1:22:25 # 支付成功回调 : 26

2021/3/11 1:27:00 # 支付成功回调 : 27

2021/3/11 3:12:21 # 支付成功回调 : 18

2021/3/11 3:22:55 # 支付成功回调 : 24

2021/3/11 3:42:29 # 支付成功回调 : 18

2021/3/11 3:52:22 # 支付成功回调 : 26

2021/3/11 3:53:03 # 支付成功回调 : 24

2021/3/11 3:56:49 # 支付成功回调 : 27

2021/3/11 4:22:26 # 支付成功回调 : 26

2021/3/11 4:26:57 # 支付成功回调 : 27

2021/3/11 6:12:22 # 支付成功回调 : 18

2021/3/11 6:22:56 # 支付成功回调 : 24

2021/3/11 6:42:30 # 支付成功回调 : 18

2021/3/11 6:52:18 # 支付成功回调 : 26

2021/3/11 6:53:04 # 支付成功回调 : 24

2021/3/11 6:56:50 # 支付成功回调 : 27

2021/3/11 7:22:26 # 支付成功回调 : 26

2021/3/11 7:26:58 # 支付成功回调 : 27

2021/3/11 8:34:49 # 开始下单 : 

2021/3/11 8:34:50 # 下单结果 : {"msg":"下单成功，请扫码支付","code":0,"data":"http://images.yungouos.com/merge/native/code/210311083449883815307.png"}

2021/3/11 8:34:57 # 开始下单 : 

2021/3/11 8:34:57 # 下单结果 : {"msg":"下单成功，请扫码支付","code":0,"data":"http://images.yungouos.com/merge/native/code/210311083457636815307.png"}

2021/3/11 8:35:11 # 开始下单 : 

2021/3/11 8:35:11 # 下单结果 : {"msg":"下单成功，请扫码支付","code":0,"data":"http://images.yungouos.com/merge/native/code/210311083511897415307.png"}

2021/3/11 8:36:45 # 开始下单 : 

2021/3/11 8:36:46 # 下单结果 : {"msg":"下单成功，请扫码支付","code":0,"data":"http://images.yungouos.com/merge/native/code/210311083645779015307.png"}

2021/3/11 9:32:00 # 开始下单 : 

2021/3/11 9:32:01 # 下单结果 : {"msg":"下单成功，请扫码支付","code":0,"data":"http://images.yungouos.com/merge/native/code/210311093200473115307.png"}

2021/3/11 9:32:16 # 支付成功回调接受参数 : payNo-----4200000941202103118112331280

2021/3/11 9:32:16 # 支付成功回调接受参数 : code-----1

2021/3/11 9:32:16 # 支付成功回调接受参数 : mchId-----1607191737

2021/3/11 9:32:16 # 支付成功回调接受参数 : orderNo-----Y09321091087476

2021/3/11 9:32:16 # 支付成功回调接受参数 : money-----0.01

2021/3/11 9:32:16 # 支付成功回调接受参数 : openId-----o-_-it5VkQc6PbbooQKt_85WmzE4

2021/3/11 9:32:16 # 支付成功回调接受参数 : outTradeNo-----2103110932004731

2021/3/11 9:32:16 # 支付成功回调接受参数 : sign-----25C951094A990B26AA2817DE4C258D7D

2021/3/11 9:32:16 # 支付成功回调接受参数 : payChannel-----wxpay

2021/3/11 9:32:16 # 支付成功回调接受参数 : time-----2021-03-11 09:32:15

2021/3/11 9:32:27 # 支付成功回调接受参数 : payNo-----4200000941202103118112331280

2021/3/11 9:32:27 # 支付成功回调接受参数 : code-----1

2021/3/11 9:32:27 # 支付成功回调接受参数 : mchId-----1607191737

2021/3/11 9:32:27 # 支付成功回调接受参数 : orderNo-----Y09321091087476

2021/3/11 9:32:27 # 支付成功回调接受参数 : money-----0.01

2021/3/11 9:32:27 # 支付成功回调接受参数 : openId-----o-_-it5VkQc6PbbooQKt_85WmzE4

2021/3/11 9:32:27 # 支付成功回调接受参数 : outTradeNo-----2103110932004731

2021/3/11 9:32:27 # 支付成功回调接受参数 : sign-----25C951094A990B26AA2817DE4C258D7D

2021/3/11 9:32:27 # 支付成功回调接受参数 : payChannel-----wxpay

2021/3/11 9:32:27 # 支付成功回调接受参数 : time-----2021-03-11 09:32:15

2021/3/11 9:32:42 # 支付成功回调接受参数 : payNo-----4200000941202103118112331280

2021/3/11 9:32:42 # 支付成功回调接受参数 : code-----1

2021/3/11 9:32:42 # 支付成功回调接受参数 : mchId-----1607191737

2021/3/11 9:32:42 # 支付成功回调接受参数 : orderNo-----Y09321091087476

2021/3/11 9:32:42 # 支付成功回调接受参数 : money-----0.01

2021/3/11 9:32:42 # 支付成功回调接受参数 : openId-----o-_-it5VkQc6PbbooQKt_85WmzE4

2021/3/11 9:32:42 # 支付成功回调接受参数 : outTradeNo-----2103110932004731

2021/3/11 9:32:42 # 支付成功回调接受参数 : sign-----25C951094A990B26AA2817DE4C258D7D

2021/3/11 9:32:42 # 支付成功回调接受参数 : payChannel-----wxpay

2021/3/11 9:32:42 # 支付成功回调接受参数 : time-----2021-03-11 09:32:15

2021/3/11 9:32:58 # 支付成功回调接受参数 : payNo-----4200000941202103118112331280

2021/3/11 9:32:58 # 支付成功回调接受参数 : code-----1

2021/3/11 9:32:58 # 支付成功回调接受参数 : mchId-----1607191737

2021/3/11 9:32:58 # 支付成功回调接受参数 : orderNo-----Y09321091087476

2021/3/11 9:32:58 # 支付成功回调接受参数 : money-----0.01

2021/3/11 9:32:58 # 支付成功回调接受参数 : openId-----o-_-it5VkQc6PbbooQKt_85WmzE4

2021/3/11 9:32:58 # 支付成功回调接受参数 : outTradeNo-----2103110932004731

2021/3/11 9:32:58 # 支付成功回调接受参数 : sign-----25C951094A990B26AA2817DE4C258D7D

2021/3/11 9:32:58 # 支付成功回调接受参数 : payChannel-----wxpay

2021/3/11 9:32:58 # 支付成功回调接受参数 : time-----2021-03-11 09:32:15

2021/3/11 9:33:21 # 支付成功回调接受参数 : payNo-----4200000941202103118112331280

2021/3/11 9:33:21 # 支付成功回调接受参数 : code-----1

2021/3/11 9:33:21 # 支付成功回调接受参数 : mchId-----1607191737

2021/3/11 9:33:21 # 支付成功回调接受参数 : orderNo-----Y09321091087476

2021/3/11 9:33:21 # 支付成功回调接受参数 : money-----0.01

2021/3/11 9:33:21 # 支付成功回调接受参数 : openId-----o-_-it5VkQc6PbbooQKt_85WmzE4

2021/3/11 9:33:21 # 支付成功回调接受参数 : outTradeNo-----2103110932004731

2021/3/11 9:33:21 # 支付成功回调接受参数 : sign-----25C951094A990B26AA2817DE4C258D7D

2021/3/11 9:33:21 # 支付成功回调接受参数 : payChannel-----wxpay

2021/3/11 9:33:21 # 支付成功回调接受参数 : time-----2021-03-11 09:32:15

2021/3/11 9:34:34 # 开始下单 : 

2021/3/11 9:34:35 # 下单结果 : {"msg":"下单成功，请扫码支付","code":0,"data":"http://images.yungouos.com/merge/native/code/210311093434828615307.png"}

2021/3/11 9:36:21 # 支付成功回调接受参数 : payNo-----4200000941202103118112331280

2021/3/11 9:36:21 # 支付成功回调接受参数 : code-----1

2021/3/11 9:36:21 # 支付成功回调接受参数 : mchId-----1607191737

2021/3/11 9:36:21 # 支付成功回调接受参数 : orderNo-----Y09321091087476

2021/3/11 9:36:21 # 支付成功回调接受参数 : money-----0.01

2021/3/11 9:36:21 # 支付成功回调接受参数 : openId-----o-_-it5VkQc6PbbooQKt_85WmzE4

2021/3/11 9:36:21 # 支付成功回调接受参数 : outTradeNo-----2103110932004731

2021/3/11 9:36:21 # 支付成功回调接受参数 : sign-----25C951094A990B26AA2817DE4C258D7D

2021/3/11 9:36:21 # 支付成功回调接受参数 : payChannel-----wxpay

2021/3/11 9:36:21 # 支付成功回调接受参数 : time-----2021-03-11 09:32:15

2021/3/11 9:42:36 # 开始下单 : 

2021/3/11 9:42:37 # 下单结果 : {"msg":"下单成功，请扫码支付","code":0,"data":"http://images.yungouos.com/merge/native/code/210311094236113415307.png"}

2021/3/11 9:46:22 # 支付成功回调接受参数 : payNo-----4200000941202103118112331280

2021/3/11 9:46:22 # 支付成功回调接受参数 : code-----1

2021/3/11 9:46:22 # 支付成功回调接受参数 : mchId-----1607191737

2021/3/11 9:46:22 # 支付成功回调接受参数 : orderNo-----Y09321091087476

2021/3/11 9:46:22 # 支付成功回调接受参数 : money-----0.01

2021/3/11 9:46:22 # 支付成功回调接受参数 : openId-----o-_-it5VkQc6PbbooQKt_85WmzE4

2021/3/11 9:46:22 # 支付成功回调接受参数 : outTradeNo-----2103110932004731

2021/3/11 9:46:22 # 支付成功回调接受参数 : sign-----25C951094A990B26AA2817DE4C258D7D

2021/3/11 9:46:22 # 支付成功回调接受参数 : payChannel-----wxpay

2021/3/11 9:46:22 # 支付成功回调接受参数 : time-----2021-03-11 09:32:15

2021/3/11 9:46:45 # 开始下单 : 

2021/3/11 9:46:46 # 下单结果 : {"msg":"下单成功，请扫码支付","code":0,"data":"http://images.yungouos.com/merge/native/code/210311094645671115307.png"}

2021/3/11 9:46:58 # 支付成功回调的订单为 : 2103110946456711

2021/3/11 9:47:08 # 支付成功回调的订单为 : 2103110946456711

2021/3/11 9:47:24 # 支付成功回调的订单为 : 2103110946456711

2021/3/11 9:47:45 # 支付成功回调的订单为 : 2103110946456711

2021/3/11 9:48:01 # 支付成功回调的订单为 : 2103110946456711

2021/3/11 9:48:11 # 支付成功回调的订单为 : 2103110946456711

2021/3/11 9:49:57 # 开始下单 : 

2021/3/11 9:49:57 # 下单签名 : E6703F653269A84BBF190AE30F084D23

2021/3/11 9:49:57 # 下单结果 : {"msg":"下单成功，请扫码支付","code":0,"data":"http://images.yungouos.com/merge/native/code/210311094957663115307.png"}

2021/3/11 9:51:03 # 支付成功回调的订单为 : 2103110946456711

2021/3/11 9:51:03 # 支付成功回调的签名为 : 512454AC296EB48C4186B40941060B86

2021/3/11 9:51:03 # 支付成功回调签名验证通过 : 512454AC296EB48C4186B40941060B86

2021/3/11 9:51:03 # 支付成功回调签名验证失败 : 512454AC296EB48C4186B40941060B86

2021/3/11 9:51:12 # 支付成功回调的订单为 : 2103110946456711

2021/3/11 9:51:12 # 支付成功回调的签名为 : 512454AC296EB48C4186B40941060B86

2021/3/11 9:51:12 # 支付成功回调签名验证通过 : 512454AC296EB48C4186B40941060B86

2021/3/11 9:51:12 # 支付成功回调签名验证失败 : 512454AC296EB48C4186B40941060B86

2021/3/11 9:51:46 # 开始下单 : 

2021/3/11 9:51:46 # 下单签名 : 7ED019BE0F3F0E409F2FFFBF0016FB93

2021/3/11 9:51:46 # 下单结果 : {"msg":"下单成功，请扫码支付","code":0,"data":"http://images.yungouos.com/merge/native/code/210311095146079915307.png"}

2021/3/11 9:52:09 # 支付成功回调的订单为 : 2103110951460799

2021/3/11 9:52:09 # 支付成功回调的签名为 : 9A64D076AA1AD1D001ACA1E18839E680

2021/3/11 9:52:09 # 查看订单签名 : 7ED019BE0F3F0E409F2FFFBF0016FB93

2021/3/11 9:52:09 # 支付成功回调签名验证失败 。 

2021/3/11 9:52:19 # 支付成功回调的订单为 : 2103110951460799

2021/3/11 9:52:19 # 支付成功回调的签名为 : 9A64D076AA1AD1D001ACA1E18839E680

2021/3/11 9:52:19 # 查看订单签名 : 7ED019BE0F3F0E409F2FFFBF0016FB93

2021/3/11 9:52:19 # 支付成功回调签名验证失败 。 

2021/3/11 9:52:35 # 支付成功回调的订单为 : 2103110951460799

2021/3/11 9:52:35 # 支付成功回调的签名为 : 9A64D076AA1AD1D001ACA1E18839E680

2021/3/11 9:52:35 # 查看订单签名 : 7ED019BE0F3F0E409F2FFFBF0016FB93

2021/3/11 9:52:35 # 支付成功回调签名验证失败 。 

2021/3/11 9:52:51 # 支付成功回调的订单为 : 2103110951460799

2021/3/11 9:52:51 # 支付成功回调的签名为 : 9A64D076AA1AD1D001ACA1E18839E680

2021/3/11 9:52:51 # 查看订单签名 : 7ED019BE0F3F0E409F2FFFBF0016FB93

2021/3/11 9:52:51 # 支付成功回调签名验证失败 。 

2021/3/11 9:53:12 # 支付成功回调的订单为 : 2103110951460799

2021/3/11 9:53:12 # 支付成功回调的签名为 : 9A64D076AA1AD1D001ACA1E18839E680

2021/3/11 9:53:12 # 查看订单签名 : 7ED019BE0F3F0E409F2FFFBF0016FB93

2021/3/11 9:53:12 # 支付成功回调签名验证失败 。 

2021/3/11 9:53:22 # 支付成功回调的订单为 : 2103110951460799

2021/3/11 9:53:22 # 支付成功回调的签名为 : 9A64D076AA1AD1D001ACA1E18839E680

2021/3/11 9:53:22 # 查看订单签名 : 7ED019BE0F3F0E409F2FFFBF0016FB93

2021/3/11 9:53:22 # 支付成功回调签名验证失败 。 

2021/3/11 9:54:40 # 支付成功回调的订单为 : 2103110951460799

2021/3/11 9:54:40 # 支付成功回调的签名为 : 9A64D076AA1AD1D001ACA1E18839E680

2021/3/11 9:54:40 # 查看订单签名 : 7ED019BE0F3F0E409F2FFFBF0016FB93

2021/3/11 9:54:40 # 支付成功回调签名验证失败 。 

2021/3/11 9:55:00 # 支付成功回调的订单为 : 2103110946456711

2021/3/11 9:55:00 # 支付成功回调的签名为 : 512454AC296EB48C4186B40941060B86

2021/3/11 9:55:00 # 查看订单签名 : 194148951F514555B45D60E17A89BF1F

2021/3/11 9:55:00 # 支付成功回调签名验证失败 。 

2021/3/11 10:19:05 # 开始下单 : 

2021/3/11 10:19:05 # 下单签名 : FFB41166F9210171CE2608CE01B557BD

2021/3/11 10:19:05 # 下单结果 : {"msg":"下单成功，请扫码支付","code":0,"data":"http://images.yungouos.com/merge/native/code/210311101905602615307.png"}

2021/3/11 10:20:09 # 开始下单 : 

2021/3/11 10:20:09 # 下单签名 : D47350028575EA0E62FEB7DF54488937

2021/3/11 10:20:10 # 下单结果 : {"msg":"下单成功，请扫码支付","code":0,"data":"http://images.yungouos.com/merge/native/code/210311102009842015307.png"}

2021/3/11 10:33:47 # 开始下单 : 

2021/3/11 10:33:47 # 下单签名 : F74BE24DD46EDDA6505935E4B90418EE

2021/3/11 10:33:48 # 下单结果 : {"msg":"下单成功，请扫码支付","code":0,"data":"http://images.yungouos.com/merge/native/code/210311103347993215307.png"}

2021/3/11 10:34:11 # 支付成功回调的订单为 : 2103111033479932

2021/3/11 10:34:11 # 支付成功回调的签名为 : 8D7C0FF0F81B36306C2222B518DBAFE6

2021/3/11 10:34:11 # 查看订单签名 : F74BE24DD46EDDA6505935E4B90418EE

2021/3/11 10:34:11 # 支付成功回调签名验证失败 。 

2021/3/11 10:34:27 # 支付成功回调的订单为 : 2103111033479932

2021/3/11 10:34:27 # 支付成功回调的签名为 : 8D7C0FF0F81B36306C2222B518DBAFE6

2021/3/11 10:34:27 # 查看订单签名 : F74BE24DD46EDDA6505935E4B90418EE

2021/3/11 10:34:27 # 支付成功回调签名验证失败 。 

2021/3/11 10:34:37 # 支付成功回调的订单为 : 2103111033479932

2021/3/11 10:34:37 # 支付成功回调的签名为 : 8D7C0FF0F81B36306C2222B518DBAFE6

2021/3/11 10:34:37 # 查看订单签名 : F74BE24DD46EDDA6505935E4B90418EE

2021/3/11 10:34:37 # 支付成功回调签名验证失败 。 

2021/3/11 10:34:52 # 支付成功回调的订单为 : 2103111033479932

2021/3/11 10:34:52 # 支付成功回调的签名为 : 8D7C0FF0F81B36306C2222B518DBAFE6

2021/3/11 10:34:52 # 查看订单签名 : F74BE24DD46EDDA6505935E4B90418EE

2021/3/11 10:34:52 # 支付成功回调签名验证失败 。 

2021/3/11 10:35:15 # 支付成功回调的订单为 : 2103111033479932

2021/3/11 10:35:15 # 支付成功回调的签名为 : 8D7C0FF0F81B36306C2222B518DBAFE6

2021/3/11 10:35:15 # 查看订单签名 : F74BE24DD46EDDA6505935E4B90418EE

2021/3/11 10:35:15 # 支付成功回调签名验证失败 。 

2021/3/11 10:36:19 # 支付成功回调参数： payNo ------ 4200000939202103116019243507

2021/3/11 10:36:19 # 支付成功回调参数： code ------ 1

2021/3/11 10:36:19 # 支付成功回调参数： mchId ------ 1607191737

2021/3/11 10:36:19 # 支付成功回调参数： orderNo ------ Y10340440037535

2021/3/11 10:36:19 # 支付成功回调参数： money ------ 0.01

2021/3/11 10:36:19 # 支付成功回调参数： openId ------ o-_-it5VkQc6PbbooQKt_85WmzE4

2021/3/11 10:36:19 # 支付成功回调参数： outTradeNo ------ 2103111033479932

2021/3/11 10:36:19 # 支付成功回调参数： sign ------ 918D5C016935DBE0F2518C66DFD46AF0

2021/3/11 10:36:19 # 支付成功回调参数： payChannel ------ wxpay

2021/3/11 10:36:19 # 支付成功回调参数： time ------ 2021-03-11 10:34:10

2021/3/11 10:36:19 # 支付成功回调的新签名为 : 8D7C0FF0F81B36306C2222B518DBAFE6

2021/3/11 10:36:19 # 查看订单签名 : F74BE24DD46EDDA6505935E4B90418EE

2021/3/11 10:36:19 # 支付成功回调签名验证失败 。 

2021/3/11 10:38:16 # 支付成功回调参数： payNo ------ 4200000939202103116019243507

2021/3/11 10:38:16 # 支付成功回调参数： code ------ 1

2021/3/11 10:38:16 # 支付成功回调参数： mchId ------ 1607191737

2021/3/11 10:38:16 # 支付成功回调参数： orderNo ------ Y10340440037535

2021/3/11 10:38:16 # 支付成功回调参数： money ------ 0.01

2021/3/11 10:38:16 # 支付成功回调参数： openId ------ o-_-it5VkQc6PbbooQKt_85WmzE4

2021/3/11 10:38:16 # 支付成功回调参数： outTradeNo ------ 2103111033479932

2021/3/11 10:38:16 # 支付成功回调参数： sign ------ 918D5C016935DBE0F2518C66DFD46AF0

2021/3/11 10:38:16 # 支付成功回调参数： payChannel ------ wxpay

2021/3/11 10:38:16 # 支付成功回调参数： time ------ 2021-03-11 10:34:10

2021/3/11 10:38:16 # 支付成功回调的新签名为 : 8D7C0FF0F81B36306C2222B518DBAFE6

2021/3/11 10:38:16 # 查看订单签名 : F74BE24DD46EDDA6505935E4B90418EE

2021/3/11 10:38:16 # 支付成功回调签名验证失败 。 

2021/3/11 10:41:47 # 开始下单 : 

2021/3/11 10:41:47 # 下单签名 : 99BE5C99642244F5C317072E90854150

2021/3/11 10:41:48 # 下单结果 : {"msg":"下单成功，请扫码支付","code":0,"data":"http://images.yungouos.com/merge/native/code/210311104147888215307.png"}

2021/3/11 10:42:00 # 支付成功回调参数： payNo ------ 4200000946202103116442539409

2021/3/11 10:42:00 # 支付成功回调参数： code ------ 1

2021/3/11 10:42:00 # 支付成功回调参数： mchId ------ 1607191737

2021/3/11 10:42:00 # 支付成功回调参数： orderNo ------ Y10415451969897

2021/3/11 10:42:00 # 支付成功回调参数： money ------ 0.01

2021/3/11 10:42:00 # 支付成功回调参数： openId ------ o-_-it5VkQc6PbbooQKt_85WmzE4

2021/3/11 10:42:00 # 支付成功回调参数： outTradeNo ------ 2103111041478882

2021/3/11 10:42:00 # 支付成功回调参数： sign ------ 82CABDD6DB137864D86E04964CC3A89C

2021/3/11 10:42:00 # 支付成功回调参数： payChannel ------ wxpay

2021/3/11 10:42:00 # 支付成功回调参数： time ------ 2021-03-11 10:41:59

2021/3/11 10:42:00 # 支付成功回调的新签名为 : 51DAA9DFC897DC31655AB150B6DEB13D

2021/3/11 10:42:00 # 支付成功回调签名验证失败 。 

2021/3/11 10:42:10 # 支付成功回调参数： payNo ------ 4200000946202103116442539409

2021/3/11 10:42:10 # 支付成功回调参数： code ------ 1

2021/3/11 10:42:10 # 支付成功回调参数： mchId ------ 1607191737

2021/3/11 10:42:10 # 支付成功回调参数： orderNo ------ Y10415451969897

2021/3/11 10:42:10 # 支付成功回调参数： money ------ 0.01

2021/3/11 10:42:10 # 支付成功回调参数： openId ------ o-_-it5VkQc6PbbooQKt_85WmzE4

2021/3/11 10:42:10 # 支付成功回调参数： outTradeNo ------ 2103111041478882

2021/3/11 10:42:10 # 支付成功回调参数： sign ------ 82CABDD6DB137864D86E04964CC3A89C

2021/3/11 10:42:10 # 支付成功回调参数： payChannel ------ wxpay

2021/3/11 10:42:10 # 支付成功回调参数： time ------ 2021-03-11 10:41:59

2021/3/11 10:42:10 # 支付成功回调的新签名为 : 51DAA9DFC897DC31655AB150B6DEB13D

2021/3/11 10:42:10 # 支付成功回调签名验证失败 。 

2021/3/11 10:42:25 # 支付成功回调参数： payNo ------ 4200000946202103116442539409

2021/3/11 10:42:25 # 支付成功回调参数： code ------ 1

2021/3/11 10:42:25 # 支付成功回调参数： mchId ------ 1607191737

2021/3/11 10:42:25 # 支付成功回调参数： orderNo ------ Y10415451969897

2021/3/11 10:42:25 # 支付成功回调参数： money ------ 0.01

2021/3/11 10:42:25 # 支付成功回调参数： openId ------ o-_-it5VkQc6PbbooQKt_85WmzE4

2021/3/11 10:42:25 # 支付成功回调参数： outTradeNo ------ 2103111041478882

2021/3/11 10:42:25 # 支付成功回调参数： sign ------ 82CABDD6DB137864D86E04964CC3A89C

2021/3/11 10:42:25 # 支付成功回调参数： payChannel ------ wxpay

2021/3/11 10:42:25 # 支付成功回调参数： time ------ 2021-03-11 10:41:59

2021/3/11 10:42:25 # 支付成功回调的新签名为 : 51DAA9DFC897DC31655AB150B6DEB13D

2021/3/11 10:42:25 # 支付成功回调签名验证失败 。 

2021/3/11 10:42:41 # 支付成功回调参数： payNo ------ 4200000946202103116442539409

2021/3/11 10:42:41 # 支付成功回调参数： code ------ 1

2021/3/11 10:42:41 # 支付成功回调参数： mchId ------ 1607191737

2021/3/11 10:42:41 # 支付成功回调参数： orderNo ------ Y10415451969897

2021/3/11 10:42:41 # 支付成功回调参数： money ------ 0.01

2021/3/11 10:42:41 # 支付成功回调参数： openId ------ o-_-it5VkQc6PbbooQKt_85WmzE4

2021/3/11 10:42:41 # 支付成功回调参数： outTradeNo ------ 2103111041478882

2021/3/11 10:42:41 # 支付成功回调参数： sign ------ 82CABDD6DB137864D86E04964CC3A89C

2021/3/11 10:42:41 # 支付成功回调参数： payChannel ------ wxpay

2021/3/11 10:42:41 # 支付成功回调参数： time ------ 2021-03-11 10:41:59

2021/3/11 10:42:41 # 支付成功回调的新签名为 : 51DAA9DFC897DC31655AB150B6DEB13D

2021/3/11 10:42:41 # 支付成功回调签名验证失败 。 

2021/3/11 10:43:03 # 支付成功回调参数： payNo ------ 4200000946202103116442539409

2021/3/11 10:43:03 # 支付成功回调参数： code ------ 1

2021/3/11 10:43:03 # 支付成功回调参数： mchId ------ 1607191737

2021/3/11 10:43:03 # 支付成功回调参数： orderNo ------ Y10415451969897

2021/3/11 10:43:03 # 支付成功回调参数： money ------ 0.01

2021/3/11 10:43:03 # 支付成功回调参数： openId ------ o-_-it5VkQc6PbbooQKt_85WmzE4

2021/3/11 10:43:03 # 支付成功回调参数： outTradeNo ------ 2103111041478882

2021/3/11 10:43:03 # 支付成功回调参数： sign ------ 82CABDD6DB137864D86E04964CC3A89C

2021/3/11 10:43:03 # 支付成功回调参数： payChannel ------ wxpay

2021/3/11 10:43:03 # 支付成功回调参数： time ------ 2021-03-11 10:41:59

2021/3/11 10:43:03 # 支付成功回调的新签名为 : 51DAA9DFC897DC31655AB150B6DEB13D

2021/3/11 10:43:03 # 支付成功回调签名验证失败 。 

2021/3/11 10:46:05 # 支付成功回调参数： payNo ------ 4200000946202103116442539409

2021/3/11 10:46:05 # 支付成功回调参数： code ------ 1

2021/3/11 10:46:05 # 支付成功回调参数： mchId ------ 1607191737

2021/3/11 10:46:05 # 支付成功回调参数： orderNo ------ Y10415451969897

2021/3/11 10:46:05 # 支付成功回调参数： money ------ 0.01

2021/3/11 10:46:05 # 支付成功回调参数： openId ------ o-_-it5VkQc6PbbooQKt_85WmzE4

2021/3/11 10:46:05 # 支付成功回调参数： outTradeNo ------ 2103111041478882

2021/3/11 10:46:05 # 支付成功回调参数： sign ------ 82CABDD6DB137864D86E04964CC3A89C

2021/3/11 10:46:05 # 支付成功回调参数： payChannel ------ wxpay

2021/3/11 10:46:05 # 支付成功回调参数： time ------ 2021-03-11 10:41:59

2021/3/11 10:46:05 # 支付成功回调的新签名为 : 51DAA9DFC897DC31655AB150B6DEB13D

2021/3/11 10:46:05 # 支付成功回调签名验证失败 。 

2021/3/11 10:51:32 # 支付成功回调参数： payNo ------ 4200000991202103108550116478

2021/3/11 10:51:32 # 支付成功回调参数： code ------ 1

2021/3/11 10:51:32 # 支付成功回调参数： mchId ------ 1607191737

2021/3/11 10:51:32 # 支付成功回调参数： orderNo ------ Y19175018864748

2021/3/11 10:51:32 # 支付成功回调参数： money ------ 0.01

2021/3/11 10:51:32 # 支付成功回调参数： openId ------ o-_-it5VkQc6PbbooQKt_85WmzE4

2021/3/11 10:51:32 # 支付成功回调参数： outTradeNo ------ 2103101917342293

2021/3/11 10:51:32 # 支付成功回调参数： sign ------ 004C40ECEA6D426E4663FAF6BF8F087F

2021/3/11 10:51:32 # 支付成功回调参数： payChannel ------ wxpay

2021/3/11 10:51:32 # 支付成功回调参数： time ------ 2021-03-10 19:18:03

2021/3/11 10:51:32 # 支付成功回调的新签名为 : CE0B8F54C5D4AE1371042700C26F9AC7

2021/3/11 10:56:06 # 支付成功回调参数： payNo ------ 4200000946202103116442539409

2021/3/11 10:56:06 # 支付成功回调参数： code ------ 1

2021/3/11 10:56:06 # 支付成功回调参数： mchId ------ 1607191737

2021/3/11 10:56:06 # 支付成功回调参数： orderNo ------ Y10415451969897

2021/3/11 10:56:06 # 支付成功回调参数： money ------ 0.01

2021/3/11 10:56:06 # 支付成功回调参数： openId ------ o-_-it5VkQc6PbbooQKt_85WmzE4

2021/3/11 10:56:06 # 支付成功回调参数： outTradeNo ------ 2103111041478882

2021/3/11 10:56:06 # 支付成功回调参数： sign ------ 82CABDD6DB137864D86E04964CC3A89C

2021/3/11 10:56:06 # 支付成功回调参数： payChannel ------ wxpay

2021/3/11 10:56:06 # 支付成功回调参数： time ------ 2021-03-11 10:41:59

2021/3/11 10:56:06 # 支付成功回调的新签名为 : 51DAA9DFC897DC31655AB150B6DEB13D

2021/3/11 10:56:06 # 支付成功回调签名验证失败 。 

2021/3/11 11:14:05 # 开始下单 : 

2021/3/11 11:14:05 # 下单签名 : 06833339AC0E79E950BD3FE800FF5A21

2021/3/11 11:14:05 # 下单结果 : {"msg":"下单成功，请扫码支付","code":0,"data":"http://images.yungouos.com/merge/native/code/210311111405204615307.png"}

2021/3/11 11:16:07 # 支付成功回调参数： payNo ------ 4200000946202103116442539409

2021/3/11 11:16:07 # 支付成功回调参数： code ------ 1

2021/3/11 11:16:07 # 支付成功回调参数： mchId ------ 1607191737

2021/3/11 11:16:07 # 支付成功回调参数： orderNo ------ Y10415451969897

2021/3/11 11:16:07 # 支付成功回调参数： money ------ 0.01

2021/3/11 11:16:07 # 支付成功回调参数： openId ------ o-_-it5VkQc6PbbooQKt_85WmzE4

2021/3/11 11:16:07 # 支付成功回调参数： outTradeNo ------ 2103111041478882

2021/3/11 11:16:07 # 支付成功回调参数： sign ------ 82CABDD6DB137864D86E04964CC3A89C

2021/3/11 11:16:07 # 支付成功回调参数： payChannel ------ wxpay

2021/3/11 11:16:07 # 支付成功回调参数： time ------ 2021-03-11 10:41:59

2021/3/11 11:16:07 # 支付成功回调的新签名为 : 51DAA9DFC897DC31655AB150B6DEB13D

2021/3/11 11:16:07 # 支付成功回调签名验证失败 。 

2021/3/11 11:19:38 # 开始下单 : 

2021/3/11 11:19:38 # 下单签名 : 08B0C2C6657A2397B3F6AFE1AB1260D9

2021/3/11 11:19:39 # 下单结果 : {"msg":"下单成功，请扫码支付","code":0,"data":"http://images.yungouos.com/merge/native/code/210311111938903415307.png"}

2021/3/11 11:32:17 # 开始下单 : 

2021/3/11 11:32:17 # 下单签名 : 4553B11A5D880B383F776A32AC2BEBDE

2021/3/11 11:32:17 # 下单结果 : {"msg":"下单成功，请扫码支付","code":0,"data":"http://images.yungouos.com/merge/native/code/210311113217409115307.png"}

2021/3/11 11:32:31 # 支付成功回调参数： payNo ------ 4200000985202103119016757302

2021/3/11 11:32:31 # 支付成功回调参数： code ------ 1

2021/3/11 11:32:31 # 支付成功回调参数： mchId ------ 1607191737

2021/3/11 11:32:31 # 支付成功回调参数： orderNo ------ Y11322425549203

2021/3/11 11:32:31 # 支付成功回调参数： money ------ 0.01

2021/3/11 11:32:31 # 支付成功回调参数： openId ------ o-_-it5VkQc6PbbooQKt_85WmzE4

2021/3/11 11:32:31 # 支付成功回调参数： outTradeNo ------ 2103111132174091

2021/3/11 11:32:31 # 支付成功回调参数： sign ------ 320CA136141EAA4841D378F6726115AA

2021/3/11 11:32:31 # 支付成功回调参数： payChannel ------ wxpay

2021/3/11 11:32:31 # 支付成功回调参数： time ------ 2021-03-11 11:32:29

2021/3/11 11:32:31 # 支付成功回调的新签名为 : 320CA136141EAA4841D378F6726115AA

2021/3/11 11:32:31 # 支付成功回调签名验证通过 。

2021/3/11 11:32:31 # 引发类型为“System.Web.HttpUnhandledException”的异常。 -- 在将 nvarchar 值 'Y11322425549203' 转换成数据类型 int 时失败。
   在 System.Web.UI.Page.HandleError(Exception e)
   在 System.Web.UI.Page.ProcessRequestMain(Boolean includeStagesBeforeAsyncPoint, Boolean includeStagesAfterAsyncPoint)
   在 System.Web.UI.Page.ProcessRequest(Boolean includeStagesBeforeAsyncPoint, Boolean includeStagesAfterAsyncPoint)
   在 System.Web.UI.Page.ProcessRequest()
   在 System.Web.UI.Page.ProcessRequest(HttpContext context)
   在 ASP.ajax_notify_url_aspx.ProcessRequest(HttpContext context) 位置 c:\Windows\Microsoft.NET\Framework64\v4.0.30319\Temporary ASP.NET Files\root\3feaf4f5\23222d20\App_Web_nnroqcbr.6.cs:行号 0
   在 System.Web.HttpApplication.CallHandlerExecutionStep.System.Web.HttpApplication.IExecutionStep.Execute()
   在 System.Web.HttpApplication.ExecuteStepImpl(IExecutionStep step)
   在 System.Web.HttpApplication.ExecuteStep(IExecutionStep step, Boolean& completedSynchronously)

2021/3/11 11:32:46 # 支付成功回调参数： payNo ------ 4200000985202103119016757302

2021/3/11 11:32:46 # 支付成功回调参数： code ------ 1

2021/3/11 11:32:46 # 支付成功回调参数： mchId ------ 1607191737

2021/3/11 11:32:46 # 支付成功回调参数： orderNo ------ Y11322425549203

2021/3/11 11:32:46 # 支付成功回调参数： money ------ 0.01

2021/3/11 11:32:46 # 支付成功回调参数： openId ------ o-_-it5VkQc6PbbooQKt_85WmzE4

2021/3/11 11:32:46 # 支付成功回调参数： outTradeNo ------ 2103111132174091

2021/3/11 11:32:46 # 支付成功回调参数： sign ------ 320CA136141EAA4841D378F6726115AA

2021/3/11 11:32:46 # 支付成功回调参数： payChannel ------ wxpay

2021/3/11 11:32:46 # 支付成功回调参数： time ------ 2021-03-11 11:32:29

2021/3/11 11:32:46 # 支付成功回调的新签名为 : 320CA136141EAA4841D378F6726115AA

2021/3/11 11:32:46 # 支付成功回调签名验证通过 。

2021/3/11 11:32:46 # 引发类型为“System.Web.HttpUnhandledException”的异常。 -- 在将 nvarchar 值 'Y11322425549203' 转换成数据类型 int 时失败。
   在 System.Web.UI.Page.HandleError(Exception e)
   在 System.Web.UI.Page.ProcessRequestMain(Boolean includeStagesBeforeAsyncPoint, Boolean includeStagesAfterAsyncPoint)
   在 System.Web.UI.Page.ProcessRequest(Boolean includeStagesBeforeAsyncPoint, Boolean includeStagesAfterAsyncPoint)
   在 System.Web.UI.Page.ProcessRequest()
   在 System.Web.UI.Page.ProcessRequest(HttpContext context)
   在 ASP.ajax_notify_url_aspx.ProcessRequest(HttpContext context) 位置 c:\Windows\Microsoft.NET\Framework64\v4.0.30319\Temporary ASP.NET Files\root\3feaf4f5\23222d20\App_Web_nnroqcbr.6.cs:行号 0
   在 System.Web.HttpApplication.CallHandlerExecutionStep.System.Web.HttpApplication.IExecutionStep.Execute()
   在 System.Web.HttpApplication.ExecuteStepImpl(IExecutionStep step)
   在 System.Web.HttpApplication.ExecuteStep(IExecutionStep step, Boolean& completedSynchronously)

2021/3/11 11:32:56 # 支付成功回调参数： payNo ------ 4200000985202103119016757302

2021/3/11 11:32:56 # 支付成功回调参数： code ------ 1

2021/3/11 11:32:56 # 支付成功回调参数： mchId ------ 1607191737

2021/3/11 11:32:56 # 支付成功回调参数： orderNo ------ Y11322425549203

2021/3/11 11:32:56 # 支付成功回调参数： money ------ 0.01

2021/3/11 11:32:56 # 支付成功回调参数： openId ------ o-_-it5VkQc6PbbooQKt_85WmzE4

2021/3/11 11:32:56 # 支付成功回调参数： outTradeNo ------ 2103111132174091

2021/3/11 11:32:56 # 支付成功回调参数： sign ------ 320CA136141EAA4841D378F6726115AA

2021/3/11 11:32:56 # 支付成功回调参数： payChannel ------ wxpay

2021/3/11 11:32:56 # 支付成功回调参数： time ------ 2021-03-11 11:32:29

2021/3/11 11:32:56 # 支付成功回调的新签名为 : 320CA136141EAA4841D378F6726115AA

2021/3/11 11:32:56 # 支付成功回调签名验证通过 。

2021/3/11 11:32:56 # 引发类型为“System.Web.HttpUnhandledException”的异常。 -- 在将 nvarchar 值 'Y11322425549203' 转换成数据类型 int 时失败。
   在 System.Web.UI.Page.HandleError(Exception e)
   在 System.Web.UI.Page.ProcessRequestMain(Boolean includeStagesBeforeAsyncPoint, Boolean includeStagesAfterAsyncPoint)
   在 System.Web.UI.Page.ProcessRequest(Boolean includeStagesBeforeAsyncPoint, Boolean includeStagesAfterAsyncPoint)
   在 System.Web.UI.Page.ProcessRequest()
   在 System.Web.UI.Page.ProcessRequest(HttpContext context)
   在 ASP.ajax_notify_url_aspx.ProcessRequest(HttpContext context) 位置 c:\Windows\Microsoft.NET\Framework64\v4.0.30319\Temporary ASP.NET Files\root\3feaf4f5\23222d20\App_Web_nnroqcbr.6.cs:行号 0
   在 System.Web.HttpApplication.CallHandlerExecutionStep.System.Web.HttpApplication.IExecutionStep.Execute()
   在 System.Web.HttpApplication.ExecuteStepImpl(IExecutionStep step)
   在 System.Web.HttpApplication.ExecuteStep(IExecutionStep step, Boolean& completedSynchronously)

2021/3/11 11:33:12 # 支付成功回调参数： payNo ------ 4200000985202103119016757302

2021/3/11 11:33:12 # 支付成功回调参数： code ------ 1

2021/3/11 11:33:12 # 支付成功回调参数： mchId ------ 1607191737

2021/3/11 11:33:12 # 支付成功回调参数： orderNo ------ Y11322425549203

2021/3/11 11:33:12 # 支付成功回调参数： money ------ 0.01

2021/3/11 11:33:12 # 支付成功回调参数： openId ------ o-_-it5VkQc6PbbooQKt_85WmzE4

2021/3/11 11:33:12 # 支付成功回调参数： outTradeNo ------ 2103111132174091

2021/3/11 11:33:12 # 支付成功回调参数： sign ------ 320CA136141EAA4841D378F6726115AA

2021/3/11 11:33:12 # 支付成功回调参数： payChannel ------ wxpay

2021/3/11 11:33:12 # 支付成功回调参数： time ------ 2021-03-11 11:32:29

2021/3/11 11:33:12 # 支付成功回调的新签名为 : 320CA136141EAA4841D378F6726115AA

2021/3/11 11:33:12 # 支付成功回调签名验证通过 。

2021/3/11 11:33:12 # 引发类型为“System.Web.HttpUnhandledException”的异常。 -- 在将 nvarchar 值 'Y11322425549203' 转换成数据类型 int 时失败。
   在 System.Web.UI.Page.HandleError(Exception e)
   在 System.Web.UI.Page.ProcessRequestMain(Boolean includeStagesBeforeAsyncPoint, Boolean includeStagesAfterAsyncPoint)
   在 System.Web.UI.Page.ProcessRequest(Boolean includeStagesBeforeAsyncPoint, Boolean includeStagesAfterAsyncPoint)
   在 System.Web.UI.Page.ProcessRequest()
   在 System.Web.UI.Page.ProcessRequest(HttpContext context)
   在 ASP.ajax_notify_url_aspx.ProcessRequest(HttpContext context) 位置 c:\Windows\Microsoft.NET\Framework64\v4.0.30319\Temporary ASP.NET Files\root\3feaf4f5\23222d20\App_Web_nnroqcbr.6.cs:行号 0
   在 System.Web.HttpApplication.CallHandlerExecutionStep.System.Web.HttpApplication.IExecutionStep.Execute()
   在 System.Web.HttpApplication.ExecuteStepImpl(IExecutionStep step)
   在 System.Web.HttpApplication.ExecuteStep(IExecutionStep step, Boolean& completedSynchronously)

2021/3/11 11:33:33 # 支付成功回调参数： payNo ------ 4200000985202103119016757302

2021/3/11 11:33:33 # 支付成功回调参数： code ------ 1

2021/3/11 11:33:33 # 支付成功回调参数： mchId ------ 1607191737

2021/3/11 11:33:33 # 支付成功回调参数： orderNo ------ Y11322425549203

2021/3/11 11:33:33 # 支付成功回调参数： money ------ 0.01

2021/3/11 11:33:33 # 支付成功回调参数： openId ------ o-_-it5VkQc6PbbooQKt_85WmzE4

2021/3/11 11:33:33 # 支付成功回调参数： outTradeNo ------ 2103111132174091

2021/3/11 11:33:33 # 支付成功回调参数： sign ------ 320CA136141EAA4841D378F6726115AA

2021/3/11 11:33:33 # 支付成功回调参数： payChannel ------ wxpay

2021/3/11 11:33:33 # 支付成功回调参数： time ------ 2021-03-11 11:32:29

2021/3/11 11:33:33 # 支付成功回调的新签名为 : 320CA136141EAA4841D378F6726115AA

2021/3/11 11:33:33 # 支付成功回调签名验证通过 。

2021/3/11 11:33:33 # 引发类型为“System.Web.HttpUnhandledException”的异常。 -- 在将 nvarchar 值 'Y11322425549203' 转换成数据类型 int 时失败。
   在 System.Web.UI.Page.HandleError(Exception e)
   在 System.Web.UI.Page.ProcessRequestMain(Boolean includeStagesBeforeAsyncPoint, Boolean includeStagesAfterAsyncPoint)
   在 System.Web.UI.Page.ProcessRequest(Boolean includeStagesBeforeAsyncPoint, Boolean includeStagesAfterAsyncPoint)
   在 System.Web.UI.Page.ProcessRequest()
   在 System.Web.UI.Page.ProcessRequest(HttpContext context)
   在 ASP.ajax_notify_url_aspx.ProcessRequest(HttpContext context) 位置 c:\Windows\Microsoft.NET\Framework64\v4.0.30319\Temporary ASP.NET Files\root\3feaf4f5\23222d20\App_Web_nnroqcbr.6.cs:行号 0
   在 System.Web.HttpApplication.CallHandlerExecutionStep.System.Web.HttpApplication.IExecutionStep.Execute()
   在 System.Web.HttpApplication.ExecuteStepImpl(IExecutionStep step)
   在 System.Web.HttpApplication.ExecuteStep(IExecutionStep step, Boolean& completedSynchronously)

2021/3/11 11:33:43 # 支付成功回调参数： payNo ------ 4200000985202103119016757302

2021/3/11 11:33:43 # 支付成功回调参数： code ------ 1

2021/3/11 11:33:43 # 支付成功回调参数： mchId ------ 1607191737

2021/3/11 11:33:43 # 支付成功回调参数： orderNo ------ Y11322425549203

2021/3/11 11:33:43 # 支付成功回调参数： money ------ 0.01

2021/3/11 11:33:43 # 支付成功回调参数： openId ------ o-_-it5VkQc6PbbooQKt_85WmzE4

2021/3/11 11:33:43 # 支付成功回调参数： outTradeNo ------ 2103111132174091

2021/3/11 11:33:43 # 支付成功回调参数： sign ------ 320CA136141EAA4841D378F6726115AA

2021/3/11 11:33:43 # 支付成功回调参数： payChannel ------ wxpay

2021/3/11 11:33:43 # 支付成功回调参数： time ------ 2021-03-11 11:32:29

2021/3/11 11:33:43 # 支付成功回调的新签名为 : 320CA136141EAA4841D378F6726115AA

2021/3/11 11:33:43 # 支付成功回调签名验证通过 。

2021/3/11 11:33:43 # 引发类型为“System.Web.HttpUnhandledException”的异常。 -- 在将 nvarchar 值 'Y11322425549203' 转换成数据类型 int 时失败。
   在 System.Web.UI.Page.HandleError(Exception e)
   在 System.Web.UI.Page.ProcessRequestMain(Boolean includeStagesBeforeAsyncPoint, Boolean includeStagesAfterAsyncPoint)
   在 System.Web.UI.Page.ProcessRequest(Boolean includeStagesBeforeAsyncPoint, Boolean includeStagesAfterAsyncPoint)
   在 System.Web.UI.Page.ProcessRequest()
   在 System.Web.UI.Page.ProcessRequest(HttpContext context)
   在 ASP.ajax_notify_url_aspx.ProcessRequest(HttpContext context) 位置 c:\Windows\Microsoft.NET\Framework64\v4.0.30319\Temporary ASP.NET Files\root\3feaf4f5\23222d20\App_Web_nnroqcbr.6.cs:行号 0
   在 System.Web.HttpApplication.CallHandlerExecutionStep.System.Web.HttpApplication.IExecutionStep.Execute()
   在 System.Web.HttpApplication.ExecuteStepImpl(IExecutionStep step)
   在 System.Web.HttpApplication.ExecuteStep(IExecutionStep step, Boolean& completedSynchronously)

2021/3/11 11:35:35 # 支付成功回调参数： payNo ------ 4200000985202103119016757302

2021/3/11 11:35:35 # 支付成功回调参数： code ------ 1

2021/3/11 11:35:35 # 支付成功回调参数： mchId ------ 1607191737

2021/3/11 11:35:35 # 支付成功回调参数： orderNo ------ Y11322425549203

2021/3/11 11:35:35 # 支付成功回调参数： money ------ 0.01

2021/3/11 11:35:35 # 支付成功回调参数： openId ------ o-_-it5VkQc6PbbooQKt_85WmzE4

2021/3/11 11:35:35 # 支付成功回调参数： outTradeNo ------ 2103111132174091

2021/3/11 11:35:35 # 支付成功回调参数： sign ------ 320CA136141EAA4841D378F6726115AA

2021/3/11 11:35:35 # 支付成功回调参数： payChannel ------ wxpay

2021/3/11 11:35:35 # 支付成功回调参数： time ------ 2021-03-11 11:32:29

2021/3/11 11:35:35 # 支付成功回调的新签名为 : 320CA136141EAA4841D378F6726115AA

2021/3/11 11:35:35 # 支付成功回调签名验证通过 。

2021/3/11 11:46:09 # 支付成功回调参数： payNo ------ 4200000946202103116442539409

2021/3/11 11:46:09 # 支付成功回调参数： code ------ 1

2021/3/11 11:46:09 # 支付成功回调参数： mchId ------ 1607191737

2021/3/11 11:46:09 # 支付成功回调参数： orderNo ------ Y10415451969897

2021/3/11 11:46:09 # 支付成功回调参数： money ------ 0.01

2021/3/11 11:46:09 # 支付成功回调参数： openId ------ o-_-it5VkQc6PbbooQKt_85WmzE4

2021/3/11 11:46:09 # 支付成功回调参数： outTradeNo ------ 2103111041478882

2021/3/11 11:46:09 # 支付成功回调参数： sign ------ 82CABDD6DB137864D86E04964CC3A89C

2021/3/11 11:46:09 # 支付成功回调参数： payChannel ------ wxpay

2021/3/11 11:46:09 # 支付成功回调参数： time ------ 2021-03-11 10:41:59

2021/3/11 11:46:09 # 支付成功回调的新签名为 : 82CABDD6DB137864D86E04964CC3A89C

2021/3/11 12:12:23 # 支付成功回调参数： payNo ------ 4200000980202103108769264326

2021/3/11 12:12:23 # 支付成功回调参数： code ------ 1

2021/3/11 12:12:23 # 支付成功回调参数： mchId ------ 1607191737

2021/3/11 12:12:23 # 支付成功回调参数： orderNo ------ Y18380093784139

2021/3/11 12:12:23 # 支付成功回调参数： money ------ 0.01

2021/3/11 12:12:23 # 支付成功回调参数： openId ------ o-_-it5VkQc6PbbooQKt_85WmzE4

2021/3/11 12:12:23 # 支付成功回调参数： outTradeNo ------ 2103101834168583

2021/3/11 12:12:23 # 支付成功回调参数： sign ------ FACE86F040A75F7E5611B01C794AE064

2021/3/11 12:12:23 # 支付成功回调参数： payChannel ------ wxpay

2021/3/11 12:12:23 # 支付成功回调参数： time ------ 2021-03-10 18:38:07

2021/3/11 12:12:24 # 支付成功回调的新签名为 : FACE86F040A75F7E5611B01C794AE064

2021/3/11 12:16:10 # 支付成功回调参数： payNo ------ 4200000946202103116442539409

2021/3/11 12:16:10 # 支付成功回调参数： code ------ 1

2021/3/11 12:16:10 # 支付成功回调参数： mchId ------ 1607191737

2021/3/11 12:16:10 # 支付成功回调参数： orderNo ------ Y10415451969897

2021/3/11 12:16:10 # 支付成功回调参数： money ------ 0.01

2021/3/11 12:16:10 # 支付成功回调参数： openId ------ o-_-it5VkQc6PbbooQKt_85WmzE4

2021/3/11 12:16:10 # 支付成功回调参数： outTradeNo ------ 2103111041478882

2021/3/11 12:16:10 # 支付成功回调参数： sign ------ 82CABDD6DB137864D86E04964CC3A89C

2021/3/11 12:16:10 # 支付成功回调参数： payChannel ------ wxpay

2021/3/11 12:16:10 # 支付成功回调参数： time ------ 2021-03-11 10:41:59

2021/3/11 12:16:10 # 支付成功回调的新签名为 : 82CABDD6DB137864D86E04964CC3A89C

2021/3/11 12:22:57 # 支付成功回调参数： payNo ------ 4200000997202103105904796572

2021/3/11 12:22:57 # 支付成功回调参数： code ------ 1

2021/3/11 12:22:57 # 支付成功回调参数： mchId ------ 1607191737

2021/3/11 12:22:57 # 支付成功回调参数： orderNo ------ Y18483563787845

2021/3/11 12:22:57 # 支付成功回调参数： money ------ 0.01

2021/3/11 12:22:57 # 支付成功回调参数： openId ------ o-_-it5VkQc6PbbooQKt_85WmzE4

2021/3/11 12:22:57 # 支付成功回调参数： outTradeNo ------ 2103101848296758

2021/3/11 12:22:57 # 支付成功回调参数： sign ------ BB95395D7942F22A835770FB28D2ACE3

2021/3/11 12:22:57 # 支付成功回调参数： payChannel ------ wxpay

2021/3/11 12:22:57 # 支付成功回调参数： time ------ 2021-03-10 18:48:41

2021/3/11 12:22:57 # 支付成功回调的新签名为 : BB95395D7942F22A835770FB28D2ACE3

2021/3/11 12:42:31 # 支付成功回调参数： payNo ------ 4200000980202103108769264326

2021/3/11 12:42:31 # 支付成功回调参数： code ------ 1

2021/3/11 12:42:31 # 支付成功回调参数： mchId ------ 1607191737

2021/3/11 12:42:31 # 支付成功回调参数： orderNo ------ Y18380093784139

2021/3/11 12:42:31 # 支付成功回调参数： money ------ 0.01

2021/3/11 12:42:31 # 支付成功回调参数： openId ------ o-_-it5VkQc6PbbooQKt_85WmzE4

2021/3/11 12:42:31 # 支付成功回调参数： outTradeNo ------ 2103101834168583

2021/3/11 12:42:31 # 支付成功回调参数： sign ------ FACE86F040A75F7E5611B01C794AE064

2021/3/11 12:42:31 # 支付成功回调参数： payChannel ------ wxpay

2021/3/11 12:42:31 # 支付成功回调参数： time ------ 2021-03-10 18:38:07

2021/3/11 12:42:31 # 支付成功回调的新签名为 : FACE86F040A75F7E5611B01C794AE064

2021/3/11 12:46:18 # 支付成功回调参数： payNo ------ 4200000946202103116442539409

2021/3/11 12:46:18 # 支付成功回调参数： code ------ 1

2021/3/11 12:46:18 # 支付成功回调参数： mchId ------ 1607191737

2021/3/11 12:46:18 # 支付成功回调参数： orderNo ------ Y10415451969897

2021/3/11 12:46:18 # 支付成功回调参数： money ------ 0.01

2021/3/11 12:46:18 # 支付成功回调参数： openId ------ o-_-it5VkQc6PbbooQKt_85WmzE4

2021/3/11 12:46:18 # 支付成功回调参数： outTradeNo ------ 2103111041478882

2021/3/11 12:46:18 # 支付成功回调参数： sign ------ 82CABDD6DB137864D86E04964CC3A89C

2021/3/11 12:46:18 # 支付成功回调参数： payChannel ------ wxpay

2021/3/11 12:46:18 # 支付成功回调参数： time ------ 2021-03-11 10:41:59

2021/3/11 12:46:18 # 支付成功回调的新签名为 : 82CABDD6DB137864D86E04964CC3A89C

2021/3/11 12:52:19 # 支付成功回调参数： payNo ------ 4200000991202103108550116478

2021/3/11 12:52:19 # 支付成功回调参数： code ------ 1

2021/3/11 12:52:19 # 支付成功回调参数： mchId ------ 1607191737

2021/3/11 12:52:19 # 支付成功回调参数： orderNo ------ Y19175018864748

2021/3/11 12:52:19 # 支付成功回调参数： money ------ 0.01

2021/3/11 12:52:19 # 支付成功回调参数： openId ------ o-_-it5VkQc6PbbooQKt_85WmzE4

2021/3/11 12:52:19 # 支付成功回调参数： outTradeNo ------ 2103101917342293

2021/3/11 12:52:19 # 支付成功回调参数： sign ------ 004C40ECEA6D426E4663FAF6BF8F087F

2021/3/11 12:52:19 # 支付成功回调参数： payChannel ------ wxpay

2021/3/11 12:52:19 # 支付成功回调参数： time ------ 2021-03-10 19:18:03

2021/3/11 12:52:19 # 支付成功回调的新签名为 : 004C40ECEA6D426E4663FAF6BF8F087F

2021/3/11 12:53:05 # 支付成功回调参数： payNo ------ 4200000997202103105904796572

2021/3/11 12:53:05 # 支付成功回调参数： code ------ 1

2021/3/11 12:53:05 # 支付成功回调参数： mchId ------ 1607191737

2021/3/11 12:53:05 # 支付成功回调参数： orderNo ------ Y18483563787845

2021/3/11 12:53:05 # 支付成功回调参数： money ------ 0.01

2021/3/11 12:53:05 # 支付成功回调参数： openId ------ o-_-it5VkQc6PbbooQKt_85WmzE4

2021/3/11 12:53:05 # 支付成功回调参数： outTradeNo ------ 2103101848296758

2021/3/11 12:53:05 # 支付成功回调参数： sign ------ BB95395D7942F22A835770FB28D2ACE3

2021/3/11 12:53:05 # 支付成功回调参数： payChannel ------ wxpay

2021/3/11 12:53:05 # 支付成功回调参数： time ------ 2021-03-10 18:48:41

2021/3/11 12:53:05 # 支付成功回调的新签名为 : BB95395D7942F22A835770FB28D2ACE3

2021/3/11 12:56:51 # 支付成功回调参数： payNo ------ 4200000941202103100323685329

2021/3/11 12:56:51 # 支付成功回调参数： code ------ 1

2021/3/11 12:56:51 # 支付成功回调参数： mchId ------ 1607191737

2021/3/11 12:56:51 # 支付成功回调参数： orderNo ------ Y19222987246299

2021/3/11 12:56:51 # 支付成功回调参数： money ------ 0.01

2021/3/11 12:56:51 # 支付成功回调参数： openId ------ o-_-it5VkQc6PbbooQKt_85WmzE4

2021/3/11 12:56:51 # 支付成功回调参数： outTradeNo ------ 2103101921370712

2021/3/11 12:56:51 # 支付成功回调参数： sign ------ 12418BCA35EB7DC2668997B0D18CCFE1

2021/3/11 12:56:51 # 支付成功回调参数： payChannel ------ wxpay

2021/3/11 12:56:51 # 支付成功回调参数： time ------ 2021-03-10 19:22:35

2021/3/11 12:56:51 # 支付成功回调的新签名为 : 12418BCA35EB7DC2668997B0D18CCFE1

2021/3/11 13:16:11 # 支付成功回调参数： payNo ------ 4200000946202103116442539409

2021/3/11 13:16:11 # 支付成功回调参数： code ------ 1

2021/3/11 13:16:11 # 支付成功回调参数： mchId ------ 1607191737

2021/3/11 13:16:11 # 支付成功回调参数： orderNo ------ Y10415451969897

2021/3/11 13:16:11 # 支付成功回调参数： money ------ 0.01

2021/3/11 13:16:11 # 支付成功回调参数： openId ------ o-_-it5VkQc6PbbooQKt_85WmzE4

2021/3/11 13:16:11 # 支付成功回调参数： outTradeNo ------ 2103111041478882

2021/3/11 13:16:11 # 支付成功回调参数： sign ------ 82CABDD6DB137864D86E04964CC3A89C

2021/3/11 13:16:11 # 支付成功回调参数： payChannel ------ wxpay

2021/3/11 13:16:11 # 支付成功回调参数： time ------ 2021-03-11 10:41:59

2021/3/11 13:16:11 # 支付成功回调的新签名为 : 82CABDD6DB137864D86E04964CC3A89C

2021/3/11 13:22:27 # 支付成功回调参数： payNo ------ 4200000991202103108550116478

2021/3/11 13:22:27 # 支付成功回调参数： code ------ 1

2021/3/11 13:22:27 # 支付成功回调参数： mchId ------ 1607191737

2021/3/11 13:22:27 # 支付成功回调参数： orderNo ------ Y19175018864748

2021/3/11 13:22:27 # 支付成功回调参数： money ------ 0.01

2021/3/11 13:22:27 # 支付成功回调参数： openId ------ o-_-it5VkQc6PbbooQKt_85WmzE4

2021/3/11 13:22:27 # 支付成功回调参数： outTradeNo ------ 2103101917342293

2021/3/11 13:22:27 # 支付成功回调参数： sign ------ 004C40ECEA6D426E4663FAF6BF8F087F

2021/3/11 13:22:27 # 支付成功回调参数： payChannel ------ wxpay

2021/3/11 13:22:27 # 支付成功回调参数： time ------ 2021-03-10 19:18:03

2021/3/11 13:22:27 # 支付成功回调的新签名为 : 004C40ECEA6D426E4663FAF6BF8F087F

2021/3/11 13:26:59 # 支付成功回调参数： payNo ------ 4200000941202103100323685329

2021/3/11 13:26:59 # 支付成功回调参数： code ------ 1

2021/3/11 13:26:59 # 支付成功回调参数： mchId ------ 1607191737

2021/3/11 13:26:59 # 支付成功回调参数： orderNo ------ Y19222987246299

2021/3/11 13:26:59 # 支付成功回调参数： money ------ 0.01

2021/3/11 13:26:59 # 支付成功回调参数： openId ------ o-_-it5VkQc6PbbooQKt_85WmzE4

2021/3/11 13:26:59 # 支付成功回调参数： outTradeNo ------ 2103101921370712

2021/3/11 13:26:59 # 支付成功回调参数： sign ------ 12418BCA35EB7DC2668997B0D18CCFE1

2021/3/11 13:26:59 # 支付成功回调参数： payChannel ------ wxpay

2021/3/11 13:26:59 # 支付成功回调参数： time ------ 2021-03-10 19:22:35

2021/3/11 13:26:59 # 支付成功回调的新签名为 : 12418BCA35EB7DC2668997B0D18CCFE1

2021/3/11 13:39:20 # c:\wwwroot\WebSite\Ajax\AjaxData.aspx.cs(64): error CS1061: “Whir_Mem_Member_1”不包含“EndTime”的定义，并且找不到可接受类型为“Whir_Mem_Member_1”的第一个参数的扩展方法“EndTime”(是否缺少 using 指令或程序集引用?)
   在 System.Web.Compilation.BuildManager.CompileWebFile(VirtualPath virtualPath)
   在 System.Web.Compilation.BuildManager.GetVPathBuildResultInternal(VirtualPath virtualPath, Boolean noBuild, Boolean allowCrossApp, Boolean allowBuildInPrecompile, Boolean throwIfNotFound, Boolean ensureIsUpToDate)
   在 System.Web.Compilation.BuildManager.GetVPathBuildResultWithNoAssert(HttpContext context, VirtualPath virtualPath, Boolean noBuild, Boolean allowCrossApp, Boolean allowBuildInPrecompile, Boolean throwIfNotFound, Boolean ensureIsUpToDate)
   在 System.Web.Compilation.BuildManager.GetVirtualPathObjectFactory(VirtualPath virtualPath, HttpContext context, Boolean allowCrossApp, Boolean throwIfNotFound)
   在 System.Web.Compilation.BuildManager.CreateInstanceFromVirtualPath(VirtualPath virtualPath, Type requiredBaseType, HttpContext context, Boolean allowCrossApp)
   在 System.Web.UI.PageHandlerFactory.GetHandlerHelper(HttpContext context, String requestType, VirtualPath virtualPath, String physicalPath)
   在 System.Web.HttpApplication.MaterializeHandlerExecutionStep.System.Web.HttpApplication.IExecutionStep.Execute()
   在 System.Web.HttpApplication.ExecuteStepImpl(IExecutionStep step)
   在 System.Web.HttpApplication.ExecuteStep(IExecutionStep step, Boolean& completedSynchronously)

2021/3/11 13:39:31 # c:\wwwroot\WebSite\Ajax\AjaxData.aspx.cs(64): error CS1061: “Whir_Mem_Member_1”不包含“EndTime”的定义，并且找不到可接受类型为“Whir_Mem_Member_1”的第一个参数的扩展方法“EndTime”(是否缺少 using 指令或程序集引用?)
   在 System.Web.Compilation.BuildManager.CompileWebFile(VirtualPath virtualPath)
   在 System.Web.Compilation.BuildManager.GetVPathBuildResultInternal(VirtualPath virtualPath, Boolean noBuild, Boolean allowCrossApp, Boolean allowBuildInPrecompile, Boolean throwIfNotFound, Boolean ensureIsUpToDate)
   在 System.Web.Compilation.BuildManager.GetVPathBuildResultWithNoAssert(HttpContext context, VirtualPath virtualPath, Boolean noBuild, Boolean allowCrossApp, Boolean allowBuildInPrecompile, Boolean throwIfNotFound, Boolean ensureIsUpToDate)
   在 System.Web.Compilation.BuildManager.GetVirtualPathObjectFactory(VirtualPath virtualPath, HttpContext context, Boolean allowCrossApp, Boolean throwIfNotFound)
   在 System.Web.Compilation.BuildManager.CreateInstanceFromVirtualPath(VirtualPath virtualPath, Type requiredBaseType, HttpContext context, Boolean allowCrossApp)
   在 System.Web.UI.PageHandlerFactory.GetHandlerHelper(HttpContext context, String requestType, VirtualPath virtualPath, String physicalPath)
   在 System.Web.HttpApplication.MaterializeHandlerExecutionStep.System.Web.HttpApplication.IExecutionStep.Execute()
   在 System.Web.HttpApplication.ExecuteStepImpl(IExecutionStep step)
   在 System.Web.HttpApplication.ExecuteStep(IExecutionStep step, Boolean& completedSynchronously)

2021/3/11 13:39:40 # c:\wwwroot\WebSite\Ajax\AjaxData.aspx.cs(64): error CS1061: “Whir_Mem_Member_1”不包含“EndTime”的定义，并且找不到可接受类型为“Whir_Mem_Member_1”的第一个参数的扩展方法“EndTime”(是否缺少 using 指令或程序集引用?)
   在 System.Web.Compilation.BuildManager.PostProcessFoundBuildResult(BuildResult result, Boolean keyFromVPP, VirtualPath virtualPath)
   在 System.Web.Compilation.BuildManager.GetBuildResultFromCacheInternal(String cacheKey, Boolean keyFromVPP, VirtualPath virtualPath, Int64 hashCode, Boolean ensureIsUpToDate)
   在 System.Web.Compilation.BuildManager.GetVPathBuildResultFromCacheInternal(VirtualPath virtualPath, Boolean ensureIsUpToDate)
   在 System.Web.Compilation.BuildManager.GetVPathBuildResultInternal(VirtualPath virtualPath, Boolean noBuild, Boolean allowCrossApp, Boolean allowBuildInPrecompile, Boolean throwIfNotFound, Boolean ensureIsUpToDate)
   在 System.Web.Compilation.BuildManager.GetVPathBuildResultWithNoAssert(HttpContext context, VirtualPath virtualPath, Boolean noBuild, Boolean allowCrossApp, Boolean allowBuildInPrecompile, Boolean throwIfNotFound, Boolean ensureIsUpToDate)
   在 System.Web.Compilation.BuildManager.GetVirtualPathObjectFactory(VirtualPath virtualPath, HttpContext context, Boolean allowCrossApp, Boolean throwIfNotFound)
   在 System.Web.Compilation.BuildManager.CreateInstanceFromVirtualPath(VirtualPath virtualPath, Type requiredBaseType, HttpContext context, Boolean allowCrossApp)
   在 System.Web.UI.PageHandlerFactory.GetHandlerHelper(HttpContext context, String requestType, VirtualPath virtualPath, String physicalPath)
   在 System.Web.HttpApplication.MaterializeHandlerExecutionStep.System.Web.HttpApplication.IExecutionStep.Execute()
   在 System.Web.HttpApplication.ExecuteStepImpl(IExecutionStep step)
   在 System.Web.HttpApplication.ExecuteStep(IExecutionStep step, Boolean& completedSynchronously)

2021/3/11 13:46:19 # 支付成功回调参数： payNo ------ 4200000946202103116442539409

2021/3/11 13:46:19 # 支付成功回调参数： code ------ 1

2021/3/11 13:46:19 # 支付成功回调参数： mchId ------ 1607191737

2021/3/11 13:46:19 # 支付成功回调参数： orderNo ------ Y10415451969897

2021/3/11 13:46:19 # 支付成功回调参数： money ------ 0.01

2021/3/11 13:46:19 # 支付成功回调参数： openId ------ o-_-it5VkQc6PbbooQKt_85WmzE4

2021/3/11 13:46:19 # 支付成功回调参数： outTradeNo ------ 2103111041478882

2021/3/11 13:46:19 # 支付成功回调参数： sign ------ 82CABDD6DB137864D86E04964CC3A89C

2021/3/11 13:46:19 # 支付成功回调参数： payChannel ------ wxpay

2021/3/11 13:46:19 # 支付成功回调参数： time ------ 2021-03-11 10:41:59

2021/3/11 13:46:19 # 支付成功回调的新签名为 : 82CABDD6DB137864D86E04964CC3A89C

2021/3/11 14:20:04 # 开始下单 : 

2021/3/11 14:20:04 # 下单签名 : E72EDC16F78A59A1F808A0D158D853BF

2021/3/11 14:20:05 # 下单结果 : {"msg":"下单成功，请扫码支付","code":0,"data":"http://images.yungouos.com/merge/native/code/210311142004179515307.png"}

2021/3/11 14:20:11 # 开始下单 : 

2021/3/11 14:20:11 # 下单签名 : 12C72EB07C6F32E58A84D8B22B13BC6A

2021/3/11 14:20:12 # 下单结果 : {"msg":"下单成功，请扫码支付","code":0,"data":"http://images.yungouos.com/merge/native/code/210311142011605815307.png"}

2021/3/11 14:24:35 # 开始下单 : 

2021/3/11 14:24:35 # 下单签名 : BE46A0257AF0B84A417486E5D16EB18F

2021/3/11 14:24:36 # 下单结果 : {"msg":"下单成功，请扫码支付","code":0,"data":"http://images.yungouos.com/merge/native/code/210311142435201215307.png"}

2021/3/11 14:24:36 # 开始下单 : 

2021/3/11 14:24:36 # 下单签名 : 200205695B12CF332566891F9522FE8B

2021/3/11 14:24:37 # 下单结果 : {"msg":"下单成功，请扫码支付","code":0,"data":"http://images.yungouos.com/merge/native/code/210311142436717415307.png"}

2021/3/11 15:55:14 # 开始下单 : 

2021/3/11 15:55:14 # 下单签名 : 72585C53BF32B7636C91506C7CBC73FF

2021/3/11 15:55:14 # 下单结果 : {"msg":"下单成功，请扫码支付","code":0,"data":"http://images.yungouos.com/merge/native/code/210311155514116915307.png"}

2021/3/11 15:58:41 # 引发类型为“System.Web.HttpUnhandledException”的异常。 -- 在文件解密的时候出现错误！错误提示： 
Base-64 字符数组或字符串的长度无效。
   在 System.Web.UI.Page.HandleError(Exception e)
   在 System.Web.UI.Page.ProcessRequestMain(Boolean includeStagesBeforeAsyncPoint, Boolean includeStagesAfterAsyncPoint)
   在 System.Web.UI.Page.ProcessRequest(Boolean includeStagesBeforeAsyncPoint, Boolean includeStagesAfterAsyncPoint)
   在 System.Web.UI.Page.ProcessRequest()
   在 System.Web.UI.Page.ProcessRequest(HttpContext context)
   在 ASP.whir_system_modulemark_member_member_edit_aspx.ProcessRequest(HttpContext context) 位置 c:\Windows\Microsoft.NET\Framework64\v4.0.30319\Temporary ASP.NET Files\root\3feaf4f5\23222d20\App_Web_jmlovinp.10.cs:行号 0
   在 System.Web.HttpApplication.CallHandlerExecutionStep.System.Web.HttpApplication.IExecutionStep.Execute()
   在 System.Web.HttpApplication.ExecuteStepImpl(IExecutionStep step)
   在 System.Web.HttpApplication.ExecuteStep(IExecutionStep step, Boolean& completedSynchronously)

2021/3/11 15:58:46 # 引发类型为“System.Web.HttpUnhandledException”的异常。 -- 在文件解密的时候出现错误！错误提示： 
Base-64 字符数组或字符串的长度无效。
   在 System.Web.UI.Page.HandleError(Exception e)
   在 System.Web.UI.Page.ProcessRequestMain(Boolean includeStagesBeforeAsyncPoint, Boolean includeStagesAfterAsyncPoint)
   在 System.Web.UI.Page.ProcessRequest(Boolean includeStagesBeforeAsyncPoint, Boolean includeStagesAfterAsyncPoint)
   在 System.Web.UI.Page.ProcessRequest()
   在 System.Web.UI.Page.ProcessRequest(HttpContext context)
   在 ASP.whir_system_modulemark_member_member_edit_aspx.ProcessRequest(HttpContext context) 位置 c:\Windows\Microsoft.NET\Framework64\v4.0.30319\Temporary ASP.NET Files\root\3feaf4f5\23222d20\App_Web_jmlovinp.10.cs:行号 0
   在 System.Web.HttpApplication.CallHandlerExecutionStep.System.Web.HttpApplication.IExecutionStep.Execute()
   在 System.Web.HttpApplication.ExecuteStepImpl(IExecutionStep step)
   在 System.Web.HttpApplication.ExecuteStep(IExecutionStep step, Boolean& completedSynchronously)

2021/3/11 15:59:03 # 开始下单 : 

2021/3/11 15:59:03 # 下单签名 : C1A9B89D283773FB6F8038B90B98256C

2021/3/11 15:59:04 # 下单结果 : {"msg":"下单成功，请扫码支付","code":0,"data":"http://images.yungouos.com/merge/native/code/210311155903301415307.png"}

2021/3/11 16:16:12 # 支付成功回调参数： payNo ------ 4200000946202103116442539409

2021/3/11 16:16:12 # 支付成功回调参数： code ------ 1

2021/3/11 16:16:12 # 支付成功回调参数： mchId ------ 1607191737

2021/3/11 16:16:12 # 支付成功回调参数： orderNo ------ Y10415451969897

2021/3/11 16:16:12 # 支付成功回调参数： money ------ 0.01

2021/3/11 16:16:12 # 支付成功回调参数： openId ------ o-_-it5VkQc6PbbooQKt_85WmzE4

2021/3/11 16:16:12 # 支付成功回调参数： outTradeNo ------ 2103111041478882

2021/3/11 16:16:12 # 支付成功回调参数： sign ------ 82CABDD6DB137864D86E04964CC3A89C

2021/3/11 16:16:12 # 支付成功回调参数： payChannel ------ wxpay

2021/3/11 16:16:12 # 支付成功回调参数： time ------ 2021-03-11 10:41:59

2021/3/11 16:16:12 # 支付成功回调的新签名为 : 82CABDD6DB137864D86E04964CC3A89C

2021/3/11 16:46:20 # 支付成功回调参数： payNo ------ 4200000946202103116442539409

2021/3/11 16:46:20 # 支付成功回调参数： code ------ 1

2021/3/11 16:46:20 # 支付成功回调参数： mchId ------ 1607191737

2021/3/11 16:46:20 # 支付成功回调参数： orderNo ------ Y10415451969897

2021/3/11 16:46:20 # 支付成功回调参数： money ------ 0.01

2021/3/11 16:46:20 # 支付成功回调参数： openId ------ o-_-it5VkQc6PbbooQKt_85WmzE4

2021/3/11 16:46:20 # 支付成功回调参数： outTradeNo ------ 2103111041478882

2021/3/11 16:46:20 # 支付成功回调参数： sign ------ 82CABDD6DB137864D86E04964CC3A89C

2021/3/11 16:46:20 # 支付成功回调参数： payChannel ------ wxpay

2021/3/11 16:46:20 # 支付成功回调参数： time ------ 2021-03-11 10:41:59

2021/3/11 16:46:20 # 支付成功回调的新签名为 : 82CABDD6DB137864D86E04964CC3A89C

2021/3/11 18:12:25 # 支付成功回调参数： payNo ------ 4200000980202103108769264326

2021/3/11 18:12:25 # 支付成功回调参数： code ------ 1

2021/3/11 18:12:25 # 支付成功回调参数： mchId ------ 1607191737

2021/3/11 18:12:25 # 支付成功回调参数： orderNo ------ Y18380093784139

2021/3/11 18:12:25 # 支付成功回调参数： money ------ 0.01

2021/3/11 18:12:25 # 支付成功回调参数： openId ------ o-_-it5VkQc6PbbooQKt_85WmzE4

2021/3/11 18:12:25 # 支付成功回调参数： outTradeNo ------ 2103101834168583

2021/3/11 18:12:25 # 支付成功回调参数： sign ------ FACE86F040A75F7E5611B01C794AE064

2021/3/11 18:12:25 # 支付成功回调参数： payChannel ------ wxpay

2021/3/11 18:12:25 # 支付成功回调参数： time ------ 2021-03-10 18:38:07

2021/3/11 18:12:25 # 支付成功回调的新签名为 : FACE86F040A75F7E5611B01C794AE064

2021/3/11 18:22:58 # 支付成功回调参数： payNo ------ 4200000997202103105904796572

2021/3/11 18:22:58 # 支付成功回调参数： code ------ 1

2021/3/11 18:22:58 # 支付成功回调参数： mchId ------ 1607191737

2021/3/11 18:22:58 # 支付成功回调参数： orderNo ------ Y18483563787845

2021/3/11 18:22:58 # 支付成功回调参数： money ------ 0.01

2021/3/11 18:22:58 # 支付成功回调参数： openId ------ o-_-it5VkQc6PbbooQKt_85WmzE4

2021/3/11 18:22:58 # 支付成功回调参数： outTradeNo ------ 2103101848296758

2021/3/11 18:22:58 # 支付成功回调参数： sign ------ BB95395D7942F22A835770FB28D2ACE3

2021/3/11 18:22:58 # 支付成功回调参数： payChannel ------ wxpay

2021/3/11 18:22:58 # 支付成功回调参数： time ------ 2021-03-10 18:48:41

2021/3/11 18:22:58 # 支付成功回调的新签名为 : BB95395D7942F22A835770FB28D2ACE3

2021/3/11 18:30:51 # 开始下单 : 

2021/3/11 18:30:51 # 下单签名 : 49991955484EA91A34BE933B701AAD9A

2021/3/11 18:30:51 # 下单结果 : {"msg":"下单成功，请扫码支付","code":0,"data":"http://images.yungouos.com/merge/native/code/210311183051746115307.png"}

2021/3/11 18:52:20 # 支付成功回调参数： payNo ------ 4200000991202103108550116478

2021/3/11 18:52:20 # 支付成功回调参数： code ------ 1

2021/3/11 18:52:20 # 支付成功回调参数： mchId ------ 1607191737

2021/3/11 18:52:20 # 支付成功回调参数： orderNo ------ Y19175018864748

2021/3/11 18:52:20 # 支付成功回调参数： money ------ 0.01

2021/3/11 18:52:20 # 支付成功回调参数： openId ------ o-_-it5VkQc6PbbooQKt_85WmzE4

2021/3/11 18:52:20 # 支付成功回调参数： outTradeNo ------ 2103101917342293

2021/3/11 18:52:20 # 支付成功回调参数： sign ------ 004C40ECEA6D426E4663FAF6BF8F087F

2021/3/11 18:52:20 # 支付成功回调参数： payChannel ------ wxpay

2021/3/11 18:52:20 # 支付成功回调参数： time ------ 2021-03-10 19:18:03

2021/3/11 18:52:20 # 支付成功回调的新签名为 : 004C40ECEA6D426E4663FAF6BF8F087F

2021/3/11 18:56:53 # 支付成功回调参数： payNo ------ 4200000941202103100323685329

2021/3/11 18:56:53 # 支付成功回调参数： code ------ 1

2021/3/11 18:56:53 # 支付成功回调参数： mchId ------ 1607191737

2021/3/11 18:56:53 # 支付成功回调参数： orderNo ------ Y19222987246299

2021/3/11 18:56:53 # 支付成功回调参数： money ------ 0.01

2021/3/11 18:56:53 # 支付成功回调参数： openId ------ o-_-it5VkQc6PbbooQKt_85WmzE4

2021/3/11 18:56:53 # 支付成功回调参数： outTradeNo ------ 2103101921370712

2021/3/11 18:56:53 # 支付成功回调参数： sign ------ 12418BCA35EB7DC2668997B0D18CCFE1

2021/3/11 18:56:53 # 支付成功回调参数： payChannel ------ wxpay

2021/3/11 18:56:53 # 支付成功回调参数： time ------ 2021-03-10 19:22:35

2021/3/11 18:56:53 # 支付成功回调的新签名为 : 12418BCA35EB7DC2668997B0D18CCFE1

2021/3/11 19:16:14 # 支付成功回调参数： payNo ------ 4200000946202103116442539409

2021/3/11 19:16:14 # 支付成功回调参数： code ------ 1

2021/3/11 19:16:14 # 支付成功回调参数： mchId ------ 1607191737

2021/3/11 19:16:14 # 支付成功回调参数： orderNo ------ Y10415451969897

2021/3/11 19:16:14 # 支付成功回调参数： money ------ 0.01

2021/3/11 19:16:14 # 支付成功回调参数： openId ------ o-_-it5VkQc6PbbooQKt_85WmzE4

2021/3/11 19:16:14 # 支付成功回调参数： outTradeNo ------ 2103111041478882

2021/3/11 19:16:14 # 支付成功回调参数： sign ------ 82CABDD6DB137864D86E04964CC3A89C

2021/3/11 19:16:14 # 支付成功回调参数： payChannel ------ wxpay

2021/3/11 19:16:14 # 支付成功回调参数： time ------ 2021-03-11 10:41:59

2021/3/11 19:16:14 # 支付成功回调的新签名为 : 82CABDD6DB137864D86E04964CC3A89C

2021/3/11 19:46:21 # 支付成功回调参数： payNo ------ 4200000946202103116442539409

2021/3/11 19:46:21 # 支付成功回调参数： code ------ 1

2021/3/11 19:46:21 # 支付成功回调参数： mchId ------ 1607191737

2021/3/11 19:46:21 # 支付成功回调参数： orderNo ------ Y10415451969897

2021/3/11 19:46:21 # 支付成功回调参数： money ------ 0.01

2021/3/11 19:46:21 # 支付成功回调参数： openId ------ o-_-it5VkQc6PbbooQKt_85WmzE4

2021/3/11 19:46:21 # 支付成功回调参数： outTradeNo ------ 2103111041478882

2021/3/11 19:46:21 # 支付成功回调参数： sign ------ 82CABDD6DB137864D86E04964CC3A89C

2021/3/11 19:46:21 # 支付成功回调参数： payChannel ------ wxpay

2021/3/11 19:46:21 # 支付成功回调参数： time ------ 2021-03-11 10:41:59

2021/3/11 19:46:21 # 支付成功回调的新签名为 : 82CABDD6DB137864D86E04964CC3A89C

2021/3/11 21:04:07 # 开始下单 : 

2021/3/11 21:04:07 # 下单签名 : 2CBA13463D2526D9BCBDFA1DBD566842

2021/3/11 21:04:08 # 下单结果 : {"msg":"下单成功，请扫码支付","code":0,"data":"http://images.yungouos.com/merge/native/code/210311210407373715307.png"}

2021/3/11 21:05:16 # 开始下单 : 

2021/3/11 21:05:16 # 下单签名 : 9730FC70E355F6268FA330E885A7C227

2021/3/11 21:05:17 # 下单结果 : {"msg":"下单成功，请扫码支付","code":0,"data":"http://images.yungouos.com/merge/native/code/210311210516970615307.png"}

2021/3/11 21:10:48 # 开始下单 : 

2021/3/11 21:10:48 # 下单签名 : F506E196AFAB1D4B9315DE19D93C3F22

2021/3/11 21:10:52 # 下单结果 : {"msg":"下单成功，请扫码支付","code":0,"data":"http://images.yungouos.com/merge/native/code/210311211048551015307.png"}

2021/3/11 21:11:07 # 支付成功回调参数： payNo ------ 4200000982202103117802488781

2021/3/11 21:11:07 # 支付成功回调参数： code ------ 1

2021/3/11 21:11:07 # 支付成功回调参数： mchId ------ 1607191737

2021/3/11 21:11:07 # 支付成功回调参数： orderNo ------ Y21110272514195

2021/3/11 21:11:07 # 支付成功回调参数： money ------ 0.01

2021/3/11 21:11:07 # 支付成功回调参数： openId ------ o-_-it5yujvAgScL42UM7ZVFuH1s

2021/3/11 21:11:07 # 支付成功回调参数： outTradeNo ------ 2103112110485510

2021/3/11 21:11:07 # 支付成功回调参数： sign ------ 81F48AB3B470B9D79DF8B76FF9A49C12

2021/3/11 21:11:07 # 支付成功回调参数： payChannel ------ wxpay

2021/3/11 21:11:07 # 支付成功回调参数： time ------ 2021-03-11 21:11:06

2021/3/11 21:11:07 # 支付成功回调的新签名为 : 81F48AB3B470B9D79DF8B76FF9A49C12

2021/3/11 21:11:07 # 支付成功回调签名验证通过 。

2021/3/11 21:14:56 # 开始下单 : 

2021/3/11 21:14:57 # 下单签名 : 055E0B4F8ED004BC67CC914C0775B4EB

2021/3/11 21:14:58 # 下单结果 : {"msg":"下单成功，请扫码支付","code":0,"data":"http://images.yungouos.com/merge/native/code/210311211456199915307.png"}

2021/3/11 21:15:18 # 开始下单 : 

2021/3/11 21:15:19 # 下单签名 : 7FE13ECBB83F48DD6A2272AAB1628A1A

2021/3/11 21:15:20 # 下单结果 : {"msg":"下单成功，请扫码支付","code":0,"data":"http://images.yungouos.com/merge/native/code/210311211518416715307.png"}

2021/3/11 22:16:15 # 支付成功回调参数： payNo ------ 4200000946202103116442539409

2021/3/11 22:16:15 # 支付成功回调参数： code ------ 1

2021/3/11 22:16:15 # 支付成功回调参数： mchId ------ 1607191737

2021/3/11 22:16:15 # 支付成功回调参数： orderNo ------ Y10415451969897

2021/3/11 22:16:15 # 支付成功回调参数： money ------ 0.01

2021/3/11 22:16:15 # 支付成功回调参数： openId ------ o-_-it5VkQc6PbbooQKt_85WmzE4

2021/3/11 22:16:15 # 支付成功回调参数： outTradeNo ------ 2103111041478882

2021/3/11 22:16:15 # 支付成功回调参数： sign ------ 82CABDD6DB137864D86E04964CC3A89C

2021/3/11 22:16:15 # 支付成功回调参数： payChannel ------ wxpay

2021/3/11 22:16:15 # 支付成功回调参数： time ------ 2021-03-11 10:41:59

2021/3/11 22:16:15 # 支付成功回调的新签名为 : 82CABDD6DB137864D86E04964CC3A89C

2021/3/11 22:46:22 # 支付成功回调参数： payNo ------ 4200000946202103116442539409

2021/3/11 22:46:22 # 支付成功回调参数： code ------ 1

2021/3/11 22:46:22 # 支付成功回调参数： mchId ------ 1607191737

2021/3/11 22:46:22 # 支付成功回调参数： orderNo ------ Y10415451969897

2021/3/11 22:46:22 # 支付成功回调参数： money ------ 0.01

2021/3/11 22:46:22 # 支付成功回调参数： openId ------ o-_-it5VkQc6PbbooQKt_85WmzE4

2021/3/11 22:46:22 # 支付成功回调参数： outTradeNo ------ 2103111041478882

2021/3/11 22:46:22 # 支付成功回调参数： sign ------ 82CABDD6DB137864D86E04964CC3A89C

2021/3/11 22:46:22 # 支付成功回调参数： payChannel ------ wxpay

2021/3/11 22:46:22 # 支付成功回调参数： time ------ 2021-03-11 10:41:59

2021/3/11 22:46:22 # 支付成功回调的新签名为 : 82CABDD6DB137864D86E04964CC3A89C

