2021/3/31 0:00:06 # 开始下单 : 

2021/3/31 0:00:06 # 下单签名 : 9E9C271EE31DA76968FE776664EF24E5

2021/3/31 0:00:06 # 下单结果 : {"msg":"下单成功，请扫码支付","code":0,"data":"http://images.yungouos.com/merge/native/code/210331000006951315307.png"}

2021/3/31 0:00:09 # 开始下单 : 

2021/3/31 0:00:09 # 下单签名 : 1DE5391C1E5EE96C190851089026EB45

2021/3/31 0:00:09 # 下单结果 : {"msg":"下单成功，请扫码支付","code":0,"data":"http://images.yungouos.com/merge/native/code/210331000009476915307.png"}

2021/3/31 0:14:19 # 开始下单 : 

2021/3/31 0:14:19 # 下单签名 : 1246CFE285A10492F4184B76BAC66C1B

2021/3/31 0:14:20 # 下单结果 : {"msg":"下单成功，请扫码支付","code":0,"data":"http://images.yungouos.com/merge/native/code/210331001419103815307.png"}

2021/3/31 0:15:05 # 支付成功回调参数： payNo ------ 4200000985202103315094068255

2021/3/31 0:15:05 # 支付成功回调参数： code ------ 1

2021/3/31 0:15:05 # 支付成功回调参数： mchId ------ 1607191737

2021/3/31 0:15:05 # 支付成功回调参数： orderNo ------ Y00145133096984

2021/3/31 0:15:05 # 支付成功回调参数： money ------ 666.00

2021/3/31 0:15:05 # 支付成功回调参数： openId ------ o-_-it3zLo0pvqmX52q4L-ZKC-2k

2021/3/31 0:15:05 # 支付成功回调参数： outTradeNo ------ 2103310014191038

2021/3/31 0:15:05 # 支付成功回调参数： sign ------ 1C1E3C57825722B342D23E94D34BEB0A

2021/3/31 0:15:05 # 支付成功回调参数： payChannel ------ wxpay

2021/3/31 0:15:05 # 支付成功回调参数： time ------ 2021-03-31 00:15:04

2021/3/31 0:15:05 # 支付成功回调的新签名为 : 1C1E3C57825722B342D23E94D34BEB0A

2021/3/31 0:15:05 # 支付成功回调签名验证通过 。

2021/3/31 0:16:20 # 开始下单 : 

2021/3/31 0:16:20 # 下单签名 : E7D733FFA3F684D54FD5BA173A76C685

2021/3/31 0:16:20 # 下单结果 : {"msg":"下单成功，请扫码支付","code":0,"data":"http://images.yungouos.com/merge/native/code/210331001620797815307.png"}

2021/3/31 0:46:12 # 开始下单 : 

2021/3/31 0:46:12 # 下单签名 : A999E22856A9B1D072DF6BCA9923D16C

2021/3/31 0:46:12 # 下单结果 : {"msg":"下单成功，请扫码支付","code":0,"data":"http://images.yungouos.com/merge/native/code/210331004612093815307.png"}

2021/3/31 0:48:37 # 开始下单 : 

2021/3/31 0:48:37 # 下单签名 : 7BE7F25DD30E08B58E57AACBC7270576

2021/3/31 0:48:37 # 下单结果 : {"msg":"下单成功，请扫码支付","code":0,"data":"http://images.yungouos.com/merge/native/code/210331004837116415307.png"}

2021/3/31 0:49:10 # 支付成功回调参数： payNo ------ 2021033122001465561410170106

2021/3/31 0:49:10 # 支付成功回调参数： code ------ 1

2021/3/31 0:49:10 # 支付成功回调参数： mchId ------ 2088110896172724

2021/3/31 0:49:10 # 支付成功回调参数： orderNo ------ Y00463252329982

2021/3/31 0:49:10 # 支付成功回调参数： money ------ 666.00

2021/3/31 0:49:10 # 支付成功回调参数： outTradeNo ------ 2103310046120938

2021/3/31 0:49:10 # 支付成功回调参数： sign ------ A6A22A7E69D87BA7E56B1B86257D5D01

2021/3/31 0:49:10 # 支付成功回调参数： payChannel ------ alipay

2021/3/31 0:49:10 # 支付成功回调参数： time ------ 2021-03-31 00:49:08

2021/3/31 0:49:10 # 支付成功回调的新签名为 : A6A22A7E69D87BA7E56B1B86257D5D01

2021/3/31 0:49:10 # 支付成功回调签名验证通过 。

2021/3/31 0:49:25 # 开始下单 : 

2021/3/31 0:49:25 # 下单签名 : 3FE113AB6B088F86648EC4712D55108C

2021/3/31 0:49:26 # 下单结果 : {"msg":"下单成功，请扫码支付","code":0,"data":"http://images.yungouos.com/merge/native/code/210331004925700915307.png"}

2021/3/31 1:45:58 # 开始下单 : 

2021/3/31 1:45:58 # 下单签名 : F057F6FE4DCC2484FBA43A1FF1FEA6A8

2021/3/31 1:45:58 # 下单结果 : {"msg":"下单成功，请扫码支付","code":0,"data":"http://images.yungouos.com/merge/native/code/210331014558884415307.png"}

2021/3/31 2:05:26 # 支付成功回调参数： payNo ------ 2021033122001413351414935875

2021/3/31 2:05:26 # 支付成功回调参数： code ------ 1

2021/3/31 2:05:26 # 支付成功回调参数： mchId ------ 2088110896172724

2021/3/31 2:05:26 # 支付成功回调参数： orderNo ------ Y01491332541977

2021/3/31 2:05:26 # 支付成功回调参数： money ------ 666.00

2021/3/31 2:05:26 # 支付成功回调参数： outTradeNo ------ 2103310145588844

2021/3/31 2:05:26 # 支付成功回调参数： sign ------ F55B7010AE8D095510D0739BDB381135

2021/3/31 2:05:26 # 支付成功回调参数： payChannel ------ alipay

2021/3/31 2:05:26 # 支付成功回调参数： time ------ 2021-03-31 02:05:24

2021/3/31 2:05:26 # 支付成功回调的新签名为 : F55B7010AE8D095510D0739BDB381135

2021/3/31 2:05:26 # 支付成功回调签名验证通过 。

2021/3/31 9:20:52 # 开始下单 : 

2021/3/31 9:20:52 # 下单签名 : 5B3384D011248516427B2686FEF68E08

2021/3/31 9:20:53 # 下单结果 : {"msg":"下单成功，请扫码支付","code":0,"data":"http://images.yungouos.com/merge/native/code/210331092052273515307.png"}

2021/3/31 9:26:53 # 支付成功回调参数： payNo ------ 4200000985202103317119392052

2021/3/31 9:26:53 # 支付成功回调参数： code ------ 1

2021/3/31 9:26:53 # 支付成功回调参数： mchId ------ 1607191737

2021/3/31 9:26:53 # 支付成功回调参数： orderNo ------ Y09254394160188

2021/3/31 9:26:53 # 支付成功回调参数： money ------ 666.00

2021/3/31 9:26:53 # 支付成功回调参数： openId ------ o-_-it9Mi0fQnrSeguuSnYWwPVqo

2021/3/31 9:26:53 # 支付成功回调参数： outTradeNo ------ 2103310920522735

2021/3/31 9:26:53 # 支付成功回调参数： sign ------ AF618E49C2F92A7BE8A4294743B32C49

2021/3/31 9:26:53 # 支付成功回调参数： payChannel ------ wxpay

2021/3/31 9:26:53 # 支付成功回调参数： time ------ 2021-03-31 09:26:51

2021/3/31 9:26:53 # 支付成功回调的新签名为 : AF618E49C2F92A7BE8A4294743B32C49

2021/3/31 9:26:53 # 支付成功回调签名验证通过 。

2021/3/31 10:13:12 # 开始下单 : 

2021/3/31 10:13:12 # 下单签名 : DD325AAFE8546834FCFF00C32994974F

2021/3/31 10:13:12 # 下单结果 : {"msg":"下单成功，请扫码支付","code":0,"data":"http://images.yungouos.com/merge/native/code/210331101312208515307.png"}

2021/3/31 10:46:11 # 开始下单 : 

2021/3/31 10:46:11 # 下单签名 : 32563544522FC1E6C29E074B9592D797

2021/3/31 10:46:11 # 下单结果 : {"msg":"下单成功，请扫码支付","code":0,"data":"http://images.yungouos.com/merge/native/code/210331104611673615307.png"}

2021/3/31 11:19:03 # 开始下单 : 

2021/3/31 11:19:03 # 下单签名 : FBB379C9A7D03BB08CD5FE42FDDF907D

2021/3/31 11:19:03 # 下单结果 : {"msg":"下单成功，请扫码支付","code":0,"data":"http://images.yungouos.com/merge/native/code/210331111903716015307.png"}

2021/3/31 11:19:39 # 支付成功回调参数： payNo ------ 2021033122001447161431604582

2021/3/31 11:19:39 # 支付成功回调参数： code ------ 1

2021/3/31 11:19:39 # 支付成功回调参数： mchId ------ 2088110896172724

2021/3/31 11:19:39 # 支付成功回调参数： orderNo ------ Y11192341577267

2021/3/31 11:19:39 # 支付成功回调参数： money ------ 666.00

2021/3/31 11:19:39 # 支付成功回调参数： outTradeNo ------ 2103311119037160

2021/3/31 11:19:39 # 支付成功回调参数： sign ------ BB75B2A8149C524E45CDD00A0316FB1B

2021/3/31 11:19:39 # 支付成功回调参数： payChannel ------ alipay

2021/3/31 11:19:39 # 支付成功回调参数： time ------ 2021-03-31 11:19:37

2021/3/31 11:19:39 # 支付成功回调的新签名为 : BB75B2A8149C524E45CDD00A0316FB1B

2021/3/31 11:19:39 # 支付成功回调签名验证通过 。

2021/3/31 11:26:36 # 开始下单 : 

2021/3/31 11:26:36 # 下单签名 : 039ADCCEBC3F4312AECFDD51EB513E3A

2021/3/31 11:26:36 # 下单结果 : {"msg":"下单成功，请扫码支付","code":0,"data":"http://images.yungouos.com/merge/native/code/210331112636538215307.png"}

2021/3/31 11:26:58 # 支付成功回调参数： payNo ------ 2021033122001471191437912045

2021/3/31 11:26:58 # 支付成功回调参数： code ------ 1

2021/3/31 11:26:58 # 支付成功回调参数： mchId ------ 2088110896172724

2021/3/31 11:26:58 # 支付成功回调参数： orderNo ------ Y11265110051625

2021/3/31 11:26:58 # 支付成功回调参数： money ------ 666.00

2021/3/31 11:26:58 # 支付成功回调参数： outTradeNo ------ 2103311126365382

2021/3/31 11:26:58 # 支付成功回调参数： sign ------ B644BE2412934A8FA05B5F5B704EFC3E

2021/3/31 11:26:58 # 支付成功回调参数： payChannel ------ alipay

2021/3/31 11:26:58 # 支付成功回调参数： time ------ 2021-03-31 11:26:56

2021/3/31 11:26:58 # 支付成功回调的新签名为 : B644BE2412934A8FA05B5F5B704EFC3E

2021/3/31 11:26:58 # 支付成功回调签名验证通过 。

2021/3/31 11:27:04 # 开始下单 : 

2021/3/31 11:27:04 # 下单签名 : 2996D91D77C3A1E99AF25B1B6748874A

2021/3/31 11:27:05 # 下单结果 : {"msg":"下单成功，请扫码支付","code":0,"data":"http://images.yungouos.com/merge/native/code/210331112704379415307.png"}

2021/3/31 12:27:18 # 开始下单 : 

2021/3/31 12:27:18 # 下单签名 : 5169553C9EC2DEAEC83D940BFEDF7183

2021/3/31 12:27:19 # 下单结果 : {"msg":"下单成功，请扫码支付","code":0,"data":"http://images.yungouos.com/merge/native/code/210331122718184715307.png"}

2021/3/31 12:28:27 # 开始下单 : 

2021/3/31 12:28:27 # 下单签名 : 97B6F4F454022654C5044316C2495CE2

2021/3/31 12:28:27 # 下单结果 : {"msg":"下单成功，请扫码支付","code":0,"data":"http://images.yungouos.com/merge/native/code/210331122827382315307.png"}

2021/3/31 12:28:54 # 开始下单 : 

2021/3/31 12:28:54 # 下单签名 : EC428E9C9CBAD5E234A8F71E8EE11183

2021/3/31 12:28:54 # 下单结果 : {"msg":"下单成功，请扫码支付","code":0,"data":"http://images.yungouos.com/merge/native/code/210331122854748715307.png"}

2021/3/31 12:30:35 # 开始下单 : 

2021/3/31 12:30:35 # 下单签名 : 74D59F6D4AD4B6C35536F44EFE31BD1A

2021/3/31 12:30:36 # 下单结果 : {"msg":"下单成功，请扫码支付","code":0,"data":"http://images.yungouos.com/merge/native/code/210331123035499215307.png"}

2021/3/31 12:30:56 # 支付成功回调参数： payNo ------ 4200000941202103314564258890

2021/3/31 12:30:56 # 支付成功回调参数： code ------ 1

2021/3/31 12:30:56 # 支付成功回调参数： mchId ------ 1607191737

2021/3/31 12:30:56 # 支付成功回调参数： orderNo ------ Y12295756587543

2021/3/31 12:30:56 # 支付成功回调参数： money ------ 666.00

2021/3/31 12:30:56 # 支付成功回调参数： openId ------ o-_-it3T5xdlkxEUJVx_pt9CXgIk

2021/3/31 12:30:56 # 支付成功回调参数： outTradeNo ------ 2103311228547487

2021/3/31 12:30:56 # 支付成功回调参数： sign ------ EA33F51BDD6DFE55E36AF290A371BF30

2021/3/31 12:30:56 # 支付成功回调参数： payChannel ------ wxpay

2021/3/31 12:30:56 # 支付成功回调参数： time ------ 2021-03-31 12:30:55

2021/3/31 12:30:56 # 支付成功回调的新签名为 : EA33F51BDD6DFE55E36AF290A371BF30

2021/3/31 12:30:56 # 支付成功回调签名验证通过 。

2021/3/31 12:31:16 # 支付成功回调参数： payNo ------ 2021033122001459891436959379

2021/3/31 12:31:16 # 支付成功回调参数： code ------ 1

2021/3/31 12:31:16 # 支付成功回调参数： mchId ------ 2088110896172724

2021/3/31 12:31:16 # 支付成功回调参数： orderNo ------ Y12310186925101

2021/3/31 12:31:16 # 支付成功回调参数： money ------ 666.00

2021/3/31 12:31:16 # 支付成功回调参数： outTradeNo ------ 2103311230354992

2021/3/31 12:31:16 # 支付成功回调参数： sign ------ 36DE2A7B201F4A1D409FB31B86C2D39A

2021/3/31 12:31:16 # 支付成功回调参数： payChannel ------ alipay

2021/3/31 12:31:16 # 支付成功回调参数： time ------ 2021-03-31 12:31:14

2021/3/31 12:31:16 # 支付成功回调的新签名为 : 36DE2A7B201F4A1D409FB31B86C2D39A

2021/3/31 12:31:16 # 支付成功回调签名验证通过 。

2021/3/31 12:41:37 # 开始下单 : 

2021/3/31 12:41:37 # 下单签名 : 2731EFDFE7CE486E2B0F26C6BCDD479D

2021/3/31 12:41:37 # 下单结果 : {"msg":"下单成功，请扫码支付","code":0,"data":"http://images.yungouos.com/merge/native/code/210331124137630515307.png"}

2021/3/31 12:42:22 # 支付成功回调参数： payNo ------ 2021033122001404501404914491

2021/3/31 12:42:22 # 支付成功回调参数： code ------ 1

2021/3/31 12:42:22 # 支付成功回调参数： mchId ------ 2088110896172724

2021/3/31 12:42:22 # 支付成功回调参数： orderNo ------ Y12421213535670

2021/3/31 12:42:22 # 支付成功回调参数： money ------ 666.00

2021/3/31 12:42:22 # 支付成功回调参数： outTradeNo ------ 2103311241376305

2021/3/31 12:42:22 # 支付成功回调参数： sign ------ C71502BCA9007005E4E3BE35CE3E123F

2021/3/31 12:42:22 # 支付成功回调参数： payChannel ------ alipay

2021/3/31 12:42:22 # 支付成功回调参数： time ------ 2021-03-31 12:42:18

2021/3/31 12:42:22 # 支付成功回调的新签名为 : C71502BCA9007005E4E3BE35CE3E123F

2021/3/31 12:42:22 # 支付成功回调签名验证通过 。

2021/3/31 13:17:04 # 开始下单 : 

2021/3/31 13:17:04 # 下单签名 : 226A0441AB809B737DCE781056AB40C2

2021/3/31 13:17:04 # 下单结果 : {"msg":"下单成功，请扫码支付","code":0,"data":"http://images.yungouos.com/merge/native/code/210331131704350315307.png"}

2021/3/31 13:18:05 # 支付成功回调参数： payNo ------ 4200000990202103315838961787

2021/3/31 13:18:05 # 支付成功回调参数： code ------ 1

2021/3/31 13:18:05 # 支付成功回调参数： mchId ------ 1607191737

2021/3/31 13:18:05 # 支付成功回调参数： orderNo ------ Y13175399906892

2021/3/31 13:18:05 # 支付成功回调参数： money ------ 666.00

2021/3/31 13:18:05 # 支付成功回调参数： openId ------ o-_-it5YNO7wDYQ_KZtO-es9UOew

2021/3/31 13:18:05 # 支付成功回调参数： outTradeNo ------ 2103311317043503

2021/3/31 13:18:05 # 支付成功回调参数： sign ------ 93FD255F919C685C8B111EDD8F2AED8A

2021/3/31 13:18:05 # 支付成功回调参数： payChannel ------ wxpay

2021/3/31 13:18:05 # 支付成功回调参数： time ------ 2021-03-31 13:18:04

2021/3/31 13:18:05 # 支付成功回调的新签名为 : 93FD255F919C685C8B111EDD8F2AED8A

2021/3/31 13:18:05 # 支付成功回调签名验证通过 。

2021/3/31 13:18:12 # 开始下单 : 

2021/3/31 13:18:12 # 下单签名 : 93CE1006BE8D80FBE374D212DA26BDF1

2021/3/31 13:18:12 # 下单结果 : {"msg":"下单成功，请扫码支付","code":0,"data":"http://images.yungouos.com/merge/native/code/210331131812575015307.png"}

2021/3/31 14:10:01 # 开始下单 : 

2021/3/31 14:10:01 # 下单签名 : 2364709AB995CD9FCB49163FE67CE5FF

2021/3/31 14:10:01 # 下单结果 : {"msg":"下单成功，请扫码支付","code":0,"data":"http://images.yungouos.com/merge/native/code/210331141001378515307.png"}

2021/3/31 14:11:08 # 支付成功回调参数： payNo ------ 4200000943202103317463946142

2021/3/31 14:11:08 # 支付成功回调参数： code ------ 1

2021/3/31 14:11:08 # 支付成功回调参数： mchId ------ 1607191737

2021/3/31 14:11:08 # 支付成功回调参数： orderNo ------ Y14110031724404

2021/3/31 14:11:08 # 支付成功回调参数： money ------ 666.00

2021/3/31 14:11:08 # 支付成功回调参数： openId ------ o-_-it1S98xFx2zjeQ9LYAeyce_0

2021/3/31 14:11:08 # 支付成功回调参数： outTradeNo ------ 2103311410013785

2021/3/31 14:11:08 # 支付成功回调参数： sign ------ 2CAA7DA7A259905E77BF83E7277B12D1

2021/3/31 14:11:08 # 支付成功回调参数： payChannel ------ wxpay

2021/3/31 14:11:08 # 支付成功回调参数： time ------ 2021-03-31 14:11:07

2021/3/31 14:11:08 # 支付成功回调的新签名为 : 2CAA7DA7A259905E77BF83E7277B12D1

2021/3/31 14:11:08 # 支付成功回调签名验证通过 。

2021/3/31 14:46:44 # 开始下单 : 

2021/3/31 14:46:44 # 下单签名 : EA589BDBF8728B7336207083FB2201C0

2021/3/31 14:46:45 # 下单结果 : {"msg":"下单成功，请扫码支付","code":0,"data":"http://images.yungouos.com/merge/native/code/210331144644187015307.png"}

2021/3/31 15:24:08 # 开始下单 : 

2021/3/31 15:24:08 # 下单签名 : 61CD056C2179185A8596576F7B16BA1E

2021/3/31 15:24:09 # 下单结果 : {"msg":"下单成功，请扫码支付","code":0,"data":"http://images.yungouos.com/merge/native/code/210331152408127115307.png"}

2021/3/31 15:50:34 # 开始下单 : 

2021/3/31 15:50:34 # 下单签名 : B721C71486752C38A8B40AC43E08187F

2021/3/31 15:50:34 # 下单结果 : {"msg":"下单成功，请扫码支付","code":0,"data":"http://images.yungouos.com/merge/native/code/210331155034322115307.png"}

2021/3/31 15:51:00 # 支付成功回调参数： payNo ------ 2021033122001468271415626858

2021/3/31 15:51:00 # 支付成功回调参数： code ------ 1

2021/3/31 15:51:00 # 支付成功回调参数： mchId ------ 2088110896172724

2021/3/31 15:51:00 # 支付成功回调参数： orderNo ------ Y15504911541911

2021/3/31 15:51:00 # 支付成功回调参数： money ------ 1688.00

2021/3/31 15:51:00 # 支付成功回调参数： outTradeNo ------ 2103311550343221

2021/3/31 15:51:00 # 支付成功回调参数： sign ------ 67C37ACD349F18EFCCBF78B41D6698D4

2021/3/31 15:51:00 # 支付成功回调参数： payChannel ------ alipay

2021/3/31 15:51:00 # 支付成功回调参数： time ------ 2021-03-31 15:50:57

2021/3/31 15:51:00 # 支付成功回调的新签名为 : 67C37ACD349F18EFCCBF78B41D6698D4

2021/3/31 15:51:00 # 支付成功回调签名验证通过 。

2021/3/31 16:35:56 # 开始下单 : 

2021/3/31 16:35:56 # 下单签名 : 731168B7F2D0809DF122B7810E76BC3C

2021/3/31 16:35:57 # 下单结果 : {"msg":"下单成功，请扫码支付","code":0,"data":"http://images.yungouos.com/merge/native/code/210331163556529115307.png"}

2021/3/31 16:36:33 # 支付成功回调参数： payNo ------ 2021033122001437001414873967

2021/3/31 16:36:33 # 支付成功回调参数： code ------ 1

2021/3/31 16:36:33 # 支付成功回调参数： mchId ------ 2088110896172724

2021/3/31 16:36:33 # 支付成功回调参数： orderNo ------ Y16361961408069

2021/3/31 16:36:33 # 支付成功回调参数： money ------ 666.00

2021/3/31 16:36:33 # 支付成功回调参数： outTradeNo ------ 2103311635565291

2021/3/31 16:36:33 # 支付成功回调参数： sign ------ 8265AE6FE3FA88705F9FE2C7C7EA575D

2021/3/31 16:36:33 # 支付成功回调参数： payChannel ------ alipay

2021/3/31 16:36:33 # 支付成功回调参数： time ------ 2021-03-31 16:36:31

2021/3/31 16:36:33 # 支付成功回调的新签名为 : 8265AE6FE3FA88705F9FE2C7C7EA575D

2021/3/31 16:36:33 # 支付成功回调签名验证通过 。

2021/3/31 17:24:27 # 开始下单 : 

2021/3/31 17:24:27 # 下单签名 : E8C857EB98D18641C6F2597E41C9191A

2021/3/31 17:24:27 # 下单结果 : {"msg":"下单成功，请扫码支付","code":0,"data":"http://images.yungouos.com/merge/native/code/210331172427931315307.png"}

2021/3/31 17:25:50 # 支付成功回调参数： payNo ------ 2021033122001422761421397070

2021/3/31 17:25:50 # 支付成功回调参数： code ------ 1

2021/3/31 17:25:50 # 支付成功回调参数： mchId ------ 2088110896172724

2021/3/31 17:25:50 # 支付成功回调参数： orderNo ------ Y17252852943328

2021/3/31 17:25:50 # 支付成功回调参数： money ------ 666.00

2021/3/31 17:25:50 # 支付成功回调参数： outTradeNo ------ 2103311724279313

2021/3/31 17:25:50 # 支付成功回调参数： sign ------ AC47657E5A0185586A7DB1C800C7A408

2021/3/31 17:25:50 # 支付成功回调参数： payChannel ------ alipay

2021/3/31 17:25:50 # 支付成功回调参数： time ------ 2021-03-31 17:25:47

2021/3/31 17:25:50 # 支付成功回调的新签名为 : AC47657E5A0185586A7DB1C800C7A408

2021/3/31 17:25:50 # 支付成功回调签名验证通过 。

2021/3/31 17:26:39 # 开始下单 : 

2021/3/31 17:26:39 # 下单签名 : 14A3430ACF99F1944075B99EC5B5F984

2021/3/31 17:26:39 # 下单结果 : {"msg":"下单成功，请扫码支付","code":0,"data":"http://images.yungouos.com/merge/native/code/210331172639717615307.png"}

2021/3/31 17:28:08 # 支付成功回调参数： payNo ------ 4200000992202103313933449976

2021/3/31 17:28:08 # 支付成功回调参数： code ------ 1

2021/3/31 17:28:08 # 支付成功回调参数： mchId ------ 1607191737

2021/3/31 17:28:08 # 支付成功回调参数： orderNo ------ Y17265897074526

2021/3/31 17:28:08 # 支付成功回调参数： money ------ 666.00

2021/3/31 17:28:08 # 支付成功回调参数： openId ------ o-_-it9qxUyiWIj4jVtYFnYV1xSs

2021/3/31 17:28:08 # 支付成功回调参数： outTradeNo ------ 2103311726397176

2021/3/31 17:28:08 # 支付成功回调参数： sign ------ C2E13BECB906BCC61F9BB44990A0BAE9

2021/3/31 17:28:08 # 支付成功回调参数： payChannel ------ wxpay

2021/3/31 17:28:08 # 支付成功回调参数： time ------ 2021-03-31 17:28:06

2021/3/31 17:28:08 # 支付成功回调的新签名为 : C2E13BECB906BCC61F9BB44990A0BAE9

2021/3/31 17:28:08 # 支付成功回调签名验证通过 。

2021/3/31 19:11:09 # 开始下单 : 

2021/3/31 19:11:09 # 下单签名 : D8437A99D1EFD7EF71A1F5C4BBDC0E01

2021/3/31 19:11:09 # 下单结果 : {"msg":"下单成功，请扫码支付","code":0,"data":"http://images.yungouos.com/merge/native/code/210331191109678015307.png"}

2021/3/31 19:28:04 # 支付成功回调参数： payNo ------ 2021033122001465811434878884

2021/3/31 19:28:04 # 支付成功回调参数： code ------ 1

2021/3/31 19:28:04 # 支付成功回调参数： mchId ------ 2088110896172724

2021/3/31 19:28:04 # 支付成功回调参数： orderNo ------ Y19274516908559

2021/3/31 19:28:04 # 支付成功回调参数： money ------ 1688.00

2021/3/31 19:28:04 # 支付成功回调参数： outTradeNo ------ 2103311911096780

2021/3/31 19:28:04 # 支付成功回调参数： sign ------ 3050F10900DA95805CCF76B3B3751C1C

2021/3/31 19:28:04 # 支付成功回调参数： payChannel ------ alipay

2021/3/31 19:28:04 # 支付成功回调参数： time ------ 2021-03-31 19:28:02

2021/3/31 19:28:04 # 支付成功回调的新签名为 : 3050F10900DA95805CCF76B3B3751C1C

2021/3/31 19:28:04 # 支付成功回调签名验证通过 。

2021/3/31 19:55:43 # 开始下单 : 

2021/3/31 19:55:43 # 下单签名 : B2007E6F84BC9177C1B74F827CB5B5EA

2021/3/31 19:55:43 # 下单结果 : {"msg":"下单成功，请扫码支付","code":0,"data":"http://images.yungouos.com/merge/native/code/210331195543927415307.png"}

2021/3/31 19:56:54 # 支付成功回调参数： payNo ------ 4200000989202103318635202820

2021/3/31 19:56:54 # 支付成功回调参数： code ------ 1

2021/3/31 19:56:54 # 支付成功回调参数： mchId ------ 1607191737

2021/3/31 19:56:54 # 支付成功回调参数： orderNo ------ Y19564516828977

2021/3/31 19:56:54 # 支付成功回调参数： money ------ 1688.00

2021/3/31 19:56:54 # 支付成功回调参数： openId ------ o-_-it4d2Iu5AOEj9nK1qjzEa23Q

2021/3/31 19:56:54 # 支付成功回调参数： outTradeNo ------ 2103311955439274

2021/3/31 19:56:54 # 支付成功回调参数： sign ------ FEBDB5464B6F8DDA3A9BA240740DC969

2021/3/31 19:56:54 # 支付成功回调参数： payChannel ------ wxpay

2021/3/31 19:56:54 # 支付成功回调参数： time ------ 2021-03-31 19:56:53

2021/3/31 19:56:54 # 支付成功回调的新签名为 : FEBDB5464B6F8DDA3A9BA240740DC969

2021/3/31 19:56:54 # 支付成功回调签名验证通过 。

2021/3/31 20:02:27 # 开始下单 : 

2021/3/31 20:02:27 # 下单签名 : ED57B500389FFF960FB78964571FDC49

2021/3/31 20:02:27 # 下单结果 : {"msg":"下单成功，请扫码支付","code":0,"data":"http://images.yungouos.com/merge/native/code/210331200227940715307.png"}

2021/3/31 20:02:41 # 开始下单 : 

2021/3/31 20:02:41 # 下单签名 : 53DDF4AF173D777059A10C17F5A91336

2021/3/31 20:02:41 # 下单结果 : {"msg":"下单成功，请扫码支付","code":0,"data":"http://images.yungouos.com/merge/native/code/210331200241332615307.png"}

2021/3/31 20:02:47 # 开始下单 : 

2021/3/31 20:02:47 # 下单签名 : 4CA0760820D679E307C1D3E094801D62

2021/3/31 20:02:47 # 下单结果 : {"msg":"下单成功，请扫码支付","code":0,"data":"http://images.yungouos.com/merge/native/code/210331200247312615307.png"}

2021/3/31 20:02:52 # 开始下单 : 

2021/3/31 20:02:53 # 下单签名 : 456CBB05ACC8509E2AAAABD5AA8ADCE0

2021/3/31 20:02:53 # 下单结果 : {"msg":"下单成功，请扫码支付","code":0,"data":"http://images.yungouos.com/merge/native/code/210331200252920015307.png"}

2021/3/31 20:05:07 # 开始下单 : 

2021/3/31 20:05:07 # 下单签名 : E5CD4E5EB25282674030BD637B66FB10

2021/3/31 20:05:08 # 下单结果 : {"msg":"下单成功，请扫码支付","code":0,"data":"http://images.yungouos.com/merge/native/code/210331200507478515307.png"}

2021/3/31 20:08:04 # 开始下单 : 

2021/3/31 20:08:04 # 下单签名 : 68A57B2B087376BD9BF88F1F4447837A

2021/3/31 20:08:04 # 下单结果 : {"msg":"下单成功，请扫码支付","code":0,"data":"http://images.yungouos.com/merge/native/code/210331200804912615307.png"}

2021/3/31 20:13:06 # 开始下单 : 

2021/3/31 20:13:06 # 下单签名 : A9166336D3535476965445E003913BE3

2021/3/31 20:13:07 # 下单结果 : {"msg":"下单成功，请扫码支付","code":0,"data":"http://images.yungouos.com/merge/native/code/210331201306518415307.png"}

2021/3/31 20:15:44 # 支付成功回调参数： payNo ------ 4200000992202103317880775445

2021/3/31 20:15:44 # 支付成功回调参数： code ------ 1

2021/3/31 20:15:44 # 支付成功回调参数： mchId ------ 1607191737

2021/3/31 20:15:44 # 支付成功回调参数： orderNo ------ Y20135723704378

2021/3/31 20:15:44 # 支付成功回调参数： money ------ 666.00

2021/3/31 20:15:44 # 支付成功回调参数： openId ------ o-_-it6j0uqMaVM6-Awc7TKuogWg

2021/3/31 20:15:44 # 支付成功回调参数： outTradeNo ------ 2103312013065184

2021/3/31 20:15:44 # 支付成功回调参数： sign ------ 96AA084EDD71D61E28C954F68B2D6A80

2021/3/31 20:15:44 # 支付成功回调参数： payChannel ------ wxpay

2021/3/31 20:15:44 # 支付成功回调参数： time ------ 2021-03-31 20:15:43

2021/3/31 20:15:44 # 支付成功回调的新签名为 : 96AA084EDD71D61E28C954F68B2D6A80

2021/3/31 20:15:44 # 支付成功回调签名验证通过 。

2021/3/31 20:23:07 # 开始下单 : 

2021/3/31 20:23:07 # 下单签名 : EDA95491E174A8F204E721E091739231

2021/3/31 20:23:08 # 下单结果 : {"msg":"下单成功，请扫码支付","code":0,"data":"http://images.yungouos.com/merge/native/code/210331202307124915307.png"}

2021/3/31 20:24:02 # 支付成功回调参数： payNo ------ 2021033122001416521409685097

2021/3/31 20:24:02 # 支付成功回调参数： code ------ 1

2021/3/31 20:24:02 # 支付成功回调参数： mchId ------ 2088110896172724

2021/3/31 20:24:02 # 支付成功回调参数： orderNo ------ Y20235017374705

2021/3/31 20:24:02 # 支付成功回调参数： money ------ 666.00

2021/3/31 20:24:02 # 支付成功回调参数： outTradeNo ------ 2103312023071249

2021/3/31 20:24:02 # 支付成功回调参数： sign ------ D2A381AC5F9D4BA36E2E659F11B52619

2021/3/31 20:24:02 # 支付成功回调参数： payChannel ------ alipay

2021/3/31 20:24:02 # 支付成功回调参数： time ------ 2021-03-31 20:24:00

2021/3/31 20:24:02 # 支付成功回调的新签名为 : D2A381AC5F9D4BA36E2E659F11B52619

2021/3/31 20:24:02 # 支付成功回调签名验证通过 。

2021/3/31 20:24:52 # 开始下单 : 

2021/3/31 20:24:52 # 下单签名 : 21D65C58D5664675D501542A68C93195

2021/3/31 20:24:56 # 下单结果 : {"msg":"下单成功，请扫码支付","code":0,"data":"http://images.yungouos.com/merge/native/code/210331202452733015307.png"}

2021/3/31 20:25:04 # 开始下单 : 

2021/3/31 20:25:04 # 下单签名 : A4FCFFCEAE4F2F3A143E871678B58EDC

2021/3/31 20:25:05 # 下单结果 : {"msg":"下单成功，请扫码支付","code":0,"data":"http://images.yungouos.com/merge/native/code/210331202504428315307.png"}

2021/3/31 20:34:45 # 开始下单 : 

2021/3/31 20:34:45 # 下单签名 : 5EA6D1C25892FE59E9DD586F7AD75A39

2021/3/31 20:34:45 # 下单结果 : {"msg":"下单成功，请扫码支付","code":0,"data":"http://images.yungouos.com/merge/native/code/210331203445209815307.png"}

2021/3/31 20:50:19 # 开始下单 : 

2021/3/31 20:50:19 # 下单签名 : 28C1A87A995EA3B17236AE993E4D8609

2021/3/31 20:50:20 # 下单结果 : {"msg":"下单成功，请扫码支付","code":0,"data":"http://images.yungouos.com/merge/native/code/210331205019886915307.png"}

2021/3/31 20:55:22 # 支付成功回调参数： payNo ------ 4200000990202103316968948328

2021/3/31 20:55:22 # 支付成功回调参数： code ------ 1

2021/3/31 20:55:22 # 支付成功回调参数： mchId ------ 1607191737

2021/3/31 20:55:22 # 支付成功回调参数： orderNo ------ Y20550753598887

2021/3/31 20:55:22 # 支付成功回调参数： money ------ 666.00

2021/3/31 20:55:22 # 支付成功回调参数： openId ------ o-_-it_lh4khUuTkJn7-kyTk1K5I

2021/3/31 20:55:22 # 支付成功回调参数： outTradeNo ------ 2103312050198869

2021/3/31 20:55:22 # 支付成功回调参数： sign ------ 0D12CE4637EB5915D73D05FF256B7BCE

2021/3/31 20:55:22 # 支付成功回调参数： payChannel ------ wxpay

2021/3/31 20:55:22 # 支付成功回调参数： time ------ 2021-03-31 20:55:21

2021/3/31 20:55:22 # 支付成功回调的新签名为 : 0D12CE4637EB5915D73D05FF256B7BCE

2021/3/31 20:55:22 # 支付成功回调签名验证通过 。

2021/3/31 21:46:45 # 开始下单 : 

2021/3/31 21:46:45 # 下单签名 : 250DF878B4028D3941179C6CA2994460

2021/3/31 21:46:45 # 下单结果 : {"msg":"下单成功，请扫码支付","code":0,"data":"http://images.yungouos.com/merge/native/code/210331214645602315307.png"}

2021/3/31 22:02:27 # 开始下单 : 

2021/3/31 22:02:27 # 下单签名 : 185BF736C3415D0529D13B18E8E43D32

2021/3/31 22:02:27 # 下单结果 : {"msg":"下单成功，请扫码支付","code":0,"data":"http://images.yungouos.com/merge/native/code/210331220227496015307.png"}

2021/3/31 23:21:03 # 开始下单 : 

2021/3/31 23:21:03 # 下单签名 : DF3747A7D0C21D1F34C3E8C63ADED4F3

2021/3/31 23:21:04 # 下单结果 : {"msg":"下单成功，请扫码支付","code":0,"data":"http://images.yungouos.com/merge/native/code/210331232103771915307.png"}

2021/3/31 23:22:23 # 支付成功回调参数： payNo ------ 4200000995202103313819526880

2021/3/31 23:22:23 # 支付成功回调参数： code ------ 1

2021/3/31 23:22:23 # 支付成功回调参数： mchId ------ 1607191737

2021/3/31 23:22:23 # 支付成功回调参数： orderNo ------ Y23220444850189

2021/3/31 23:22:23 # 支付成功回调参数： money ------ 666.00

2021/3/31 23:22:23 # 支付成功回调参数： openId ------ o-_-it9mgZP0w1RYVfCYVToOhNdE

2021/3/31 23:22:23 # 支付成功回调参数： outTradeNo ------ 2103312321037719

2021/3/31 23:22:23 # 支付成功回调参数： sign ------ 1B18CF0A2AA6138E921F4E33DBA168E7

2021/3/31 23:22:23 # 支付成功回调参数： payChannel ------ wxpay

2021/3/31 23:22:23 # 支付成功回调参数： time ------ 2021-03-31 23:22:22

2021/3/31 23:22:23 # 支付成功回调的新签名为 : 1B18CF0A2AA6138E921F4E33DBA168E7

2021/3/31 23:22:23 # 支付成功回调签名验证通过 。

2021/3/31 23:23:33 # 开始下单 : 

2021/3/31 23:23:33 # 下单签名 : D09C13479823CAEBE9D1E1D0B70C2AA5

2021/3/31 23:23:34 # 下单结果 : {"msg":"下单成功，请扫码支付","code":0,"data":"http://images.yungouos.com/merge/native/code/210331232333627115307.png"}

2021/3/31 23:24:21 # 支付成功回调参数： payNo ------ 4200000988202103310021728939

2021/3/31 23:24:21 # 支付成功回调参数： code ------ 1

2021/3/31 23:24:21 # 支付成功回调参数： mchId ------ 1607191737

2021/3/31 23:24:21 # 支付成功回调参数： orderNo ------ Y23241213473805

2021/3/31 23:24:21 # 支付成功回调参数： money ------ 666.00

2021/3/31 23:24:21 # 支付成功回调参数： openId ------ o-_-it-bZWFD_r8eHY0UTIZFLrX4

2021/3/31 23:24:21 # 支付成功回调参数： outTradeNo ------ 2103312323336271

2021/3/31 23:24:21 # 支付成功回调参数： sign ------ 31A32BD016EFE5DC6B1E13D3B56FCC11

2021/3/31 23:24:21 # 支付成功回调参数： payChannel ------ wxpay

2021/3/31 23:24:21 # 支付成功回调参数： time ------ 2021-03-31 23:24:20

2021/3/31 23:24:21 # 支付成功回调的新签名为 : 31A32BD016EFE5DC6B1E13D3B56FCC11

2021/3/31 23:24:21 # 支付成功回调签名验证通过 。

2021/3/31 23:28:43 # 开始下单 : 

2021/3/31 23:28:43 # 下单签名 : 8CFAE0ABBDF86044BD387B3DD9FA3E9D

2021/3/31 23:28:44 # 下单结果 : {"msg":"下单成功，请扫码支付","code":0,"data":"http://images.yungouos.com/merge/native/code/210331232843126215307.png"}

2021/3/31 23:29:39 # 开始下单 : 

2021/3/31 23:29:39 # 下单签名 : C35BE22FFE85F81290E8BF130DAEB5BA

2021/3/31 23:29:40 # 下单结果 : {"msg":"下单成功，请扫码支付","code":0,"data":"http://images.yungouos.com/merge/native/code/210331232939489015307.png"}

2021/3/31 23:30:40 # 开始下单 : 

2021/3/31 23:30:40 # 下单签名 : 5BEC096DEED4967CCE8D219BA374304D

2021/3/31 23:30:41 # 下单结果 : {"msg":"下单成功，请扫码支付","code":0,"data":"http://images.yungouos.com/merge/native/code/210331233040840315307.png"}

2021/3/31 23:30:42 # 开始下单 : 

2021/3/31 23:30:42 # 下单签名 : 34BBD912ACC663F8FF2F1A6710218BE7

2021/3/31 23:30:42 # 下单结果 : {"msg":"下单成功，请扫码支付","code":0,"data":"http://images.yungouos.com/merge/native/code/210331233042590015307.png"}

2021/3/31 23:30:46 # 开始下单 : 

2021/3/31 23:30:46 # 下单签名 : ECC774280723FF61F7B1FC6E43C6B8B1

2021/3/31 23:30:46 # 下单结果 : {"msg":"下单成功，请扫码支付","code":0,"data":"http://images.yungouos.com/merge/native/code/210331233046342215307.png"}

2021/3/31 23:31:17 # 支付成功回调参数： payNo ------ 2021033122001449301412995344

2021/3/31 23:31:17 # 支付成功回调参数： code ------ 1

2021/3/31 23:31:17 # 支付成功回调参数： mchId ------ 2088110896172724

2021/3/31 23:31:17 # 支付成功回调参数： orderNo ------ Y23310751153683

2021/3/31 23:31:17 # 支付成功回调参数： money ------ 666.00

2021/3/31 23:31:17 # 支付成功回调参数： outTradeNo ------ 2103312330463422

2021/3/31 23:31:17 # 支付成功回调参数： sign ------ C506404D84381D865AD35C75E5390BA7

2021/3/31 23:31:17 # 支付成功回调参数： payChannel ------ alipay

2021/3/31 23:31:17 # 支付成功回调参数： time ------ 2021-03-31 23:31:15

2021/3/31 23:31:17 # 支付成功回调的新签名为 : C506404D84381D865AD35C75E5390BA7

2021/3/31 23:31:17 # 支付成功回调签名验证通过 。

2021/3/31 23:42:48 # 开始下单 : 

2021/3/31 23:42:48 # 下单签名 : 06D68E09BD084585D0718067C9FE3173

2021/3/31 23:42:49 # 下单结果 : {"msg":"下单成功，请扫码支付","code":0,"data":"http://images.yungouos.com/merge/native/code/210331234248169915307.png"}

2021/3/31 23:43:32 # 支付成功回调参数： payNo ------ 2021033122001446811436673598

2021/3/31 23:43:32 # 支付成功回调参数： code ------ 1

2021/3/31 23:43:32 # 支付成功回调参数： mchId ------ 2088110896172724

2021/3/31 23:43:32 # 支付成功回调参数： orderNo ------ Y23431458219766

2021/3/31 23:43:32 # 支付成功回调参数： money ------ 666.00

2021/3/31 23:43:32 # 支付成功回调参数： outTradeNo ------ 2103312342481699

2021/3/31 23:43:32 # 支付成功回调参数： sign ------ B89B47A58DCECE04B2C03F35E5BB1F0F

2021/3/31 23:43:32 # 支付成功回调参数： payChannel ------ alipay

2021/3/31 23:43:32 # 支付成功回调参数： time ------ 2021-03-31 23:43:30

2021/3/31 23:43:32 # 支付成功回调的新签名为 : B89B47A58DCECE04B2C03F35E5BB1F0F

2021/3/31 23:43:32 # 支付成功回调签名验证通过 。

2021/3/31 23:48:20 # 开始下单 : 

2021/3/31 23:48:20 # 下单签名 : 7D30C7667C3EE6FF77362C757BDFB7E0

2021/3/31 23:48:21 # 下单结果 : {"msg":"下单成功，请扫码支付","code":0,"data":"http://images.yungouos.com/merge/native/code/210331234820234815307.png"}

