2021/3/23 0:20:16 # 开始下单 : 

2021/3/23 0:20:16 # 下单签名 : 9DF94D69820CD14657D9095D8F5E599A

2021/3/23 0:20:17 # 下单结果 : {"msg":"下单成功，请扫码支付","code":0,"data":"http://images.yungouos.com/merge/native/code/210323002016329015307.png"}

2021/3/23 0:20:21 # 开始下单 : 

2021/3/23 0:20:21 # 下单签名 : 0DA477FB2F12BCE2B4CAE6EC0D84A134

2021/3/23 0:20:21 # 下单结果 : {"msg":"下单成功，请扫码支付","code":0,"data":"http://images.yungouos.com/merge/native/code/210323002021224915307.png"}

2021/3/23 0:22:12 # 支付成功回调参数： payNo ------ 4200000991202103236885221257

2021/3/23 0:22:12 # 支付成功回调参数： code ------ 1

2021/3/23 0:22:12 # 支付成功回调参数： mchId ------ 1607191737

2021/3/23 0:22:12 # 支付成功回调参数： orderNo ------ Y00215847283734

2021/3/23 0:22:12 # 支付成功回调参数： money ------ 666.00

2021/3/23 0:22:12 # 支付成功回调参数： openId ------ o-_-it2NXvunwFK0HO5J64NmhFcQ

2021/3/23 0:22:12 # 支付成功回调参数： outTradeNo ------ 2103230020212249

2021/3/23 0:22:12 # 支付成功回调参数： sign ------ 90CC9FB7CE86A990FA76BAFBE738503A

2021/3/23 0:22:12 # 支付成功回调参数： payChannel ------ wxpay

2021/3/23 0:22:12 # 支付成功回调参数： time ------ 2021-03-23 00:22:08

2021/3/23 0:22:12 # 支付成功回调的新签名为 : 90CC9FB7CE86A990FA76BAFBE738503A

2021/3/23 0:22:12 # 支付成功回调签名验证通过 。

2021/3/23 0:43:07 # 开始下单 : 

2021/3/23 0:43:08 # 下单签名 : C10F1EA202F6B061034921F35B5BD897

2021/3/23 0:43:08 # 下单结果 : {"msg":"下单成功，请扫码支付","code":0,"data":"http://images.yungouos.com/merge/native/code/210323004307111915307.png"}

2021/3/23 0:44:11 # 支付成功回调参数： payNo ------ 4200000995202103234734659062

2021/3/23 0:44:11 # 支付成功回调参数： code ------ 1

2021/3/23 0:44:11 # 支付成功回调参数： mchId ------ 1607191737

2021/3/23 0:44:11 # 支付成功回调参数： orderNo ------ Y00440094391382

2021/3/23 0:44:11 # 支付成功回调参数： money ------ 666.00

2021/3/23 0:44:11 # 支付成功回调参数： openId ------ o-_-it9Lr-mKcVhl4K3JkcGu0IDo

2021/3/23 0:44:11 # 支付成功回调参数： outTradeNo ------ 2103230043071119

2021/3/23 0:44:11 # 支付成功回调参数： sign ------ DA2986B7B4E340CBDC9C895092BDBD7A

2021/3/23 0:44:11 # 支付成功回调参数： payChannel ------ wxpay

2021/3/23 0:44:11 # 支付成功回调参数： time ------ 2021-03-23 00:44:10

2021/3/23 0:44:11 # 支付成功回调的新签名为 : DA2986B7B4E340CBDC9C895092BDBD7A

2021/3/23 0:44:11 # 支付成功回调签名验证通过 。

2021/3/23 4:50:04 # 开始下单 : 

2021/3/23 4:50:04 # 下单签名 : 07488DE6F61B8FD429E2F62E2FF92A31

2021/3/23 4:50:05 # 下单结果 : {"msg":"下单成功，请扫码支付","code":0,"data":"http://images.yungouos.com/merge/native/code/210323045004491615307.png"}

2021/3/23 4:50:14 # 开始下单 : 

2021/3/23 4:50:14 # 下单签名 : B40A6F05FD17BE1B83001F7834F63E91

2021/3/23 4:50:15 # 下单结果 : {"msg":"下单成功，请扫码支付","code":0,"data":"http://images.yungouos.com/merge/native/code/210323045014817715307.png"}

2021/3/23 4:50:42 # 开始下单 : 

2021/3/23 4:50:42 # 下单签名 : 3A7EE46739081EB54B03D899459F6491

2021/3/23 4:50:43 # 下单结果 : {"msg":"下单成功，请扫码支付","code":0,"data":"http://images.yungouos.com/merge/native/code/210323045042420415307.png"}

2021/3/23 8:58:28 # 开始下单 : 

2021/3/23 8:58:28 # 下单签名 : CBA7AE738D129D5C648D926D7978DC10

2021/3/23 8:58:37 # 下单结果 : {"msg":"下单成功，请扫码支付","code":0,"data":"http://images.yungouos.com/merge/native/code/210323085828521115307.png"}

2021/3/23 10:02:08 # 开始下单 : 

2021/3/23 10:02:08 # 下单签名 : 115CDB53C000EEA8F6EF311B67D89F18

2021/3/23 10:02:08 # 下单结果 : {"msg":"下单成功，请扫码支付","code":0,"data":"http://images.yungouos.com/merge/native/code/210323100208449715307.png"}

2021/3/23 10:02:14 # 开始下单 : 

2021/3/23 10:02:14 # 下单签名 : A876D2112F77EB0A0035EABB2894B3C4

2021/3/23 10:02:14 # 下单结果 : {"msg":"下单成功，请扫码支付","code":0,"data":"http://images.yungouos.com/merge/native/code/210323100214634515307.png"}

2021/3/23 10:02:54 # 支付成功回调参数： payNo ------ 2021032322001440421404396121

2021/3/23 10:02:54 # 支付成功回调参数： code ------ 1

2021/3/23 10:02:54 # 支付成功回调参数： mchId ------ 2088110896172724

2021/3/23 10:02:54 # 支付成功回调参数： orderNo ------ Y10023929156917

2021/3/23 10:02:54 # 支付成功回调参数： money ------ 666.00

2021/3/23 10:02:54 # 支付成功回调参数： outTradeNo ------ 2103231002146345

2021/3/23 10:02:54 # 支付成功回调参数： sign ------ 011DB1B4F5970640CF0EE3CDE426E4C4

2021/3/23 10:02:54 # 支付成功回调参数： payChannel ------ alipay

2021/3/23 10:02:54 # 支付成功回调参数： time ------ 2021-03-23 10:02:51

2021/3/23 10:02:54 # 支付成功回调的新签名为 : 011DB1B4F5970640CF0EE3CDE426E4C4

2021/3/23 10:02:54 # 支付成功回调签名验证通过 。

2021/3/23 11:16:22 # 开始下单 : 

2021/3/23 11:16:22 # 下单签名 : 48DD2828F68A33737C86C08901854F31

2021/3/23 11:16:23 # 下单结果 : {"msg":"下单成功，请扫码支付","code":0,"data":"http://images.yungouos.com/merge/native/code/210323111622861415307.png"}

2021/3/23 11:21:34 # 开始下单 : 

2021/3/23 11:21:34 # 下单签名 : EB1EB4DED3E0B103416B4F57D5AE124D

2021/3/23 11:21:34 # 下单结果 : {"msg":"下单成功，请扫码支付","code":0,"data":"http://images.yungouos.com/merge/native/code/210323112134132415307.png"}

2021/3/23 11:24:00 # 支付成功回调参数： payNo ------ 4200000990202103239740229875

2021/3/23 11:24:00 # 支付成功回调参数： code ------ 1

2021/3/23 11:24:00 # 支付成功回调参数： mchId ------ 1607191737

2021/3/23 11:24:00 # 支付成功回调参数： orderNo ------ Y11225198550833

2021/3/23 11:24:00 # 支付成功回调参数： money ------ 666.00

2021/3/23 11:24:00 # 支付成功回调参数： openId ------ o-_-it_Yg25PgskQgeHBElU8pTtQ

2021/3/23 11:24:00 # 支付成功回调参数： outTradeNo ------ 2103231121341324

2021/3/23 11:24:00 # 支付成功回调参数： sign ------ AF3FF2415745437B36AEE6B88E44BA35

2021/3/23 11:24:00 # 支付成功回调参数： payChannel ------ wxpay

2021/3/23 11:24:00 # 支付成功回调参数： time ------ 2021-03-23 11:23:58

2021/3/23 11:24:00 # 支付成功回调的新签名为 : AF3FF2415745437B36AEE6B88E44BA35

2021/3/23 11:24:00 # 支付成功回调签名验证通过 。

2021/3/23 11:24:51 # 开始下单 : 

2021/3/23 11:24:51 # 下单签名 : 45F614087E8B85A60F6BE9A2FCD9B794

2021/3/23 11:24:51 # 下单结果 : {"msg":"下单成功，请扫码支付","code":0,"data":"http://images.yungouos.com/merge/native/code/210323112451989715307.png"}

2021/3/23 11:24:58 # 开始下单 : 

2021/3/23 11:24:58 # 下单签名 : F8C3C0D46F2ECAE586EF68D8B7931252

2021/3/23 11:24:58 # 下单结果 : {"msg":"下单成功，请扫码支付","code":0,"data":"http://images.yungouos.com/merge/native/code/210323112458870115307.png"}

2021/3/23 11:56:00 # 开始下单 : 

2021/3/23 11:56:00 # 下单签名 : D9F954770E9ABEA0449C7ADBAC44F73F

2021/3/23 11:56:00 # 下单结果 : {"msg":"下单成功，请扫码支付","code":0,"data":"http://images.yungouos.com/merge/native/code/210323115600139915307.png"}

2021/3/23 11:56:22 # 支付成功回调参数： payNo ------ 2021032322001485601404793134

2021/3/23 11:56:22 # 支付成功回调参数： code ------ 1

2021/3/23 11:56:22 # 支付成功回调参数： mchId ------ 2088110896172724

2021/3/23 11:56:22 # 支付成功回调参数： orderNo ------ Y11561411852943

2021/3/23 11:56:22 # 支付成功回调参数： money ------ 666.00

2021/3/23 11:56:22 # 支付成功回调参数： outTradeNo ------ 2103231156001399

2021/3/23 11:56:22 # 支付成功回调参数： sign ------ CE707B9171F4B9056917C46E01F64D3F

2021/3/23 11:56:22 # 支付成功回调参数： payChannel ------ alipay

2021/3/23 11:56:22 # 支付成功回调参数： time ------ 2021-03-23 11:56:21

2021/3/23 11:56:22 # 支付成功回调的新签名为 : CE707B9171F4B9056917C46E01F64D3F

2021/3/23 11:56:22 # 支付成功回调签名验证通过 。

2021/3/23 12:01:04 # 请求在此上下文中不可用
   在 System.Web.UI.Page.get_Request()
   在 Whir.ezEIP.Web.SysManagePageBase.IsHadLogin()
   在 UEditorHandler.ProcessRequest(HttpContext context) 位置 c:\wwwroot\WebSite\Editor\ueditor\net\controller.ashx:行号 14
   在 System.Web.HttpApplication.CallHandlerExecutionStep.System.Web.HttpApplication.IExecutionStep.Execute()
   在 System.Web.HttpApplication.ExecuteStepImpl(IExecutionStep step)
   在 System.Web.HttpApplication.ExecuteStep(IExecutionStep step, Boolean& completedSynchronously)

2021/3/23 12:19:11 # 请求在此上下文中不可用
   在 System.Web.UI.Page.get_Request()
   在 Whir.ezEIP.Web.SysManagePageBase.IsHadLogin()
   在 UEditorHandler.ProcessRequest(HttpContext context) 位置 c:\wwwroot\WebSite\Editor\ueditor\net\controller.ashx:行号 14
   在 System.Web.HttpApplication.CallHandlerExecutionStep.System.Web.HttpApplication.IExecutionStep.Execute()
   在 System.Web.HttpApplication.ExecuteStepImpl(IExecutionStep step)
   在 System.Web.HttpApplication.ExecuteStep(IExecutionStep step, Boolean& completedSynchronously)

2021/3/23 12:39:19 # 开始下单 : 

2021/3/23 12:39:19 # 下单签名 : 0A5A22D3175C69CFFDC4AADF1B71D6E5

2021/3/23 12:39:19 # 下单结果 : {"msg":"下单成功，请扫码支付","code":0,"data":"http://images.yungouos.com/merge/native/code/210323123919694115307.png"}

2021/3/23 12:39:25 # 开始下单 : 

2021/3/23 12:39:25 # 下单签名 : 32D00BC30CD36CB68CADB007BCC2EE5E

2021/3/23 12:39:25 # 下单结果 : {"msg":"下单成功，请扫码支付","code":0,"data":"http://images.yungouos.com/merge/native/code/210323123925871415307.png"}

2021/3/23 12:40:57 # 开始下单 : 

2021/3/23 12:40:58 # 下单签名 : 68AEB316895B29A24B6DFF3C611C98C6

2021/3/23 12:40:58 # 下单结果 : {"msg":"下单成功，请扫码支付","code":0,"data":"http://images.yungouos.com/merge/native/code/210323124057105615307.png"}

2021/3/23 12:41:56 # 支付成功回调参数： payNo ------ 2021032322001460151417082015

2021/3/23 12:41:56 # 支付成功回调参数： code ------ 1

2021/3/23 12:41:56 # 支付成功回调参数： mchId ------ 2088110896172724

2021/3/23 12:41:56 # 支付成功回调参数： orderNo ------ Y12413498570436

2021/3/23 12:41:56 # 支付成功回调参数： money ------ 666.00

2021/3/23 12:41:56 # 支付成功回调参数： outTradeNo ------ 2103231240571056

2021/3/23 12:41:56 # 支付成功回调参数： sign ------ 20D5977D24C665F04C58EF26AB699A95

2021/3/23 12:41:56 # 支付成功回调参数： payChannel ------ alipay

2021/3/23 12:41:56 # 支付成功回调参数： time ------ 2021-03-23 12:41:54

2021/3/23 12:41:56 # 支付成功回调的新签名为 : 20D5977D24C665F04C58EF26AB699A95

2021/3/23 12:41:56 # 支付成功回调签名验证通过 。

2021/3/23 12:42:52 # 开始下单 : 

2021/3/23 12:42:52 # 下单签名 : C4ACD11A015DF716CC7100AD049CBE04

2021/3/23 12:42:52 # 下单结果 : {"msg":"下单成功，请扫码支付","code":0,"data":"http://images.yungouos.com/merge/native/code/210323124252267815307.png"}

2021/3/23 12:43:06 # 开始下单 : 

2021/3/23 12:43:06 # 下单签名 : A9B4A4B0BFB83B3CE40AD2E3BF8969CE

2021/3/23 12:43:07 # 下单结果 : {"msg":"下单成功，请扫码支付","code":0,"data":"http://images.yungouos.com/merge/native/code/210323124306206615307.png"}

2021/3/23 13:08:33 # 开始下单 : 

2021/3/23 13:08:33 # 下单签名 : 2F33C7445ABBC0E51ADECA72F7707F8B

2021/3/23 13:08:34 # 下单结果 : {"msg":"下单成功，请扫码支付","code":0,"data":"http://images.yungouos.com/merge/native/code/210323130833096615307.png"}

2021/3/23 13:10:27 # 开始下单 : 

2021/3/23 13:10:27 # 下单签名 : BAB2568B765AAB9F19A2A6928B06CE6B

2021/3/23 13:10:28 # 下单结果 : {"msg":"下单成功，请扫码支付","code":0,"data":"http://images.yungouos.com/merge/native/code/210323131027993815307.png"}

2021/3/23 13:11:07 # 支付成功回调参数： payNo ------ 2021032322001478761406654156

2021/3/23 13:11:07 # 支付成功回调参数： code ------ 1

2021/3/23 13:11:07 # 支付成功回调参数： mchId ------ 2088110896172724

2021/3/23 13:11:07 # 支付成功回调参数： orderNo ------ Y13105962844039

2021/3/23 13:11:07 # 支付成功回调参数： money ------ 666.00

2021/3/23 13:11:07 # 支付成功回调参数： outTradeNo ------ 2103231310279938

2021/3/23 13:11:07 # 支付成功回调参数： sign ------ 45BC3DDB75320A0BC53BC297B2742567

2021/3/23 13:11:07 # 支付成功回调参数： payChannel ------ alipay

2021/3/23 13:11:07 # 支付成功回调参数： time ------ 2021-03-23 13:11:06

2021/3/23 13:11:07 # 支付成功回调的新签名为 : 45BC3DDB75320A0BC53BC297B2742567

2021/3/23 13:11:07 # 支付成功回调签名验证通过 。

2021/3/23 13:13:09 # 开始下单 : 

2021/3/23 13:13:09 # 下单签名 : 7A344D5716A7C51D3B52B646A62C33D1

2021/3/23 13:13:10 # 下单结果 : {"msg":"下单成功，请扫码支付","code":0,"data":"http://images.yungouos.com/merge/native/code/210323131309354915307.png"}

2021/3/23 13:13:27 # 支付成功回调参数： payNo ------ 2021032322001450951423195599

2021/3/23 13:13:27 # 支付成功回调参数： code ------ 1

2021/3/23 13:13:27 # 支付成功回调参数： mchId ------ 2088110896172724

2021/3/23 13:13:27 # 支付成功回调参数： orderNo ------ Y13132017060470

2021/3/23 13:13:27 # 支付成功回调参数： money ------ 666.00

2021/3/23 13:13:27 # 支付成功回调参数： outTradeNo ------ 2103231313093549

2021/3/23 13:13:27 # 支付成功回调参数： sign ------ 9B67DE93D83C76F4193E417F7A2F3DB5

2021/3/23 13:13:27 # 支付成功回调参数： payChannel ------ alipay

2021/3/23 13:13:27 # 支付成功回调参数： time ------ 2021-03-23 13:13:25

2021/3/23 13:13:27 # 支付成功回调的新签名为 : 9B67DE93D83C76F4193E417F7A2F3DB5

2021/3/23 13:13:27 # 支付成功回调签名验证通过 。

2021/3/23 13:14:46 # 开始下单 : 

2021/3/23 13:14:46 # 下单签名 : 4B440165495F99C61803D7BE19575F87

2021/3/23 13:14:47 # 下单结果 : {"msg":"下单成功，请扫码支付","code":0,"data":"http://images.yungouos.com/merge/native/code/210323131446024915307.png"}

2021/3/23 13:15:57 # 开始下单 : 

2021/3/23 13:15:57 # 下单签名 : 52A71A4CC98D2E9CD5BF6243F68D73C9

2021/3/23 13:15:58 # 下单结果 : {"msg":"下单成功，请扫码支付","code":0,"data":"http://images.yungouos.com/merge/native/code/210323131557353615307.png"}

2021/3/23 13:16:34 # 支付成功回调参数： payNo ------ 2021032322001430761412053876

2021/3/23 13:16:34 # 支付成功回调参数： code ------ 1

2021/3/23 13:16:34 # 支付成功回调参数： mchId ------ 2088110896172724

2021/3/23 13:16:34 # 支付成功回调参数： orderNo ------ Y13162142478620

2021/3/23 13:16:34 # 支付成功回调参数： money ------ 666.00

2021/3/23 13:16:34 # 支付成功回调参数： outTradeNo ------ 2103231315573536

2021/3/23 13:16:34 # 支付成功回调参数： sign ------ 143B9FF30E047DEFE4E4A3FB3FF10EB0

2021/3/23 13:16:34 # 支付成功回调参数： payChannel ------ alipay

2021/3/23 13:16:34 # 支付成功回调参数： time ------ 2021-03-23 13:16:33

2021/3/23 13:16:34 # 支付成功回调的新签名为 : 143B9FF30E047DEFE4E4A3FB3FF10EB0

2021/3/23 13:16:34 # 支付成功回调签名验证通过 。

2021/3/23 13:18:07 # 开始下单 : 

2021/3/23 13:18:07 # 下单签名 : 5384A69F86ADA27DF5889CB5D178A721

2021/3/23 13:18:07 # 下单结果 : {"msg":"下单成功，请扫码支付","code":0,"data":"http://images.yungouos.com/merge/native/code/210323131807951915307.png"}

2021/3/23 13:18:41 # 支付成功回调参数： payNo ------ 2021032322001471621414745844

2021/3/23 13:18:41 # 支付成功回调参数： code ------ 1

2021/3/23 13:18:41 # 支付成功回调参数： mchId ------ 2088110896172724

2021/3/23 13:18:41 # 支付成功回调参数： orderNo ------ Y13182540479113

2021/3/23 13:18:41 # 支付成功回调参数： money ------ 666.00

2021/3/23 13:18:41 # 支付成功回调参数： outTradeNo ------ 2103231318079519

2021/3/23 13:18:41 # 支付成功回调参数： sign ------ E26CE4B649E9FA0C503C031819D0FB0A

2021/3/23 13:18:41 # 支付成功回调参数： payChannel ------ alipay

2021/3/23 13:18:41 # 支付成功回调参数： time ------ 2021-03-23 13:18:39

2021/3/23 13:18:41 # 支付成功回调的新签名为 : E26CE4B649E9FA0C503C031819D0FB0A

2021/3/23 13:18:41 # 支付成功回调签名验证通过 。

2021/3/23 13:20:01 # 开始下单 : 

2021/3/23 13:20:01 # 下单签名 : 89634EF09F403A116C5D87A1FACA5A07

2021/3/23 13:20:02 # 下单结果 : {"msg":"下单成功，请扫码支付","code":0,"data":"http://images.yungouos.com/merge/native/code/210323132001220715307.png"}

2021/3/23 13:20:54 # 支付成功回调参数： payNo ------ 2021032322001480611414257076

2021/3/23 13:20:54 # 支付成功回调参数： code ------ 1

2021/3/23 13:20:54 # 支付成功回调参数： mchId ------ 2088110896172724

2021/3/23 13:20:54 # 支付成功回调参数： orderNo ------ Y13204514438451

2021/3/23 13:20:54 # 支付成功回调参数： money ------ 666.00

2021/3/23 13:20:54 # 支付成功回调参数： outTradeNo ------ 2103231320012207

2021/3/23 13:20:54 # 支付成功回调参数： sign ------ 0E8661F113B74DF4679B5B36983AA917

2021/3/23 13:20:54 # 支付成功回调参数： payChannel ------ alipay

2021/3/23 13:20:54 # 支付成功回调参数： time ------ 2021-03-23 13:20:53

2021/3/23 13:20:54 # 支付成功回调的新签名为 : 0E8661F113B74DF4679B5B36983AA917

2021/3/23 13:20:54 # 支付成功回调签名验证通过 。

2021/3/23 13:21:13 # 开始下单 : 

2021/3/23 13:21:13 # 下单签名 : C13E2E24BC36318C4E7EC27C6150C714

2021/3/23 13:21:14 # 下单结果 : {"msg":"下单成功，请扫码支付","code":0,"data":"http://images.yungouos.com/merge/native/code/210323132113519615307.png"}

2021/3/23 13:21:21 # 开始下单 : 

2021/3/23 13:21:21 # 下单签名 : D84AAAE18FBB1882750331347D852515

2021/3/23 13:21:22 # 下单结果 : {"msg":"下单成功，请扫码支付","code":0,"data":"http://images.yungouos.com/merge/native/code/210323132121596515307.png"}

2021/3/23 13:21:23 # 开始下单 : 

2021/3/23 13:21:23 # 下单签名 : C4C45C6C6DD3D2A9BE6C1ED7B908734D

2021/3/23 13:21:24 # 下单结果 : {"msg":"下单成功，请扫码支付","code":0,"data":"http://images.yungouos.com/merge/native/code/210323132123269715307.png"}

2021/3/23 13:31:09 # 开始下单 : 

2021/3/23 13:31:09 # 下单签名 : BEC6532D51F29BEB708E4220B2360EB2

2021/3/23 13:31:10 # 下单结果 : {"msg":"下单成功，请扫码支付","code":0,"data":"http://images.yungouos.com/merge/native/code/210323133109185215307.png"}

2021/3/23 13:31:36 # 支付成功回调参数： payNo ------ 2021032322001467161425120442

2021/3/23 13:31:36 # 支付成功回调参数： code ------ 1

2021/3/23 13:31:36 # 支付成功回调参数： mchId ------ 2088110896172724

2021/3/23 13:31:36 # 支付成功回调参数： orderNo ------ Y13312826613679

2021/3/23 13:31:36 # 支付成功回调参数： money ------ 666.00

2021/3/23 13:31:36 # 支付成功回调参数： outTradeNo ------ 2103231331091852

2021/3/23 13:31:36 # 支付成功回调参数： sign ------ FD589C7082578E3CD1183ECB8EE6C49A

2021/3/23 13:31:36 # 支付成功回调参数： payChannel ------ alipay

2021/3/23 13:31:36 # 支付成功回调参数： time ------ 2021-03-23 13:31:34

2021/3/23 13:31:36 # 支付成功回调的新签名为 : FD589C7082578E3CD1183ECB8EE6C49A

2021/3/23 13:31:36 # 支付成功回调签名验证通过 。

2021/3/23 13:37:58 # 开始下单 : 

2021/3/23 13:37:58 # 下单签名 : 8AD9D4687F36BB4207BBC607D624BA00

2021/3/23 13:37:58 # 下单结果 : {"msg":"下单成功，请扫码支付","code":0,"data":"http://images.yungouos.com/merge/native/code/210323133758452615307.png"}

2021/3/23 13:38:03 # 请求在此上下文中不可用
   在 System.Web.UI.Page.get_Request()
   在 Whir.ezEIP.Web.SysManagePageBase.IsHadLogin()
   在 UEditorHandler.ProcessRequest(HttpContext context) 位置 c:\wwwroot\WebSite\Editor\ueditor\net\controller.ashx:行号 14
   在 System.Web.HttpApplication.CallHandlerExecutionStep.System.Web.HttpApplication.IExecutionStep.Execute()
   在 System.Web.HttpApplication.ExecuteStepImpl(IExecutionStep step)
   在 System.Web.HttpApplication.ExecuteStep(IExecutionStep step, Boolean& completedSynchronously)

2021/3/23 13:47:33 # 开始下单 : 

2021/3/23 13:47:33 # 下单签名 : 63E7B232C440CD7FD35B190690E303F3

2021/3/23 13:47:34 # 下单结果 : {"msg":"下单成功，请扫码支付","code":0,"data":"http://images.yungouos.com/merge/native/code/210323134733550615307.png"}

2021/3/23 13:48:14 # 开始下单 : 

2021/3/23 13:48:14 # 下单签名 : 7948C3A35581AB73A61EF6FAD288F265

2021/3/23 13:48:14 # 下单结果 : {"msg":"下单成功，请扫码支付","code":0,"data":"http://images.yungouos.com/merge/native/code/210323134814445915307.png"}

2021/3/23 13:49:33 # 支付成功回调参数： payNo ------ 2021032322001480381413840012

2021/3/23 13:49:33 # 支付成功回调参数： code ------ 1

2021/3/23 13:49:33 # 支付成功回调参数： mchId ------ 2088110896172724

2021/3/23 13:49:33 # 支付成功回调参数： orderNo ------ Y13491964812441

2021/3/23 13:49:33 # 支付成功回调参数： money ------ 666.00

2021/3/23 13:49:33 # 支付成功回调参数： outTradeNo ------ 2103231348144459

2021/3/23 13:49:33 # 支付成功回调参数： sign ------ BDE364E317476453060B95535D0C1FAF

2021/3/23 13:49:33 # 支付成功回调参数： payChannel ------ alipay

2021/3/23 13:49:33 # 支付成功回调参数： time ------ 2021-03-23 13:49:31

2021/3/23 13:49:33 # 支付成功回调的新签名为 : BDE364E317476453060B95535D0C1FAF

2021/3/23 13:49:33 # 支付成功回调签名验证通过 。

2021/3/23 13:50:02 # 开始下单 : 

2021/3/23 13:50:02 # 下单签名 : 41C5EB7C26122EFA04C33E60BA64CA41

2021/3/23 13:50:03 # 下单结果 : {"msg":"下单成功，请扫码支付","code":0,"data":"http://images.yungouos.com/merge/native/code/210323135002116515307.png"}

2021/3/23 13:56:31 # 请求在此上下文中不可用
   在 System.Web.UI.Page.get_Request()
   在 Whir.ezEIP.Web.SysManagePageBase.IsHadLogin()
   在 UEditorHandler.ProcessRequest(HttpContext context) 位置 c:\wwwroot\WebSite\Editor\ueditor\net\controller.ashx:行号 14
   在 System.Web.HttpApplication.CallHandlerExecutionStep.System.Web.HttpApplication.IExecutionStep.Execute()
   在 System.Web.HttpApplication.ExecuteStepImpl(IExecutionStep step)
   在 System.Web.HttpApplication.ExecuteStep(IExecutionStep step, Boolean& completedSynchronously)

2021/3/23 15:02:42 # 开始下单 : 

2021/3/23 15:02:42 # 下单签名 : 8462FF38C2A20D3B7EE87DCC28C52681

2021/3/23 15:02:43 # 下单结果 : {"msg":"下单成功，请扫码支付","code":0,"data":"http://images.yungouos.com/merge/native/code/210323150242894315307.png"}

2021/3/23 15:59:26 # 开始下单 : 

2021/3/23 15:59:26 # 下单签名 : 663D9EA7A3DA29C4D449151F0B13A4AD

2021/3/23 15:59:26 # 下单结果 : {"msg":"下单成功，请扫码支付","code":0,"data":"http://images.yungouos.com/merge/native/code/210323155926472215307.png"}

2021/3/23 17:03:19 # 开始下单 : 

2021/3/23 17:03:19 # 下单签名 : 5DB5B33C6DFF107F241F2E4386C1CAE6

2021/3/23 17:03:19 # 下单结果 : {"msg":"下单成功，请扫码支付","code":0,"data":"http://images.yungouos.com/merge/native/code/210323170319838415307.png"}

2021/3/23 17:22:59 # 开始下单 : 

2021/3/23 17:22:59 # 下单签名 : FCE28643926D1E8A2D152063F79E47F4

2021/3/23 17:23:00 # 下单结果 : {"msg":"下单成功，请扫码支付","code":0,"data":"http://images.yungouos.com/merge/native/code/210323172259323715307.png"}

2021/3/23 17:23:51 # 开始下单 : 

2021/3/23 17:23:52 # 下单签名 : 305CC36494AD8796DB10080B1B04F918

2021/3/23 17:23:52 # 下单结果 : {"msg":"下单成功，请扫码支付","code":0,"data":"http://images.yungouos.com/merge/native/code/210323172351605715307.png"}

2021/3/23 17:26:14 # 支付成功回调参数： payNo ------ 2021032322001489521459009700

2021/3/23 17:26:14 # 支付成功回调参数： code ------ 1

2021/3/23 17:26:14 # 支付成功回调参数： mchId ------ 2088110896172724

2021/3/23 17:26:14 # 支付成功回调参数： orderNo ------ Y17254733585273

2021/3/23 17:26:14 # 支付成功回调参数： money ------ 666.00

2021/3/23 17:26:14 # 支付成功回调参数： outTradeNo ------ 2103231723516057

2021/3/23 17:26:14 # 支付成功回调参数： sign ------ 17062D8F8A9E64BF160B176F2019F902

2021/3/23 17:26:14 # 支付成功回调参数： payChannel ------ alipay

2021/3/23 17:26:14 # 支付成功回调参数： time ------ 2021-03-23 17:26:13

2021/3/23 17:26:14 # 支付成功回调的新签名为 : 17062D8F8A9E64BF160B176F2019F902

2021/3/23 17:26:14 # 支付成功回调签名验证通过 。

2021/3/23 17:48:29 # 开始下单 : 

2021/3/23 17:48:29 # 下单签名 : 64BEDB768C8CD8C9CFD27C762D2DEF05

2021/3/23 17:48:29 # 下单结果 : {"msg":"下单成功，请扫码支付","code":0,"data":"http://images.yungouos.com/merge/native/code/210323174829473015307.png"}

2021/3/23 17:49:12 # 支付成功回调参数： payNo ------ 4200000941202103235460295357

2021/3/23 17:49:12 # 支付成功回调参数： code ------ 1

2021/3/23 17:49:12 # 支付成功回调参数： mchId ------ 1607191737

2021/3/23 17:49:12 # 支付成功回调参数： orderNo ------ Y17485040174163

2021/3/23 17:49:12 # 支付成功回调参数： money ------ 666.00

2021/3/23 17:49:12 # 支付成功回调参数： openId ------ o-_-it4cEh81MN6EUV_C7DBIfxJI

2021/3/23 17:49:12 # 支付成功回调参数： outTradeNo ------ 2103231748294730

2021/3/23 17:49:12 # 支付成功回调参数： sign ------ E2D2E9773925AC717F43FF6F1F7F2B35

2021/3/23 17:49:12 # 支付成功回调参数： payChannel ------ wxpay

2021/3/23 17:49:12 # 支付成功回调参数： time ------ 2021-03-23 17:49:10

2021/3/23 17:49:12 # 支付成功回调的新签名为 : E2D2E9773925AC717F43FF6F1F7F2B35

2021/3/23 17:49:12 # 支付成功回调签名验证通过 。

2021/3/23 17:58:30 # 开始下单 : 

2021/3/23 17:58:30 # 下单签名 : 03627FF3893AF0C10951B54A86E79C43

2021/3/23 17:58:30 # 下单结果 : {"msg":"下单成功，请扫码支付","code":0,"data":"http://images.yungouos.com/merge/native/code/210323175830289515307.png"}

2021/3/23 17:58:59 # 支付成功回调参数： payNo ------ 4200000995202103239229804815

2021/3/23 17:58:59 # 支付成功回调参数： code ------ 1

2021/3/23 17:58:59 # 支付成功回调参数： mchId ------ 1607191737

2021/3/23 17:58:59 # 支付成功回调参数： orderNo ------ Y17585018512802

2021/3/23 17:58:59 # 支付成功回调参数： money ------ 666.00

2021/3/23 17:58:59 # 支付成功回调参数： openId ------ o-_-it7rwPCzRsE7X1vhuY_4cR4w

2021/3/23 17:58:59 # 支付成功回调参数： outTradeNo ------ 2103231758302895

2021/3/23 17:58:59 # 支付成功回调参数： sign ------ 3A1592C5DD2587A4E12CCE8288D109C1

2021/3/23 17:58:59 # 支付成功回调参数： payChannel ------ wxpay

2021/3/23 17:58:59 # 支付成功回调参数： time ------ 2021-03-23 17:58:57

2021/3/23 17:58:59 # 支付成功回调的新签名为 : 3A1592C5DD2587A4E12CCE8288D109C1

2021/3/23 17:58:59 # 支付成功回调签名验证通过 。

2021/3/23 20:57:22 # 开始下单 : 

2021/3/23 20:57:22 # 下单签名 : EC960618E36D61906BABA00B7C9C59B8

2021/3/23 20:57:23 # 下单结果 : {"msg":"下单成功，请扫码支付","code":0,"data":"http://images.yungouos.com/merge/native/code/210323205722531115307.png"}

2021/3/23 21:00:26 # 开始下单 : 

2021/3/23 21:00:26 # 下单签名 : 080479A3B4E24850044947D6EF8EA1BE

2021/3/23 21:00:27 # 下单结果 : {"msg":"下单成功，请扫码支付","code":0,"data":"http://images.yungouos.com/merge/native/code/210323210026682515307.png"}

2021/3/23 21:30:36 # 开始下单 : 

2021/3/23 21:30:36 # 下单签名 : E2C29F0E9FDF06DC2C369E6FCD601242

2021/3/23 21:30:37 # 下单结果 : {"msg":"下单成功，请扫码支付","code":0,"data":"http://images.yungouos.com/merge/native/code/210323213036513315307.png"}

2021/3/23 21:34:06 # 支付成功回调参数： payNo ------ 2021032322001421531403129480

2021/3/23 21:34:06 # 支付成功回调参数： code ------ 1

2021/3/23 21:34:06 # 支付成功回调参数： mchId ------ 2088110896172724

2021/3/23 21:34:06 # 支付成功回调参数： orderNo ------ Y21324471227515

2021/3/23 21:34:06 # 支付成功回调参数： money ------ 666.00

2021/3/23 21:34:06 # 支付成功回调参数： outTradeNo ------ 2103232130365133

2021/3/23 21:34:06 # 支付成功回调参数： sign ------ 418F53D06A5E74FE48E2FB51BBACABCC

2021/3/23 21:34:06 # 支付成功回调参数： payChannel ------ alipay

2021/3/23 21:34:06 # 支付成功回调参数： time ------ 2021-03-23 21:34:03

2021/3/23 21:34:06 # 支付成功回调的新签名为 : 418F53D06A5E74FE48E2FB51BBACABCC

2021/3/23 21:34:06 # 支付成功回调签名验证通过 。

2021/3/23 22:29:11 # 开始下单 : 

2021/3/23 22:29:11 # 下单签名 : 22F14BC9C07CA9FDAC357D75A8DACF15

2021/3/23 22:29:12 # 下单结果 : {"msg":"下单成功，请扫码支付","code":0,"data":"http://images.yungouos.com/merge/native/code/210323222911973215307.png"}

2021/3/23 22:31:09 # 支付成功回调参数： payNo ------ 4200000980202103238651863252

2021/3/23 22:31:09 # 支付成功回调参数： code ------ 1

2021/3/23 22:31:09 # 支付成功回调参数： mchId ------ 1607191737

2021/3/23 22:31:09 # 支付成功回调参数： orderNo ------ Y22293386359568

2021/3/23 22:31:09 # 支付成功回调参数： money ------ 666.00

2021/3/23 22:31:09 # 支付成功回调参数： openId ------ o-_-it2Lj7ZRlICAFaiPePapdexA

2021/3/23 22:31:09 # 支付成功回调参数： outTradeNo ------ 2103232229119732

2021/3/23 22:31:09 # 支付成功回调参数： sign ------ 8DAA864B4A6681DC1FFD840FDAA924F7

2021/3/23 22:31:09 # 支付成功回调参数： payChannel ------ wxpay

2021/3/23 22:31:09 # 支付成功回调参数： time ------ 2021-03-23 22:31:08

2021/3/23 22:31:09 # 支付成功回调的新签名为 : 8DAA864B4A6681DC1FFD840FDAA924F7

2021/3/23 22:31:09 # 支付成功回调签名验证通过 。

2021/3/23 23:28:22 # 开始下单 : 

2021/3/23 23:28:22 # 下单签名 : 4AA2FC20CC19A1B9876D84AF11CB8538

2021/3/23 23:28:23 # 下单结果 : {"msg":"下单成功，请扫码支付","code":0,"data":"http://images.yungouos.com/merge/native/code/210323232822150315307.png"}

2021/3/23 23:31:26 # 支付成功回调参数： payNo ------ 2021032322001477581402505424

2021/3/23 23:31:26 # 支付成功回调参数： code ------ 1

2021/3/23 23:31:26 # 支付成功回调参数： mchId ------ 2088110896172724

2021/3/23 23:31:26 # 支付成功回调参数： orderNo ------ Y23311322228644

2021/3/23 23:31:26 # 支付成功回调参数： money ------ 666.00

2021/3/23 23:31:26 # 支付成功回调参数： outTradeNo ------ 2103232328221503

2021/3/23 23:31:26 # 支付成功回调参数： sign ------ A0AD6F0C12A9830C44EF640F3CFD3EF7

2021/3/23 23:31:26 # 支付成功回调参数： payChannel ------ alipay

2021/3/23 23:31:26 # 支付成功回调参数： time ------ 2021-03-23 23:31:24

2021/3/23 23:31:26 # 支付成功回调的新签名为 : A0AD6F0C12A9830C44EF640F3CFD3EF7

2021/3/23 23:31:26 # 支付成功回调签名验证通过 。

