2021/3/16 9:14:06 # 开始下单 : 

2021/3/16 9:14:06 # 下单签名 : A1F706FF0800CF9BF9E1121DB1EDEFA0

2021/3/16 9:14:07 # 下单结果 : {"msg":"下单成功，请扫码支付","code":0,"data":"http://images.yungouos.com/merge/native/code/210316091406332615307.png"}

2021/3/16 9:14:16 # 开始下单 : 

2021/3/16 9:14:16 # 下单签名 : 0C8D62C58F7F11773AD47451757DB44C

2021/3/16 9:14:16 # 下单结果 : {"msg":"下单成功，请扫码支付","code":0,"data":"http://images.yungouos.com/merge/native/code/210316091416062915307.png"}

2021/3/16 9:15:33 # 支付成功回调参数： payNo ------ 4200000993202103164038814840

2021/3/16 9:15:33 # 支付成功回调参数： code ------ 1

2021/3/16 9:15:33 # 支付成功回调参数： mchId ------ 1607191737

2021/3/16 9:15:33 # 支付成功回调参数： orderNo ------ Y09152494793207

2021/3/16 9:15:33 # 支付成功回调参数： money ------ 1.00

2021/3/16 9:15:33 # 支付成功回调参数： openId ------ o-_-it3Hzs0FYgmZQ0841r_T-N6c

2021/3/16 9:15:33 # 支付成功回调参数： outTradeNo ------ 2103160914160629

2021/3/16 9:15:33 # 支付成功回调参数： sign ------ EFC59E27109AE29F90FC901F601EA1CE

2021/3/16 9:15:33 # 支付成功回调参数： payChannel ------ wxpay

2021/3/16 9:15:33 # 支付成功回调参数： time ------ 2021-03-16 09:15:31

2021/3/16 9:15:33 # 支付成功回调的新签名为 : EFC59E27109AE29F90FC901F601EA1CE

2021/3/16 9:15:33 # 支付成功回调签名验证通过 。

2021/3/16 9:15:45 # 开始下单 : 

2021/3/16 9:15:45 # 下单签名 : 538F3661673787BD2ABC2455E32CAED1

2021/3/16 9:15:45 # 下单结果 : {"msg":"下单成功，请扫码支付","code":0,"data":"http://images.yungouos.com/merge/native/code/210316091545518815307.png"}

2021/3/16 9:16:14 # 开始下单 : 

2021/3/16 9:16:14 # 下单签名 : EE56EB1D5196B1CDA5DAD6939672FE62

2021/3/16 9:16:14 # 下单结果 : {"msg":"下单成功，请扫码支付","code":0,"data":"http://images.yungouos.com/merge/native/code/210316091614356615307.png"}

2021/3/16 9:16:19 # 开始下单 : 

2021/3/16 9:16:19 # 下单签名 : 629B8C21B99E802B09C02C50AB635C4F

2021/3/16 9:16:19 # 下单结果 : {"msg":"下单成功，请扫码支付","code":0,"data":"http://images.yungouos.com/merge/native/code/210316091619945915307.png"}

2021/3/16 9:16:26 # 开始下单 : 

2021/3/16 9:16:26 # 下单签名 : 6AECACB0C33ED69880094E6F9B6ADDF1

2021/3/16 9:16:26 # 下单结果 : {"msg":"下单成功，请扫码支付","code":0,"data":"http://images.yungouos.com/merge/native/code/210316091626206415307.png"}

2021/3/16 9:17:46 # 开始下单 : 

2021/3/16 9:17:46 # 下单签名 : 826EA01601E556FB1329B713F506A7B3

2021/3/16 9:17:47 # 下单结果 : {"msg":"下单成功，请扫码支付","code":0,"data":"http://images.yungouos.com/merge/native/code/210316091746150215307.png"}

2021/3/16 9:17:48 # 开始下单 : 

2021/3/16 9:17:49 # 下单签名 : 6F64DEC5A1D925F03AFB461B00B7387C

2021/3/16 9:17:49 # 下单结果 : {"msg":"下单成功，请扫码支付","code":0,"data":"http://images.yungouos.com/merge/native/code/210316091748030115307.png"}

2021/3/16 9:20:43 # 开始下单 : 

2021/3/16 9:20:43 # 下单签名 : 59DF8175CBC66E031C291C3B886E1C5F

2021/3/16 9:20:43 # 下单结果 : {"msg":"下单成功，请扫码支付","code":0,"data":"http://images.yungouos.com/merge/native/code/210316092043079715307.png"}

2021/3/16 9:21:33 # 开始下单 : 

2021/3/16 9:21:33 # 下单签名 : C87585AF79505F6B6B895C7C1DF02D9B

2021/3/16 9:21:34 # 下单结果 : {"msg":"下单成功，请扫码支付","code":0,"data":"http://images.yungouos.com/merge/native/code/210316092133918715307.png"}

