2021/3/27 9:43:03 # 开始下单 : 

2021/3/27 9:43:03 # 下单签名 : FD73F1FC48B7C78DFC104019864C5110

2021/3/27 9:43:04 # 下单结果 : {"msg":"下单成功，请扫码支付","code":0,"data":"http://images.yungouos.com/merge/native/code/210327094303889415307.png"}

2021/3/27 9:43:08 # 开始下单 : 

2021/3/27 9:43:08 # 下单签名 : 20E46D5DA598983ABD6E45528384E513

2021/3/27 9:43:08 # 下单结果 : {"msg":"下单成功，请扫码支付","code":0,"data":"http://images.yungouos.com/merge/native/code/210327094308624815307.png"}

2021/3/27 9:43:10 # 开始下单 : 

2021/3/27 9:43:10 # 下单签名 : 4AA3CD42EAF87209E0824593BF0F1927

2021/3/27 9:43:10 # 下单结果 : {"msg":"下单成功，请扫码支付","code":0,"data":"http://images.yungouos.com/merge/native/code/210327094310786115307.png"}

2021/3/27 9:43:34 # 开始下单 : 

2021/3/27 9:43:34 # 下单签名 : F1E9D55F4C6F5CEBB8139ECEA15E276A

2021/3/27 9:43:34 # 下单结果 : {"msg":"下单成功，请扫码支付","code":0,"data":"http://images.yungouos.com/merge/native/code/210327094334553215307.png"}

2021/3/27 9:43:59 # 开始下单 : 

2021/3/27 9:43:59 # 下单签名 : B0AFB3D7C618E5730AE626026EA3E4DB

2021/3/27 9:43:59 # 下单结果 : {"msg":"下单成功，请扫码支付","code":0,"data":"http://images.yungouos.com/merge/native/code/210327094359631015307.png"}

2021/3/27 9:53:27 # 开始下单 : 

2021/3/27 9:53:27 # 下单签名 : 3E92A85A17C6FAD1AA54E152BC3A5DC4

2021/3/27 9:53:27 # 下单结果 : {"msg":"下单成功，请扫码支付","code":0,"data":"http://images.yungouos.com/merge/native/code/210327095327930215307.png"}

2021/3/27 9:53:30 # 开始下单 : 

2021/3/27 9:53:30 # 下单签名 : 77E0EB703494EF39331BD25F90AF5D96

2021/3/27 9:53:30 # 下单结果 : {"msg":"下单成功，请扫码支付","code":0,"data":"http://images.yungouos.com/merge/native/code/210327095330053915307.png"}

2021/3/27 9:56:07 # 开始下单 : 

2021/3/27 9:56:07 # 下单签名 : FE7E6C228827E5231B5ED61D492EF030

2021/3/27 9:56:08 # 下单结果 : {"msg":"下单成功，请扫码支付","code":0,"data":"http://images.yungouos.com/merge/native/code/210327095607841815307.png"}

2021/3/27 10:35:08 # 开始下单 : 

2021/3/27 10:35:08 # 下单签名 : DBD881137C02ED36D4DB8E59F2B76D5C

2021/3/27 10:35:08 # 下单结果 : {"msg":"下单成功，请扫码支付","code":0,"data":"http://images.yungouos.com/merge/native/code/210327103508797015307.png"}

2021/3/27 10:38:28 # 开始下单 : 

2021/3/27 10:38:28 # 下单签名 : BB94B66D31AAC3DB5F74F5641EE39BFC

2021/3/27 10:38:28 # 下单结果 : {"msg":"下单成功，请扫码支付","code":0,"data":"http://images.yungouos.com/merge/native/code/210327103828762315307.png"}

2021/3/27 10:47:29 # 开始下单 : 

2021/3/27 10:47:29 # 下单签名 : CA0C9943437AA4C3199C7DBC265506FE

2021/3/27 10:47:30 # 下单结果 : {"msg":"下单成功，请扫码支付","code":0,"data":"http://images.yungouos.com/merge/native/code/210327104729230215307.png"}

2021/3/27 10:47:33 # 开始下单 : 

2021/3/27 10:47:33 # 下单签名 : A4DF1719E94640442AA772D75C8D2918

2021/3/27 10:47:33 # 下单结果 : {"msg":"下单成功，请扫码支付","code":0,"data":"http://images.yungouos.com/merge/native/code/210327104733215315307.png"}

2021/3/27 11:49:31 # 开始下单 : 

2021/3/27 11:49:31 # 下单签名 : F9F9C6A55294A874DD4BE99D0AF60E67

2021/3/27 11:49:31 # 下单结果 : {"msg":"下单成功，请扫码支付","code":0,"data":"http://images.yungouos.com/merge/native/code/210327114931714215307.png"}

2021/3/27 12:04:37 # 开始下单 : 

2021/3/27 12:04:37 # 下单签名 : EA732AAE2B67FEE9EBCD11C2E63A5C6D

2021/3/27 12:04:38 # 下单结果 : {"msg":"下单成功，请扫码支付","code":0,"data":"http://images.yungouos.com/merge/native/code/210327120437350715307.png"}

2021/3/27 12:08:21 # 支付成功回调参数： payNo ------ 2021032722001404291417194786

2021/3/27 12:08:21 # 支付成功回调参数： code ------ 1

2021/3/27 12:08:21 # 支付成功回调参数： mchId ------ 2088110896172724

2021/3/27 12:08:21 # 支付成功回调参数： orderNo ------ Y12075917223702

2021/3/27 12:08:21 # 支付成功回调参数： money ------ 666.00

2021/3/27 12:08:21 # 支付成功回调参数： outTradeNo ------ 2103271204373507

2021/3/27 12:08:21 # 支付成功回调参数： sign ------ 3DD147B3CE09C3B4CD0844AC7BF09041

2021/3/27 12:08:21 # 支付成功回调参数： payChannel ------ alipay

2021/3/27 12:08:21 # 支付成功回调参数： time ------ 2021-03-27 12:08:19

2021/3/27 12:08:21 # 支付成功回调的新签名为 : 3DD147B3CE09C3B4CD0844AC7BF09041

2021/3/27 12:08:21 # 支付成功回调签名验证通过 。

2021/3/27 12:46:26 # 开始下单 : 

2021/3/27 12:46:26 # 下单签名 : 9F935C0039767A70F159D17C9A20461D

2021/3/27 12:46:27 # 下单结果 : {"msg":"下单成功，请扫码支付","code":0,"data":"http://images.yungouos.com/merge/native/code/210327124626213315307.png"}

2021/3/27 12:48:03 # 支付成功回调参数： payNo ------ 4200000997202103273265052662

2021/3/27 12:48:03 # 支付成功回调参数： code ------ 1

2021/3/27 12:48:03 # 支付成功回调参数： mchId ------ 1607191737

2021/3/27 12:48:03 # 支付成功回调参数： orderNo ------ Y12474659661104

2021/3/27 12:48:03 # 支付成功回调参数： money ------ 666.00

2021/3/27 12:48:03 # 支付成功回调参数： openId ------ o-_-itx3eOIfccGVcbnauAEo7eGU

2021/3/27 12:48:03 # 支付成功回调参数： outTradeNo ------ 2103271246262133

2021/3/27 12:48:03 # 支付成功回调参数： sign ------ E2BC04094BF013B319EF235109241441

2021/3/27 12:48:03 # 支付成功回调参数： payChannel ------ wxpay

2021/3/27 12:48:03 # 支付成功回调参数： time ------ 2021-03-27 12:48:01

2021/3/27 12:48:03 # 支付成功回调的新签名为 : E2BC04094BF013B319EF235109241441

2021/3/27 12:48:03 # 支付成功回调签名验证通过 。

2021/3/27 17:03:01 # 请求在此上下文中不可用
   在 System.Web.UI.Page.get_Request()
   在 Whir.ezEIP.Web.SysManagePageBase.IsHadLogin()
   在 UEditorHandler.ProcessRequest(HttpContext context) 位置 c:\wwwroot\WebSite\Editor\ueditor\net\controller.ashx:行号 14
   在 System.Web.HttpApplication.CallHandlerExecutionStep.System.Web.HttpApplication.IExecutionStep.Execute()
   在 System.Web.HttpApplication.ExecuteStepImpl(IExecutionStep step)
   在 System.Web.HttpApplication.ExecuteStep(IExecutionStep step, Boolean& completedSynchronously)

2021/3/27 17:05:28 # 开始下单 : 

2021/3/27 17:05:28 # 下单签名 : 7B2C1A43BF4ABB364886F5E0E2049495

2021/3/27 17:05:29 # 下单结果 : {"msg":"下单成功，请扫码支付","code":0,"data":"http://images.yungouos.com/merge/native/code/210327170528261415307.png"}

2021/3/27 17:08:26 # 开始下单 : 

2021/3/27 17:08:26 # 下单签名 : 102CB188DC760432EB7112D847D7C2D7

2021/3/27 17:08:27 # 下单结果 : {"msg":"下单成功，请扫码支付","code":0,"data":"http://images.yungouos.com/merge/native/code/210327170826127915307.png"}

2021/3/27 17:09:08 # 支付成功回调参数： payNo ------ 2021032722001470491408357364

2021/3/27 17:09:08 # 支付成功回调参数： code ------ 1

2021/3/27 17:09:08 # 支付成功回调参数： mchId ------ 2088110896172724

2021/3/27 17:09:08 # 支付成功回调参数： orderNo ------ Y17085783185047

2021/3/27 17:09:08 # 支付成功回调参数： money ------ 666.00

2021/3/27 17:09:08 # 支付成功回调参数： outTradeNo ------ 2103271708261279

2021/3/27 17:09:08 # 支付成功回调参数： sign ------ 79BF394695F9B9A7D8DB63B61A3D4CF8

2021/3/27 17:09:08 # 支付成功回调参数： payChannel ------ alipay

2021/3/27 17:09:08 # 支付成功回调参数： time ------ 2021-03-27 17:09:06

2021/3/27 17:09:08 # 支付成功回调的新签名为 : 79BF394695F9B9A7D8DB63B61A3D4CF8

2021/3/27 17:09:08 # 支付成功回调签名验证通过 。

2021/3/27 17:10:03 # 开始下单 : 

2021/3/27 17:10:03 # 下单签名 : 4203F759106094F6996EC36F6318F8A7

2021/3/27 17:10:04 # 下单结果 : {"msg":"下单成功，请扫码支付","code":0,"data":"http://images.yungouos.com/merge/native/code/210327171003757215307.png"}

2021/3/27 17:52:29 # 请求在此上下文中不可用
   在 System.Web.UI.Page.get_Request()
   在 Whir.ezEIP.Web.SysManagePageBase.IsHadLogin()
   在 UEditorHandler.ProcessRequest(HttpContext context) 位置 c:\wwwroot\WebSite\Editor\ueditor\net\controller.ashx:行号 14
   在 System.Web.HttpApplication.CallHandlerExecutionStep.System.Web.HttpApplication.IExecutionStep.Execute()
   在 System.Web.HttpApplication.ExecuteStepImpl(IExecutionStep step)
   在 System.Web.HttpApplication.ExecuteStep(IExecutionStep step, Boolean& completedSynchronously)

2021/3/27 21:20:31 # 开始下单 : 

2021/3/27 21:20:31 # 下单签名 : FFDD0D1799B1639B590CF4C4ED0CF383

2021/3/27 21:20:32 # 下单结果 : {"msg":"下单成功，请扫码支付","code":0,"data":"http://images.yungouos.com/merge/native/code/210327212031493515307.png"}

2021/3/27 21:21:23 # 支付成功回调参数： payNo ------ 4200000939202103272501403717

2021/3/27 21:21:23 # 支付成功回调参数： code ------ 1

2021/3/27 21:21:23 # 支付成功回调参数： mchId ------ 1607191737

2021/3/27 21:21:23 # 支付成功回调参数： orderNo ------ Y21205993755069

2021/3/27 21:21:23 # 支付成功回调参数： money ------ 666.00

2021/3/27 21:21:23 # 支付成功回调参数： openId ------ o-_-itzoWyPOg40gVtw2m-p2Y240

2021/3/27 21:21:23 # 支付成功回调参数： outTradeNo ------ 2103272120314935

2021/3/27 21:21:23 # 支付成功回调参数： sign ------ C23159E1FEA1DC7563807D92D6935525

2021/3/27 21:21:23 # 支付成功回调参数： payChannel ------ wxpay

2021/3/27 21:21:23 # 支付成功回调参数： time ------ 2021-03-27 21:21:21

2021/3/27 21:21:23 # 支付成功回调的新签名为 : C23159E1FEA1DC7563807D92D6935525

2021/3/27 21:21:23 # 支付成功回调签名验证通过 。

2021/3/27 21:21:37 # 开始下单 : 

2021/3/27 21:21:37 # 下单签名 : 73C00F4FE770D22A15D53231D0079AB0

2021/3/27 21:21:37 # 下单结果 : {"msg":"下单成功，请扫码支付","code":0,"data":"http://images.yungouos.com/merge/native/code/210327212137596615307.png"}

2021/3/27 21:29:56 # 开始下单 : 

2021/3/27 21:29:56 # 下单签名 : B3C92E422512B73E745C86C649200D2C

2021/3/27 21:29:57 # 下单结果 : {"msg":"下单成功，请扫码支付","code":0,"data":"http://images.yungouos.com/merge/native/code/210327212956786415307.png"}

2021/3/27 21:30:54 # 支付成功回调参数： payNo ------ 2021032722001434211413224039

2021/3/27 21:30:54 # 支付成功回调参数： code ------ 1

2021/3/27 21:30:54 # 支付成功回调参数： mchId ------ 2088110896172724

2021/3/27 21:30:54 # 支付成功回调参数： orderNo ------ Y21303519074224

2021/3/27 21:30:54 # 支付成功回调参数： money ------ 666.00

2021/3/27 21:30:54 # 支付成功回调参数： outTradeNo ------ 2103272129567864

2021/3/27 21:30:54 # 支付成功回调参数： sign ------ 67669C81697315EEA186A2CDDCDAE4FA

2021/3/27 21:30:54 # 支付成功回调参数： payChannel ------ alipay

2021/3/27 21:30:54 # 支付成功回调参数： time ------ 2021-03-27 21:30:52

2021/3/27 21:30:54 # 支付成功回调的新签名为 : 67669C81697315EEA186A2CDDCDAE4FA

2021/3/27 21:30:54 # 支付成功回调签名验证通过 。

2021/3/27 21:32:40 # 开始下单 : 

2021/3/27 21:32:41 # 下单签名 : 94523855B09B3841EFD094A2AF2EC5AD

2021/3/27 21:32:41 # 下单结果 : {"msg":"下单成功，请扫码支付","code":0,"data":"http://images.yungouos.com/merge/native/code/210327213240936115307.png"}

