2021/3/21 7:40:12 # 开始下单 : 

2021/3/21 7:40:12 # 下单签名 : 5F5BDDBDA08F4537C56538A36F8B3979

2021/3/21 7:40:12 # 下单结果 : {"msg":"下单成功，请扫码支付","code":0,"data":"http://images.yungouos.com/merge/native/code/210321074012837615307.png"}

2021/3/21 9:13:04 # 开始下单 : 

2021/3/21 9:13:04 # 下单签名 : 9F5F35C14FDA3BF17252C41B7DAFC894

2021/3/21 9:13:05 # 下单结果 : {"msg":"下单成功，请扫码支付","code":0,"data":"http://images.yungouos.com/merge/native/code/210321091304589715307.png"}

2021/3/21 9:14:07 # 开始下单 : 

2021/3/21 9:14:07 # 下单签名 : 3CB444E710F73AE9FE1382DBAD129F47

2021/3/21 9:14:07 # 下单结果 : {"msg":"下单成功，请扫码支付","code":0,"data":"http://images.yungouos.com/merge/native/code/210321091407362215307.png"}

2021/3/21 9:35:44 # 开始下单 : 

2021/3/21 9:35:44 # 下单签名 : FB9373AAADB6C9BD07BAD61B6CB65A1D

2021/3/21 9:35:45 # 下单结果 : {"msg":"下单成功，请扫码支付","code":0,"data":"http://images.yungouos.com/merge/native/code/210321093544381015307.png"}

2021/3/21 9:36:14 # 支付成功回调参数： payNo ------ 2021032122001422271411797461

2021/3/21 9:36:14 # 支付成功回调参数： code ------ 1

2021/3/21 9:36:14 # 支付成功回调参数： mchId ------ 2088110896172724

2021/3/21 9:36:14 # 支付成功回调参数： orderNo ------ Y09360354887610

2021/3/21 9:36:14 # 支付成功回调参数： money ------ 666.00

2021/3/21 9:36:14 # 支付成功回调参数： outTradeNo ------ 2103210935443810

2021/3/21 9:36:14 # 支付成功回调参数： sign ------ E023D0043EA6B9545810AAF60C7A6384

2021/3/21 9:36:14 # 支付成功回调参数： payChannel ------ alipay

2021/3/21 9:36:14 # 支付成功回调参数： time ------ 2021-03-21 09:36:12

2021/3/21 9:36:14 # 支付成功回调的新签名为 : E023D0043EA6B9545810AAF60C7A6384

2021/3/21 9:36:14 # 支付成功回调签名验证通过 。

2021/3/21 9:36:27 # 开始下单 : 

2021/3/21 9:36:27 # 下单签名 : C7D1C1AE35E70D9809ABC5CC4B258539

2021/3/21 9:36:27 # 下单结果 : {"msg":"下单成功，请扫码支付","code":0,"data":"http://images.yungouos.com/merge/native/code/210321093627469615307.png"}

2021/3/21 19:05:25 # 开始下单 : 

2021/3/21 19:05:25 # 下单签名 : EF50EAB7B617E7462C1C679340FC7548

2021/3/21 19:05:26 # 下单结果 : {"msg":"下单成功，请扫码支付","code":0,"data":"http://images.yungouos.com/merge/native/code/210321190525449315307.png"}

2021/3/21 19:06:21 # 支付成功回调参数： payNo ------ 4200000939202103213854104607

2021/3/21 19:06:21 # 支付成功回调参数： code ------ 1

2021/3/21 19:06:21 # 支付成功回调参数： mchId ------ 1607191737

2021/3/21 19:06:21 # 支付成功回调参数： orderNo ------ Y19060193217969

2021/3/21 19:06:21 # 支付成功回调参数： money ------ 666.00

2021/3/21 19:06:21 # 支付成功回调参数： openId ------ o-_-it1lKimV7wQiJ8cJc8LW8zyc

2021/3/21 19:06:21 # 支付成功回调参数： outTradeNo ------ 2103211905254493

2021/3/21 19:06:21 # 支付成功回调参数： sign ------ C142D352F6DEE363B69213F97C2154B3

2021/3/21 19:06:21 # 支付成功回调参数： payChannel ------ wxpay

2021/3/21 19:06:21 # 支付成功回调参数： time ------ 2021-03-21 19:06:19

2021/3/21 19:06:21 # 支付成功回调的新签名为 : C142D352F6DEE363B69213F97C2154B3

2021/3/21 19:06:21 # 支付成功回调签名验证通过 。

2021/3/21 20:13:41 # 开始下单 : 

2021/3/21 20:13:41 # 下单签名 : 569E2A43D87C606D0BCBC0A278000889

2021/3/21 20:13:42 # 下单结果 : {"msg":"下单成功，请扫码支付","code":0,"data":"http://images.yungouos.com/merge/native/code/210321201341459515307.png"}

2021/3/21 20:14:09 # 支付成功回调参数： payNo ------ 4200000944202103217780190794

2021/3/21 20:14:09 # 支付成功回调参数： code ------ 1

2021/3/21 20:14:09 # 支付成功回调参数： mchId ------ 1607191737

2021/3/21 20:14:09 # 支付成功回调参数： orderNo ------ Y20135691786484

2021/3/21 20:14:09 # 支付成功回调参数： money ------ 666.00

2021/3/21 20:14:09 # 支付成功回调参数： openId ------ o-_-it88RSJUVNNjTfNGiav-DLA0

2021/3/21 20:14:09 # 支付成功回调参数： outTradeNo ------ 2103212013414595

2021/3/21 20:14:09 # 支付成功回调参数： sign ------ 64564402C6E446B590F36EF27A906CD8

2021/3/21 20:14:09 # 支付成功回调参数： payChannel ------ wxpay

2021/3/21 20:14:09 # 支付成功回调参数： time ------ 2021-03-21 20:14:07

2021/3/21 20:14:09 # 支付成功回调的新签名为 : 64564402C6E446B590F36EF27A906CD8

2021/3/21 20:14:09 # 支付成功回调签名验证通过 。

2021/3/21 20:14:59 # 开始下单 : 

2021/3/21 20:14:59 # 下单签名 : 0653F9ECA9B03095447D62A7A158EC1F

2021/3/21 20:15:00 # 下单结果 : {"msg":"下单成功，请扫码支付","code":0,"data":"http://images.yungouos.com/merge/native/code/210321201459835415307.png"}

2021/3/21 20:15:35 # 开始下单 : 

2021/3/21 20:15:35 # 下单签名 : B5B0C396E7DA475EBE42B79548D983AC

2021/3/21 20:15:36 # 下单结果 : {"msg":"下单成功，请扫码支付","code":0,"data":"http://images.yungouos.com/merge/native/code/210321201535661115307.png"}

