2021/4/6 9:04:45 # 开始下单 : 

2021/4/6 9:04:45 # 下单签名 : C63EE2EA2E9FDE0CF0F1E65C891514E7

2021/4/6 9:04:45 # 下单结果 : {"msg":"下单成功，请扫码支付","code":0,"data":"http://images.yungouos.com/merge/native/code/210406090445776415307.png"}

2021/4/6 9:05:23 # 支付成功回调参数： payNo ------ 4200000985202104064958145091

2021/4/6 9:05:23 # 支付成功回调参数： code ------ 1

2021/4/6 9:05:23 # 支付成功回调参数： mchId ------ 1607191737

2021/4/6 9:05:23 # 支付成功回调参数： orderNo ------ Y09051417910444

2021/4/6 9:05:23 # 支付成功回调参数： money ------ 666.00

2021/4/6 9:05:23 # 支付成功回调参数： openId ------ o-_-it2p4ledxKf6khCx5nzD5RzI

2021/4/6 9:05:23 # 支付成功回调参数： outTradeNo ------ 2104060904457764

2021/4/6 9:05:23 # 支付成功回调参数： sign ------ 7A8090746C8D08CF53B4BDC690CFA9B9

2021/4/6 9:05:23 # 支付成功回调参数： payChannel ------ wxpay

2021/4/6 9:05:23 # 支付成功回调参数： time ------ 2021-04-06 09:05:21

2021/4/6 9:05:23 # 支付成功回调的新签名为 : 7A8090746C8D08CF53B4BDC690CFA9B9

2021/4/6 9:05:23 # 支付成功回调签名验证通过 。

2021/4/6 13:05:42 # 开始下单 : 

2021/4/6 13:05:42 # 下单签名 : 3266F8DB3D08F80D35F33D27339E94CC

2021/4/6 13:05:43 # 下单结果 : {"msg":"下单成功，请扫码支付","code":0,"data":"http://images.yungouos.com/merge/native/code/210406130542502815307.png"}

2021/4/6 13:05:48 # 开始下单 : 

2021/4/6 13:05:48 # 下单签名 : FD0BACB3C55E5B481F48BC40DCC1898D

2021/4/6 13:05:48 # 下单结果 : {"msg":"下单成功，请扫码支付","code":0,"data":"http://images.yungouos.com/merge/native/code/210406130548952915307.png"}

2021/4/6 13:06:09 # 支付成功回调参数： payNo ------ 4200000942202104064875955905

2021/4/6 13:06:09 # 支付成功回调参数： code ------ 1

2021/4/6 13:06:09 # 支付成功回调参数： mchId ------ 1607191737

2021/4/6 13:06:09 # 支付成功回调参数： orderNo ------ Y13060211378643

2021/4/6 13:06:09 # 支付成功回调参数： money ------ 1688.00

2021/4/6 13:06:09 # 支付成功回调参数： openId ------ o-_-it8dLc6grAr9JeFzE6VWeUVc

2021/4/6 13:06:09 # 支付成功回调参数： outTradeNo ------ 2104061305489529

2021/4/6 13:06:09 # 支付成功回调参数： sign ------ 524E53F4AA69621498E7C2A390454012

2021/4/6 13:06:09 # 支付成功回调参数： payChannel ------ wxpay

2021/4/6 13:06:09 # 支付成功回调参数： time ------ 2021-04-06 13:06:08

2021/4/6 13:06:09 # 支付成功回调的新签名为 : 524E53F4AA69621498E7C2A390454012

2021/4/6 13:06:09 # 支付成功回调签名验证通过 。

