2021/3/22 9:58:23 # 开始下单 : 

2021/3/22 9:58:24 # 下单签名 : A16D18AB2E6A8B072B56D9D593EEC76A

2021/3/22 9:58:24 # 下单结果 : {"msg":"下单成功，请扫码支付","code":0,"data":"http://images.yungouos.com/merge/native/code/210322095823937015307.png"}

2021/3/22 9:59:12 # 开始下单 : 

2021/3/22 9:59:12 # 下单签名 : 692849B1DA45D4773DDAD3BBFEB3D8A5

2021/3/22 9:59:13 # 下单结果 : {"msg":"下单成功，请扫码支付","code":0,"data":"http://images.yungouos.com/merge/native/code/210322095912202715307.png"}

2021/3/22 10:00:01 # 支付成功回调参数： payNo ------ 4200000985202103223474902000

2021/3/22 10:00:01 # 支付成功回调参数： code ------ 1

2021/3/22 10:00:01 # 支付成功回调参数： mchId ------ 1607191737

2021/3/22 10:00:01 # 支付成功回调参数： orderNo ------ Y09594817209018

2021/3/22 10:00:01 # 支付成功回调参数： money ------ 666.00

2021/3/22 10:00:01 # 支付成功回调参数： openId ------ o-_-it4czzN0WwZtzBGjEf8LfJx4

2021/3/22 10:00:01 # 支付成功回调参数： outTradeNo ------ 2103220959122027

2021/3/22 10:00:01 # 支付成功回调参数： sign ------ 56F3F6C374E3DE2434769C0DB5D84338

2021/3/22 10:00:01 # 支付成功回调参数： payChannel ------ wxpay

2021/3/22 10:00:01 # 支付成功回调参数： time ------ 2021-03-22 09:59:59

2021/3/22 10:00:01 # 支付成功回调的新签名为 : 56F3F6C374E3DE2434769C0DB5D84338

2021/3/22 10:00:01 # 支付成功回调签名验证通过 。

2021/3/22 10:00:26 # 开始下单 : 

2021/3/22 10:00:26 # 下单签名 : 75EE9526489655784C72EDC023926C8E

2021/3/22 10:00:27 # 下单结果 : {"msg":"下单成功，请扫码支付","code":0,"data":"http://images.yungouos.com/merge/native/code/210322100026447315307.png"}

2021/3/22 10:12:48 # 开始下单 : 

2021/3/22 10:12:48 # 下单签名 : D9055BA26F9A5ED80804BC14092E9C75

2021/3/22 10:12:48 # 下单结果 : {"msg":"下单成功，请扫码支付","code":0,"data":"http://images.yungouos.com/merge/native/code/210322101248081815307.png"}

2021/3/22 10:19:26 # 开始下单 : 

2021/3/22 10:19:26 # 下单签名 : 38589A8A4E8042B592FDBF2B04710916

2021/3/22 10:19:26 # 下单结果 : {"msg":"下单成功，请扫码支付","code":0,"data":"http://images.yungouos.com/merge/native/code/210322101926037415307.png"}

2021/3/22 10:20:00 # 支付成功回调参数： payNo ------ 4200000990202103220507698294

2021/3/22 10:20:00 # 支付成功回调参数： code ------ 1

2021/3/22 10:20:00 # 支付成功回调参数： mchId ------ 1607191737

2021/3/22 10:20:00 # 支付成功回调参数： orderNo ------ Y10193719881708

2021/3/22 10:20:00 # 支付成功回调参数： money ------ 666.00

2021/3/22 10:20:00 # 支付成功回调参数： openId ------ o-_-it5Yl04Y-54o1VjJ0hxoBac8

2021/3/22 10:20:00 # 支付成功回调参数： outTradeNo ------ 2103221019260374

2021/3/22 10:20:00 # 支付成功回调参数： sign ------ 8F11F49F181E7830B2D4BC108D20C483

2021/3/22 10:20:00 # 支付成功回调参数： payChannel ------ wxpay

2021/3/22 10:20:00 # 支付成功回调参数： time ------ 2021-03-22 10:19:58

2021/3/22 10:20:00 # 支付成功回调的新签名为 : 8F11F49F181E7830B2D4BC108D20C483

2021/3/22 10:20:00 # 支付成功回调签名验证通过 。

2021/3/22 10:44:31 # 开始下单 : 

2021/3/22 10:44:31 # 下单签名 : 50748BE62A061293252A5C1E3C8E3E5B

2021/3/22 10:44:31 # 下单结果 : {"msg":"下单成功，请扫码支付","code":0,"data":"http://images.yungouos.com/merge/native/code/210322104431616115307.png"}

2021/3/22 10:45:28 # 支付成功回调参数： payNo ------ 4200000994202103225881489457

2021/3/22 10:45:28 # 支付成功回调参数： code ------ 1

2021/3/22 10:45:28 # 支付成功回调参数： mchId ------ 1607191737

2021/3/22 10:45:28 # 支付成功回调参数： orderNo ------ Y10451322056187

2021/3/22 10:45:28 # 支付成功回调参数： money ------ 666.00

2021/3/22 10:45:28 # 支付成功回调参数： openId ------ o-_-it_Wi0ipxrX0QcLN-39ldPAY

2021/3/22 10:45:28 # 支付成功回调参数： outTradeNo ------ 2103221044316161

2021/3/22 10:45:28 # 支付成功回调参数： sign ------ 2153F76B79F0154E24613DDDE052C871

2021/3/22 10:45:28 # 支付成功回调参数： payChannel ------ wxpay

2021/3/22 10:45:28 # 支付成功回调参数： time ------ 2021-03-22 10:45:26

2021/3/22 10:45:28 # 支付成功回调的新签名为 : 2153F76B79F0154E24613DDDE052C871

2021/3/22 10:45:28 # 支付成功回调签名验证通过 。

2021/3/22 10:48:25 # 开始下单 : 

2021/3/22 10:48:25 # 下单签名 : 403D003759B8DB7AA668EA1ED54C425B

2021/3/22 10:48:26 # 下单结果 : {"msg":"下单成功，请扫码支付","code":0,"data":"http://images.yungouos.com/merge/native/code/210322104825432015307.png"}

2021/3/22 10:49:07 # 支付成功回调参数： payNo ------ 4200000990202103223691727481

2021/3/22 10:49:07 # 支付成功回调参数： code ------ 1

2021/3/22 10:49:07 # 支付成功回调参数： mchId ------ 1607191737

2021/3/22 10:49:07 # 支付成功回调参数： orderNo ------ Y10485253164452

2021/3/22 10:49:07 # 支付成功回调参数： money ------ 666.00

2021/3/22 10:49:07 # 支付成功回调参数： openId ------ o-_-it_9vnxPsdkx2ETRcGk7HR9g

2021/3/22 10:49:07 # 支付成功回调参数： outTradeNo ------ 2103221048254320

2021/3/22 10:49:07 # 支付成功回调参数： sign ------ C084E2E287D968759E211A23DC1221BA

2021/3/22 10:49:07 # 支付成功回调参数： payChannel ------ wxpay

2021/3/22 10:49:07 # 支付成功回调参数： time ------ 2021-03-22 10:49:06

2021/3/22 10:49:07 # 支付成功回调的新签名为 : C084E2E287D968759E211A23DC1221BA

2021/3/22 10:49:07 # 支付成功回调签名验证通过 。

2021/3/22 10:49:39 # 开始下单 : 

2021/3/22 10:49:39 # 下单签名 : 3F25D8672B92D089ECDCE1C90B8B3ED7

2021/3/22 10:49:40 # 下单结果 : {"msg":"下单成功，请扫码支付","code":0,"data":"http://images.yungouos.com/merge/native/code/210322104939199615307.png"}

2021/3/22 10:50:35 # 支付成功回调参数： payNo ------ 4200000981202103221993398181

2021/3/22 10:50:35 # 支付成功回调参数： code ------ 1

2021/3/22 10:50:35 # 支付成功回调参数： mchId ------ 1607191737

2021/3/22 10:50:35 # 支付成功回调参数： orderNo ------ Y10502186482224

2021/3/22 10:50:35 # 支付成功回调参数： money ------ 666.00

2021/3/22 10:50:35 # 支付成功回调参数： openId ------ o-_-it9rAbmKvGXG2TCVb0TXtSD0

2021/3/22 10:50:35 # 支付成功回调参数： outTradeNo ------ 2103221049391996

2021/3/22 10:50:35 # 支付成功回调参数： sign ------ 3A39E4BA345C110AEDFE027425A4C995

2021/3/22 10:50:35 # 支付成功回调参数： payChannel ------ wxpay

2021/3/22 10:50:35 # 支付成功回调参数： time ------ 2021-03-22 10:50:34

2021/3/22 10:50:35 # 支付成功回调的新签名为 : 3A39E4BA345C110AEDFE027425A4C995

2021/3/22 10:50:35 # 支付成功回调签名验证通过 。

2021/3/22 10:51:04 # 开始下单 : 

2021/3/22 10:51:04 # 下单签名 : 60DA144289AF1EEFA39116646619E818

2021/3/22 10:51:05 # 下单结果 : {"msg":"下单成功，请扫码支付","code":0,"data":"http://images.yungouos.com/merge/native/code/210322105104406615307.png"}

2021/3/22 10:54:21 # 开始下单 : 

2021/3/22 10:54:21 # 下单签名 : B13AE09F889CBE7E9068E77129A69775

2021/3/22 10:54:22 # 下单结果 : {"msg":"下单成功，请扫码支付","code":0,"data":"http://images.yungouos.com/merge/native/code/210322105421152815307.png"}

2021/3/22 10:54:33 # 开始下单 : 

2021/3/22 10:54:33 # 下单签名 : 920F61EB9E39E07EBF0370A7D72736A9

2021/3/22 10:54:33 # 下单结果 : {"msg":"下单成功，请扫码支付","code":0,"data":"http://images.yungouos.com/merge/native/code/210322105433558015307.png"}

2021/3/22 10:55:02 # 开始下单 : 

2021/3/22 10:55:02 # 下单签名 : C35959F8D33A126524A9AD4715216B55

2021/3/22 10:55:03 # 下单结果 : {"msg":"下单成功，请扫码支付","code":0,"data":"http://images.yungouos.com/merge/native/code/210322105502874615307.png"}

2021/3/22 10:55:03 # 开始下单 : 

2021/3/22 10:55:03 # 下单签名 : 90B141C671544339314D6353D8190A7B

2021/3/22 10:55:04 # 下单结果 : {"msg":"下单成功，请扫码支付","code":0,"data":"http://images.yungouos.com/merge/native/code/210322105503842615307.png"}

2021/3/22 11:00:06 # 开始下单 : 

2021/3/22 11:00:06 # 下单签名 : 777F3455AE1CC79ED9CCCF2EFDB179BD

2021/3/22 11:00:07 # 下单结果 : {"msg":"下单成功，请扫码支付","code":0,"data":"http://images.yungouos.com/merge/native/code/210322110006296215307.png"}

2021/3/22 11:00:43 # 支付成功回调参数： payNo ------ 2021032222001434221407840774

2021/3/22 11:00:43 # 支付成功回调参数： code ------ 1

2021/3/22 11:00:43 # 支付成功回调参数： mchId ------ 2088110896172724

2021/3/22 11:00:43 # 支付成功回调参数： orderNo ------ Y11003685110944

2021/3/22 11:00:43 # 支付成功回调参数： money ------ 666.00

2021/3/22 11:00:43 # 支付成功回调参数： outTradeNo ------ 2103221100062962

2021/3/22 11:00:43 # 支付成功回调参数： sign ------ 36BB4E72A2DF1222CD41C158ACC4E2CF

2021/3/22 11:00:43 # 支付成功回调参数： payChannel ------ alipay

2021/3/22 11:00:43 # 支付成功回调参数： time ------ 2021-03-22 11:00:41

2021/3/22 11:00:43 # 支付成功回调的新签名为 : 36BB4E72A2DF1222CD41C158ACC4E2CF

2021/3/22 11:00:43 # 支付成功回调签名验证通过 。

2021/3/22 11:05:22 # 开始下单 : 

2021/3/22 11:05:22 # 下单签名 : 420EA8115DA756D0FCDFAEA387FC9C9C

2021/3/22 11:05:22 # 下单结果 : {"msg":"下单成功，请扫码支付","code":0,"data":"http://images.yungouos.com/merge/native/code/210322110522413815307.png"}

2021/3/22 11:05:52 # 支付成功回调参数： payNo ------ 4200000993202103225864835717

2021/3/22 11:05:52 # 支付成功回调参数： code ------ 1

2021/3/22 11:05:52 # 支付成功回调参数： mchId ------ 1607191737

2021/3/22 11:05:52 # 支付成功回调参数： orderNo ------ Y11054167971463

2021/3/22 11:05:52 # 支付成功回调参数： money ------ 666.00

2021/3/22 11:05:52 # 支付成功回调参数： openId ------ o-_-it7kcV9vlZ2BxyX9RAjI86gg

2021/3/22 11:05:52 # 支付成功回调参数： outTradeNo ------ 2103221105224138

2021/3/22 11:05:52 # 支付成功回调参数： sign ------ AC2C46DE7113DF51B25C114DCED58399

2021/3/22 11:05:52 # 支付成功回调参数： payChannel ------ wxpay

2021/3/22 11:05:52 # 支付成功回调参数： time ------ 2021-03-22 11:05:50

2021/3/22 11:05:52 # 支付成功回调的新签名为 : AC2C46DE7113DF51B25C114DCED58399

2021/3/22 11:05:52 # 支付成功回调签名验证通过 。

2021/3/22 11:17:46 # 开始下单 : 

2021/3/22 11:17:46 # 下单签名 : 0485F306F8433B8FF866053DCD561D2E

2021/3/22 11:17:47 # 下单结果 : {"msg":"下单成功，请扫码支付","code":0,"data":"http://images.yungouos.com/merge/native/code/210322111746493915307.png"}

2021/3/22 11:19:43 # 支付成功回调参数： payNo ------ 4200000998202103226279532077

2021/3/22 11:19:43 # 支付成功回调参数： code ------ 1

2021/3/22 11:19:43 # 支付成功回调参数： mchId ------ 1607191737

2021/3/22 11:19:43 # 支付成功回调参数： orderNo ------ Y11191734088948

2021/3/22 11:19:43 # 支付成功回调参数： money ------ 666.00

2021/3/22 11:19:43 # 支付成功回调参数： openId ------ o-_-it5xapVjTq8FWtK72odgKdFQ

2021/3/22 11:19:43 # 支付成功回调参数： outTradeNo ------ 2103221117464939

2021/3/22 11:19:43 # 支付成功回调参数： sign ------ A3E4B9262A1054D71C24434166222CC2

2021/3/22 11:19:43 # 支付成功回调参数： payChannel ------ wxpay

2021/3/22 11:19:43 # 支付成功回调参数： time ------ 2021-03-22 11:19:42

2021/3/22 11:19:43 # 支付成功回调的新签名为 : A3E4B9262A1054D71C24434166222CC2

2021/3/22 11:19:43 # 支付成功回调签名验证通过 。

2021/3/22 11:31:29 # 开始下单 : 

2021/3/22 11:31:29 # 下单签名 : D5FF170E3E3AC90F3DD9E9D834ACBB43

2021/3/22 11:31:29 # 下单结果 : {"msg":"下单成功，请扫码支付","code":0,"data":"http://images.yungouos.com/merge/native/code/210322113129483915307.png"}

2021/3/22 11:33:27 # 开始下单 : 

2021/3/22 11:33:27 # 下单签名 : 81FD37B8DE755D60C811C75A97A4104F

2021/3/22 11:33:28 # 下单结果 : {"msg":"下单成功，请扫码支付","code":0,"data":"http://images.yungouos.com/merge/native/code/210322113327697215307.png"}

2021/3/22 11:35:28 # 支付成功回调参数： payNo ------ 2021032222001402011423512792

2021/3/22 11:35:28 # 支付成功回调参数： code ------ 1

2021/3/22 11:35:28 # 支付成功回调参数： mchId ------ 2088110896172724

2021/3/22 11:35:28 # 支付成功回调参数： orderNo ------ Y11351775865081

2021/3/22 11:35:28 # 支付成功回调参数： money ------ 666.00

2021/3/22 11:35:28 # 支付成功回调参数： outTradeNo ------ 2103221133276972

2021/3/22 11:35:28 # 支付成功回调参数： sign ------ 62A37DEB24046296BBD2DF808DD2AC73

2021/3/22 11:35:28 # 支付成功回调参数： payChannel ------ alipay

2021/3/22 11:35:28 # 支付成功回调参数： time ------ 2021-03-22 11:35:26

2021/3/22 11:35:28 # 支付成功回调的新签名为 : 62A37DEB24046296BBD2DF808DD2AC73

2021/3/22 11:35:28 # 支付成功回调签名验证通过 。

2021/3/22 11:36:14 # 开始下单 : 

2021/3/22 11:36:14 # 下单签名 : 87E1259B093D87CA2B19D4890C049347

2021/3/22 11:36:15 # 下单结果 : {"msg":"下单成功，请扫码支付","code":0,"data":"http://images.yungouos.com/merge/native/code/210322113614943415307.png"}

2021/3/22 11:36:18 # 开始下单 : 

2021/3/22 11:36:18 # 下单签名 : C99CCAD07E332AB793B9D838D6DE758C

2021/3/22 11:36:18 # 下单结果 : {"msg":"下单成功，请扫码支付","code":0,"data":"http://images.yungouos.com/merge/native/code/210322113618818615307.png"}

2021/3/22 12:24:47 # 开始下单 : 

2021/3/22 12:24:47 # 下单签名 : 9D46CA93D1702B1373ABE69E2BD93778

2021/3/22 12:24:47 # 下单结果 : {"msg":"下单成功，请扫码支付","code":0,"data":"http://images.yungouos.com/merge/native/code/210322122447297015307.png"}

2021/3/22 12:25:00 # 开始下单 : 

2021/3/22 12:25:01 # 下单签名 : 9FBE2AEDFE3EE42D33EC248770C1A261

2021/3/22 12:25:01 # 下单结果 : {"msg":"下单成功，请扫码支付","code":0,"data":"http://images.yungouos.com/merge/native/code/210322122500589515307.png"}

2021/3/22 12:27:35 # 开始下单 : 

2021/3/22 12:27:35 # 下单签名 : 1E1EDE318C338877C0C1294220CE5B15

2021/3/22 12:27:35 # 下单结果 : {"msg":"下单成功，请扫码支付","code":0,"data":"http://images.yungouos.com/merge/native/code/210322122735030515307.png"}

2021/3/22 12:28:03 # 支付成功回调参数： payNo ------ 4200000991202103223945876500

2021/3/22 12:28:03 # 支付成功回调参数： code ------ 1

2021/3/22 12:28:03 # 支付成功回调参数： mchId ------ 1607191737

2021/3/22 12:28:03 # 支付成功回调参数： orderNo ------ Y12274913291402

2021/3/22 12:28:03 # 支付成功回调参数： money ------ 666.00

2021/3/22 12:28:03 # 支付成功回调参数： openId ------ o-_-it4Zo9vvGGLcyI1joGx06D5g

2021/3/22 12:28:03 # 支付成功回调参数： outTradeNo ------ 2103221227350305

2021/3/22 12:28:03 # 支付成功回调参数： sign ------ 86517AC5C01105C5FC99CC87DB487245

2021/3/22 12:28:03 # 支付成功回调参数： payChannel ------ wxpay

2021/3/22 12:28:03 # 支付成功回调参数： time ------ 2021-03-22 12:28:01

2021/3/22 12:28:03 # 支付成功回调的新签名为 : 86517AC5C01105C5FC99CC87DB487245

2021/3/22 12:28:03 # 支付成功回调签名验证通过 。

2021/3/22 12:31:20 # 开始下单 : 

2021/3/22 12:31:20 # 下单签名 : 5E67F316DE9C66B5E9D4067285536457

2021/3/22 12:31:21 # 下单结果 : {"msg":"下单成功，请扫码支付","code":0,"data":"http://images.yungouos.com/merge/native/code/210322123120406915307.png"}

2021/3/22 12:32:33 # 支付成功回调参数： payNo ------ 4200000939202103222058842555

2021/3/22 12:32:33 # 支付成功回调参数： code ------ 1

2021/3/22 12:32:33 # 支付成功回调参数： mchId ------ 1607191737

2021/3/22 12:32:33 # 支付成功回调参数： orderNo ------ Y12321587273623

2021/3/22 12:32:33 # 支付成功回调参数： money ------ 666.00

2021/3/22 12:32:33 # 支付成功回调参数： openId ------ o-_-itybZtECkFJccIfJP_hOD8Mg

2021/3/22 12:32:33 # 支付成功回调参数： outTradeNo ------ 2103221231204069

2021/3/22 12:32:33 # 支付成功回调参数： sign ------ 51DFD232CA514838D5AA03DFD83312E8

2021/3/22 12:32:33 # 支付成功回调参数： payChannel ------ wxpay

2021/3/22 12:32:33 # 支付成功回调参数： time ------ 2021-03-22 12:32:32

2021/3/22 12:32:33 # 支付成功回调的新签名为 : 51DFD232CA514838D5AA03DFD83312E8

2021/3/22 12:32:33 # 支付成功回调签名验证通过 。

2021/3/22 12:58:54 # 开始下单 : 

2021/3/22 12:58:54 # 下单签名 : 1417FB728CB2069FB07D13306B0FCB4D

2021/3/22 12:58:54 # 下单结果 : {"msg":"下单成功，请扫码支付","code":0,"data":"http://images.yungouos.com/merge/native/code/210322125854773015307.png"}

2021/3/22 13:01:53 # 支付成功回调参数： payNo ------ 2021032222001446781405400186

2021/3/22 13:01:53 # 支付成功回调参数： code ------ 1

2021/3/22 13:01:53 # 支付成功回调参数： mchId ------ 2088110896172724

2021/3/22 13:01:53 # 支付成功回调参数： orderNo ------ Y13012740414392

2021/3/22 13:01:53 # 支付成功回调参数： money ------ 666.00

2021/3/22 13:01:53 # 支付成功回调参数： outTradeNo ------ 2103221258547730

2021/3/22 13:01:53 # 支付成功回调参数： sign ------ 5F0C06CA2FA275465BD1701B1C99E15C

2021/3/22 13:01:53 # 支付成功回调参数： payChannel ------ alipay

2021/3/22 13:01:53 # 支付成功回调参数： time ------ 2021-03-22 13:01:51

2021/3/22 13:01:53 # 支付成功回调的新签名为 : 5F0C06CA2FA275465BD1701B1C99E15C

2021/3/22 13:01:53 # 支付成功回调签名验证通过 。

2021/3/22 13:18:57 # 开始下单 : 

2021/3/22 13:18:57 # 下单签名 : 87950FCBD39286BB4A2AD22F0765CF85

2021/3/22 13:18:57 # 开始下单 : 

2021/3/22 13:18:57 # 下单签名 : 2977F9DC758C79967EDA3E3845354196

2021/3/22 13:18:58 # 下单结果 : {"msg":"下单成功，请扫码支付","code":0,"data":"http://images.yungouos.com/merge/native/code/210322131857372815307.png"}

2021/3/22 13:18:58 # 下单结果 : {"msg":"下单成功，请扫码支付","code":0,"data":"http://images.yungouos.com/merge/native/code/210322131857330915307.png"}

2021/3/22 13:19:40 # 支付成功回调参数： payNo ------ 4200000987202103224204292155

2021/3/22 13:19:40 # 支付成功回调参数： code ------ 1

2021/3/22 13:19:40 # 支付成功回调参数： mchId ------ 1607191737

2021/3/22 13:19:40 # 支付成功回调参数： orderNo ------ Y13191492060607

2021/3/22 13:19:40 # 支付成功回调参数： money ------ 1688.00

2021/3/22 13:19:40 # 支付成功回调参数： openId ------ o-_-it1yVptexLelpYklEpFXoOPw

2021/3/22 13:19:40 # 支付成功回调参数： outTradeNo ------ 2103221318573309

2021/3/22 13:19:40 # 支付成功回调参数： sign ------ 1182CB4DFA25D8ABDF1120165B7D4AC9

2021/3/22 13:19:40 # 支付成功回调参数： payChannel ------ wxpay

2021/3/22 13:19:40 # 支付成功回调参数： time ------ 2021-03-22 13:19:38

2021/3/22 13:19:40 # 支付成功回调的新签名为 : 1182CB4DFA25D8ABDF1120165B7D4AC9

2021/3/22 13:19:40 # 支付成功回调签名验证通过 。

2021/3/22 13:20:06 # 支付成功回调参数： payNo ------ 4200000986202103224363435225

2021/3/22 13:20:06 # 支付成功回调参数： code ------ 1

2021/3/22 13:20:06 # 支付成功回调参数： mchId ------ 1607191737

2021/3/22 13:20:06 # 支付成功回调参数： orderNo ------ Y13194697787189

2021/3/22 13:20:06 # 支付成功回调参数： money ------ 666.00

2021/3/22 13:20:06 # 支付成功回调参数： openId ------ o-_-it6YB141XFobKi3WsWJkBHgE

2021/3/22 13:20:06 # 支付成功回调参数： outTradeNo ------ 2103221318573728

2021/3/22 13:20:06 # 支付成功回调参数： sign ------ DB44BF2D8637666424306AB589DDBE70

2021/3/22 13:20:06 # 支付成功回调参数： payChannel ------ wxpay

2021/3/22 13:20:06 # 支付成功回调参数： time ------ 2021-03-22 13:20:05

2021/3/22 13:20:06 # 支付成功回调的新签名为 : DB44BF2D8637666424306AB589DDBE70

2021/3/22 13:20:06 # 支付成功回调签名验证通过 。

2021/3/22 13:20:34 # 开始下单 : 

2021/3/22 13:20:34 # 下单签名 : C30FD418FD9289E3D557517976C64EA6

2021/3/22 13:20:35 # 下单结果 : {"msg":"下单成功，请扫码支付","code":0,"data":"http://images.yungouos.com/merge/native/code/210322132034029615307.png"}

2021/3/22 13:22:11 # 开始下单 : 

2021/3/22 13:22:11 # 下单签名 : A5524F820373CCE9CFD54B8C6630C6C8

2021/3/22 13:22:11 # 下单结果 : {"msg":"下单成功，请扫码支付","code":0,"data":"http://images.yungouos.com/merge/native/code/210322132211691815307.png"}

2021/3/22 13:23:13 # 支付成功回调参数： payNo ------ 4200000983202103221203507403

2021/3/22 13:23:13 # 支付成功回调参数： code ------ 1

2021/3/22 13:23:13 # 支付成功回调参数： mchId ------ 1607191737

2021/3/22 13:23:13 # 支付成功回调参数： orderNo ------ Y13224217916126

2021/3/22 13:23:13 # 支付成功回调参数： money ------ 1688.00

2021/3/22 13:23:13 # 支付成功回调参数： openId ------ o-_-it_YqeJCrm0xxI-ViGrc9gqQ

2021/3/22 13:23:13 # 支付成功回调参数： outTradeNo ------ 2103221322116918

2021/3/22 13:23:13 # 支付成功回调参数： sign ------ 899E8AD72C7827D9EAFA3B25ED9A004B

2021/3/22 13:23:13 # 支付成功回调参数： payChannel ------ wxpay

2021/3/22 13:23:13 # 支付成功回调参数： time ------ 2021-03-22 13:23:12

2021/3/22 13:23:13 # 支付成功回调的新签名为 : 899E8AD72C7827D9EAFA3B25ED9A004B

2021/3/22 13:23:13 # 支付成功回调签名验证通过 。

2021/3/22 13:23:27 # 开始下单 : 

2021/3/22 13:23:27 # 下单签名 : 49FC1673B739E6CD57F08DCA2FB08A47

2021/3/22 13:23:28 # 下单结果 : {"msg":"下单成功，请扫码支付","code":0,"data":"http://images.yungouos.com/merge/native/code/210322132327832915307.png"}

2021/3/22 14:16:43 # 开始下单 : 

2021/3/22 14:16:43 # 下单签名 : C18DFAFFC2B215A01F46D93DC9D6D525

2021/3/22 14:16:43 # 下单结果 : {"msg":"下单成功，请扫码支付","code":0,"data":"http://images.yungouos.com/merge/native/code/210322141643316415307.png"}

2021/3/22 14:17:23 # 开始下单 : 

2021/3/22 14:17:23 # 下单签名 : E3A7BCF0B09B67B9817493E9CB0F97C6

2021/3/22 14:17:23 # 下单结果 : {"msg":"下单成功，请扫码支付","code":0,"data":"http://images.yungouos.com/merge/native/code/210322141723606515307.png"}

2021/3/22 14:17:30 # 支付成功回调参数： payNo ------ 2021032222001476251400762407

2021/3/22 14:17:30 # 支付成功回调参数： code ------ 1

2021/3/22 14:17:30 # 支付成功回调参数： mchId ------ 2088110896172724

2021/3/22 14:17:30 # 支付成功回调参数： orderNo ------ Y14170156073873

2021/3/22 14:17:30 # 支付成功回调参数： money ------ 666.00

2021/3/22 14:17:30 # 支付成功回调参数： outTradeNo ------ 2103221416433164

2021/3/22 14:17:30 # 支付成功回调参数： sign ------ 90A55766B42D050A4AE7C71992180543

2021/3/22 14:17:30 # 支付成功回调参数： payChannel ------ alipay

2021/3/22 14:17:30 # 支付成功回调参数： time ------ 2021-03-22 14:17:29

2021/3/22 14:17:30 # 支付成功回调的新签名为 : 90A55766B42D050A4AE7C71992180543

2021/3/22 14:17:30 # 支付成功回调签名验证通过 。

2021/3/22 14:18:36 # 支付成功回调参数： payNo ------ 4200000996202103225531586203

2021/3/22 14:18:36 # 支付成功回调参数： code ------ 1

2021/3/22 14:18:36 # 支付成功回调参数： mchId ------ 1607191737

2021/3/22 14:18:36 # 支付成功回调参数： orderNo ------ Y14180650786361

2021/3/22 14:18:36 # 支付成功回调参数： money ------ 666.00

2021/3/22 14:18:36 # 支付成功回调参数： openId ------ o-_-ity1hNsgdlC5Y3UM23YlknuM

2021/3/22 14:18:36 # 支付成功回调参数： outTradeNo ------ 2103221417236065

2021/3/22 14:18:36 # 支付成功回调参数： sign ------ ECF8AEC540892CC7B3DC462FBC9F4ABA

2021/3/22 14:18:36 # 支付成功回调参数： payChannel ------ wxpay

2021/3/22 14:18:36 # 支付成功回调参数： time ------ 2021-03-22 14:18:35

2021/3/22 14:18:36 # 支付成功回调的新签名为 : ECF8AEC540892CC7B3DC462FBC9F4ABA

2021/3/22 14:18:36 # 支付成功回调签名验证通过 。

2021/3/22 14:33:58 # 开始下单 : 

2021/3/22 14:33:58 # 下单签名 : 2D044E4017740B2ED0A2A0137371D4C8

2021/3/22 14:33:59 # 下单结果 : {"msg":"下单成功，请扫码支付","code":0,"data":"http://images.yungouos.com/merge/native/code/210322143358807815307.png"}

2021/3/22 14:35:07 # 支付成功回调参数： payNo ------ 2021032222001482851425021656

2021/3/22 14:35:07 # 支付成功回调参数： code ------ 1

2021/3/22 14:35:07 # 支付成功回调参数： mchId ------ 2088110896172724

2021/3/22 14:35:07 # 支付成功回调参数： orderNo ------ Y14345928531538

2021/3/22 14:35:07 # 支付成功回调参数： money ------ 666.00

2021/3/22 14:35:07 # 支付成功回调参数： outTradeNo ------ 2103221433588078

2021/3/22 14:35:07 # 支付成功回调参数： sign ------ 95513A426F933292C9ED514F67F5F8BC

2021/3/22 14:35:07 # 支付成功回调参数： payChannel ------ alipay

2021/3/22 14:35:07 # 支付成功回调参数： time ------ 2021-03-22 14:35:05

2021/3/22 14:35:07 # 支付成功回调的新签名为 : 95513A426F933292C9ED514F67F5F8BC

2021/3/22 14:35:07 # 支付成功回调签名验证通过 。

2021/3/22 14:35:17 # 开始下单 : 

2021/3/22 14:35:17 # 下单签名 : E89CB5229A1B93A4715F0E743072BFD9

2021/3/22 14:35:17 # 下单结果 : {"msg":"下单成功，请扫码支付","code":0,"data":"http://images.yungouos.com/merge/native/code/210322143517870415307.png"}

2021/3/22 14:38:03 # 支付成功回调参数： payNo ------ 2021032222001432021424737224

2021/3/22 14:38:03 # 支付成功回调参数： code ------ 1

2021/3/22 14:38:03 # 支付成功回调参数： mchId ------ 2088110896172724

2021/3/22 14:38:03 # 支付成功回调参数： orderNo ------ Y14373730724428

2021/3/22 14:38:03 # 支付成功回调参数： money ------ 666.00

2021/3/22 14:38:03 # 支付成功回调参数： outTradeNo ------ 2103221435178704

2021/3/22 14:38:03 # 支付成功回调参数： sign ------ 100EA8C3F93D293C4B3D334B8A96290C

2021/3/22 14:38:03 # 支付成功回调参数： payChannel ------ alipay

2021/3/22 14:38:03 # 支付成功回调参数： time ------ 2021-03-22 14:38:01

2021/3/22 14:38:03 # 支付成功回调的新签名为 : 100EA8C3F93D293C4B3D334B8A96290C

2021/3/22 14:38:03 # 支付成功回调签名验证通过 。

2021/3/22 15:48:19 # 开始下单 : 

2021/3/22 15:48:19 # 下单签名 : 787DE2D8953EF892DDD4667C317861A0

2021/3/22 15:48:19 # 下单结果 : {"msg":"下单成功，请扫码支付","code":0,"data":"http://images.yungouos.com/merge/native/code/210322154819034315307.png"}

2021/3/22 15:49:47 # 支付成功回调参数： payNo ------ 4200000982202103220122853615

2021/3/22 15:49:47 # 支付成功回调参数： code ------ 1

2021/3/22 15:49:47 # 支付成功回调参数： mchId ------ 1607191737

2021/3/22 15:49:47 # 支付成功回调参数： orderNo ------ Y15491515213905

2021/3/22 15:49:47 # 支付成功回调参数： money ------ 666.00

2021/3/22 15:49:47 # 支付成功回调参数： openId ------ o-_-itysUROcOnk4pRIdaT2BL7ig

2021/3/22 15:49:47 # 支付成功回调参数： outTradeNo ------ 2103221548190343

2021/3/22 15:49:47 # 支付成功回调参数： sign ------ F2F0C2E6B4622635C6779E89F6D64D86

2021/3/22 15:49:47 # 支付成功回调参数： payChannel ------ wxpay

2021/3/22 15:49:47 # 支付成功回调参数： time ------ 2021-03-22 15:49:45

2021/3/22 15:49:47 # 支付成功回调的新签名为 : F2F0C2E6B4622635C6779E89F6D64D86

2021/3/22 15:49:47 # 支付成功回调签名验证通过 。

2021/3/22 15:51:10 # 开始下单 : 

2021/3/22 15:51:10 # 下单签名 : B5952A7196496B7F4EB96D717329A7A6

2021/3/22 15:51:10 # 下单结果 : {"msg":"下单成功，请扫码支付","code":0,"data":"http://images.yungouos.com/merge/native/code/210322155110165215307.png"}

2021/3/22 15:59:44 # 开始下单 : 

2021/3/22 15:59:44 # 下单签名 : 1DA22A525540A112A313FDE1B16C6B58

2021/3/22 15:59:45 # 下单结果 : {"msg":"下单成功，请扫码支付","code":0,"data":"http://images.yungouos.com/merge/native/code/210322155944959815307.png"}

2021/3/22 16:00:04 # 支付成功回调参数： payNo ------ 2021032222001439141420479956

2021/3/22 16:00:04 # 支付成功回调参数： code ------ 1

2021/3/22 16:00:04 # 支付成功回调参数： mchId ------ 2088110896172724

2021/3/22 16:00:04 # 支付成功回调参数： orderNo ------ Y15595793871565

2021/3/22 16:00:04 # 支付成功回调参数： money ------ 666.00

2021/3/22 16:00:04 # 支付成功回调参数： outTradeNo ------ 2103221559449598

2021/3/22 16:00:04 # 支付成功回调参数： sign ------ 326773BE4DE5E513EDE849C0AB8FC298

2021/3/22 16:00:04 # 支付成功回调参数： payChannel ------ alipay

2021/3/22 16:00:04 # 支付成功回调参数： time ------ 2021-03-22 16:00:02

2021/3/22 16:00:04 # 支付成功回调的新签名为 : 326773BE4DE5E513EDE849C0AB8FC298

2021/3/22 16:00:04 # 支付成功回调签名验证通过 。

2021/3/22 17:28:34 # 从客户端(:)中检测到有潜在危险的 Request.Path 值。
   在 System.Web.HttpRequest.ValidateInputIfRequiredByConfig()
   在 System.Web.HttpApplication.PipelineStepManager.ValidateHelper(HttpContext context)

2021/3/22 17:28:35 # 从客户端(:)中检测到有潜在危险的 Request.Path 值。
   在 System.Web.HttpRequest.ValidateInputIfRequiredByConfig()
   在 System.Web.HttpApplication.PipelineStepManager.ValidateHelper(HttpContext context)

2021/3/22 17:28:43 # 从客户端(:)中检测到有潜在危险的 Request.Path 值。
   在 System.Web.HttpRequest.ValidateInputIfRequiredByConfig()
   在 System.Web.HttpApplication.PipelineStepManager.ValidateHelper(HttpContext context)

2021/3/22 18:27:03 # 开始下单 : 

2021/3/22 18:27:03 # 下单签名 : B239DC516E73A2F56B4B36565B700685

2021/3/22 18:27:04 # 下单结果 : {"msg":"下单成功，请扫码支付","code":0,"data":"http://images.yungouos.com/merge/native/code/210322182703946115307.png"}

2021/3/22 18:27:55 # 支付成功回调参数： payNo ------ 4200000988202103226296783228

2021/3/22 18:27:55 # 支付成功回调参数： code ------ 1

2021/3/22 18:27:55 # 支付成功回调参数： mchId ------ 1607191737

2021/3/22 18:27:55 # 支付成功回调参数： orderNo ------ Y18273246306701

2021/3/22 18:27:55 # 支付成功回调参数： money ------ 666.00

2021/3/22 18:27:55 # 支付成功回调参数： openId ------ o-_-it7pgNhf-OmNNxVhgRKpjtV8

2021/3/22 18:27:55 # 支付成功回调参数： outTradeNo ------ 2103221827039461

2021/3/22 18:27:55 # 支付成功回调参数： sign ------ A7152AED074679F4B328AACF9F0B222E

2021/3/22 18:27:55 # 支付成功回调参数： payChannel ------ wxpay

2021/3/22 18:27:55 # 支付成功回调参数： time ------ 2021-03-22 18:27:53

2021/3/22 18:27:55 # 支付成功回调的新签名为 : A7152AED074679F4B328AACF9F0B222E

2021/3/22 18:27:55 # 支付成功回调签名验证通过 。

2021/3/22 18:42:11 # 开始下单 : 

2021/3/22 18:42:11 # 下单签名 : 370A327154E0984BFB33283943C8F62B

2021/3/22 18:42:11 # 下单结果 : {"msg":"下单成功，请扫码支付","code":0,"data":"http://images.yungouos.com/merge/native/code/210322184211199215307.png"}

2021/3/22 18:42:43 # 支付成功回调参数： payNo ------ 4200000998202103223338993902

2021/3/22 18:42:43 # 支付成功回调参数： code ------ 1

2021/3/22 18:42:43 # 支付成功回调参数： mchId ------ 1607191737

2021/3/22 18:42:43 # 支付成功回调参数： orderNo ------ Y18422455671523

2021/3/22 18:42:43 # 支付成功回调参数： money ------ 1688.00

2021/3/22 18:42:43 # 支付成功回调参数： openId ------ o-_-it4XiZTjiGDdY5atFZWil3_Y

2021/3/22 18:42:43 # 支付成功回调参数： outTradeNo ------ 2103221842111992

2021/3/22 18:42:43 # 支付成功回调参数： sign ------ DADB9318BBB755C4289579D61CB78433

2021/3/22 18:42:43 # 支付成功回调参数： payChannel ------ wxpay

2021/3/22 18:42:43 # 支付成功回调参数： time ------ 2021-03-22 18:42:41

2021/3/22 18:42:43 # 支付成功回调的新签名为 : DADB9318BBB755C4289579D61CB78433

2021/3/22 18:42:43 # 支付成功回调签名验证通过 。

2021/3/22 18:43:34 # 开始下单 : 

2021/3/22 18:43:34 # 下单签名 : 6C48D271D7498FB315AA5B0660AE8922

2021/3/22 18:43:35 # 下单结果 : {"msg":"下单成功，请扫码支付","code":0,"data":"http://images.yungouos.com/merge/native/code/210322184334856515307.png"}

2021/3/22 19:10:51 # 开始下单 : 

2021/3/22 19:10:51 # 下单签名 : 28751D9F9048E3BB4E52C0441BF28643

2021/3/22 19:10:52 # 下单结果 : {"msg":"下单成功，请扫码支付","code":0,"data":"http://images.yungouos.com/merge/native/code/210322191051966715307.png"}

2021/3/22 19:45:09 # 开始下单 : 

2021/3/22 19:45:09 # 下单签名 : 56C0E5BFDDC2FFD4852918859844430F

2021/3/22 19:45:09 # 下单结果 : {"msg":"下单成功，请扫码支付","code":0,"data":"http://images.yungouos.com/merge/native/code/210322194509044515307.png"}

2021/3/22 19:46:01 # 支付成功回调参数： payNo ------ 4200000939202103223285681724

2021/3/22 19:46:01 # 支付成功回调参数： code ------ 1

2021/3/22 19:46:01 # 支付成功回调参数： mchId ------ 1607191737

2021/3/22 19:46:01 # 支付成功回调参数： orderNo ------ Y19453891049321

2021/3/22 19:46:01 # 支付成功回调参数： money ------ 666.00

2021/3/22 19:46:01 # 支付成功回调参数： openId ------ o-_-itwG_swIvbn2fjuruX4AwdqI

2021/3/22 19:46:01 # 支付成功回调参数： outTradeNo ------ 2103221945090445

2021/3/22 19:46:01 # 支付成功回调参数： sign ------ 1DD954111D238EFB0942E0E7186223C3

2021/3/22 19:46:01 # 支付成功回调参数： payChannel ------ wxpay

2021/3/22 19:46:01 # 支付成功回调参数： time ------ 2021-03-22 19:46:00

2021/3/22 19:46:01 # 支付成功回调的新签名为 : 1DD954111D238EFB0942E0E7186223C3

2021/3/22 19:46:01 # 支付成功回调签名验证通过 。

2021/3/22 20:07:47 # 开始下单 : 

2021/3/22 20:07:47 # 下单签名 : 6648C2F3FEFD7A3285D40CF34B7CA742

2021/3/22 20:07:48 # 下单结果 : {"msg":"下单成功，请扫码支付","code":0,"data":"http://images.yungouos.com/merge/native/code/210322200747913815307.png"}

2021/3/22 20:08:21 # 支付成功回调参数： payNo ------ 2021032222001440231409329118

2021/3/22 20:08:21 # 支付成功回调参数： code ------ 1

2021/3/22 20:08:21 # 支付成功回调参数： mchId ------ 2088110896172724

2021/3/22 20:08:21 # 支付成功回调参数： orderNo ------ Y20080865063782

2021/3/22 20:08:21 # 支付成功回调参数： money ------ 666.00

2021/3/22 20:08:21 # 支付成功回调参数： outTradeNo ------ 2103222007479138

2021/3/22 20:08:21 # 支付成功回调参数： sign ------ A6D8BFC655F9E971F691D7862EFBAF53

2021/3/22 20:08:21 # 支付成功回调参数： payChannel ------ alipay

2021/3/22 20:08:21 # 支付成功回调参数： time ------ 2021-03-22 20:08:18

2021/3/22 20:08:21 # 支付成功回调的新签名为 : A6D8BFC655F9E971F691D7862EFBAF53

2021/3/22 20:08:21 # 支付成功回调签名验证通过 。

2021/3/22 20:33:57 # 开始下单 : 

2021/3/22 20:33:57 # 下单签名 : E0D21DDC721B50F69783B7EB40333527

2021/3/22 20:33:58 # 下单结果 : {"msg":"下单成功，请扫码支付","code":0,"data":"http://images.yungouos.com/merge/native/code/210322203357587215307.png"}

2021/3/22 20:37:14 # 开始下单 : 

2021/3/22 20:37:14 # 下单签名 : CE1ADE8D9E3A36DD5CE9C692B2584989

2021/3/22 20:37:15 # 下单结果 : {"msg":"下单成功，请扫码支付","code":0,"data":"http://images.yungouos.com/merge/native/code/210322203714069515307.png"}

2021/3/22 23:48:55 # 开始下单 : 

2021/3/22 23:48:55 # 下单签名 : 1388B287BA0B2FCFB8F057DC4AC96421

2021/3/22 23:48:56 # 下单结果 : {"msg":"下单成功，请扫码支付","code":0,"data":"http://images.yungouos.com/merge/native/code/210322234855383615307.png"}

2021/3/22 23:49:11 # 开始下单 : 

2021/3/22 23:49:11 # 下单签名 : BC665078DF6CDB31B354DAB253C9851E

2021/3/22 23:49:12 # 下单结果 : {"msg":"下单成功，请扫码支付","code":0,"data":"http://images.yungouos.com/merge/native/code/210322234911013315307.png"}

2021/3/22 23:49:28 # 开始下单 : 

2021/3/22 23:49:28 # 下单签名 : C079E098E6A6EFCD64446CCF8C724170

2021/3/22 23:49:31 # 下单结果 : {"msg":"下单成功，请扫码支付","code":0,"data":"http://images.yungouos.com/merge/native/code/210322234928832815307.png"}

2021/3/22 23:49:33 # 开始下单 : 

2021/3/22 23:49:33 # 下单签名 : 68721A08AC4490B56A8AA30F3AED193B

2021/3/22 23:49:33 # 下单结果 : {"msg":"下单成功，请扫码支付","code":0,"data":"http://images.yungouos.com/merge/native/code/210322234933842115307.png"}

2021/3/22 23:50:59 # 支付成功回调参数： payNo ------ 4200000997202103224879892250

2021/3/22 23:50:59 # 支付成功回调参数： code ------ 1

2021/3/22 23:50:59 # 支付成功回调参数： mchId ------ 1607191737

2021/3/22 23:50:59 # 支付成功回调参数： orderNo ------ Y23501188478275

2021/3/22 23:50:59 # 支付成功回调参数： money ------ 666.00

2021/3/22 23:50:59 # 支付成功回调参数： openId ------ o-_-it-fXnocilBf-SBjdfYgtpaY

2021/3/22 23:50:59 # 支付成功回调参数： outTradeNo ------ 2103222349338421

2021/3/22 23:50:59 # 支付成功回调参数： sign ------ 651C2704CA32E422B52E468538F1A8DC

2021/3/22 23:50:59 # 支付成功回调参数： payChannel ------ wxpay

2021/3/22 23:50:59 # 支付成功回调参数： time ------ 2021-03-22 23:50:58

2021/3/22 23:50:59 # 支付成功回调的新签名为 : 651C2704CA32E422B52E468538F1A8DC

2021/3/22 23:50:59 # 支付成功回调签名验证通过 。

