2021/3/24 9:40:40 # 开始下单 : 

2021/3/24 9:40:40 # 下单签名 : 828358A368E7D976D728B8861B42219D

2021/3/24 9:40:40 # 下单结果 : {"msg":"下单成功，请扫码支付","code":0,"data":"http://images.yungouos.com/merge/native/code/210324094040604215307.png"}

2021/3/24 9:41:44 # 支付成功回调参数： payNo ------ 2021032422001437871430726589

2021/3/24 9:41:44 # 支付成功回调参数： code ------ 1

2021/3/24 9:41:44 # 支付成功回调参数： mchId ------ 2088110896172724

2021/3/24 9:41:44 # 支付成功回调参数： orderNo ------ Y09413565665603

2021/3/24 9:41:44 # 支付成功回调参数： money ------ 666.00

2021/3/24 9:41:44 # 支付成功回调参数： outTradeNo ------ 2103240940406042

2021/3/24 9:41:44 # 支付成功回调参数： sign ------ CC4D50C5ECBD0CCD6F05548EC021D5B2

2021/3/24 9:41:44 # 支付成功回调参数： payChannel ------ alipay

2021/3/24 9:41:44 # 支付成功回调参数： time ------ 2021-03-24 09:41:42

2021/3/24 9:41:44 # 支付成功回调的新签名为 : CC4D50C5ECBD0CCD6F05548EC021D5B2

2021/3/24 9:41:44 # 支付成功回调签名验证通过 。

2021/3/24 10:31:45 # 开始下单 : 

2021/3/24 10:31:45 # 下单签名 : 201140B6FEDE68491B380148E2516236

2021/3/24 10:31:46 # 下单结果 : {"msg":"下单成功，请扫码支付","code":0,"data":"http://images.yungouos.com/merge/native/code/210324103145531015307.png"}

2021/3/24 10:32:20 # 支付成功回调参数： payNo ------ 4200000981202103249152165093

2021/3/24 10:32:20 # 支付成功回调参数： code ------ 1

2021/3/24 10:32:20 # 支付成功回调参数： mchId ------ 1607191737

2021/3/24 10:32:20 # 支付成功回调参数： orderNo ------ Y10320312182241

2021/3/24 10:32:20 # 支付成功回调参数： money ------ 666.00

2021/3/24 10:32:20 # 支付成功回调参数： openId ------ o-_-it_aWxRGdPXTzsnp7ndFXUB8

2021/3/24 10:32:20 # 支付成功回调参数： outTradeNo ------ 2103241031455310

2021/3/24 10:32:20 # 支付成功回调参数： sign ------ 3DDD4005FECB23FE2586764C23334668

2021/3/24 10:32:20 # 支付成功回调参数： payChannel ------ wxpay

2021/3/24 10:32:20 # 支付成功回调参数： time ------ 2021-03-24 10:32:19

2021/3/24 10:32:20 # 支付成功回调的新签名为 : 3DDD4005FECB23FE2586764C23334668

2021/3/24 10:32:20 # 支付成功回调签名验证通过 。

2021/3/24 10:44:10 # 开始下单 : 

2021/3/24 10:44:10 # 下单签名 : 252FA1F13B18D886DA10D3DE250C35F7

2021/3/24 10:44:11 # 下单结果 : {"msg":"下单成功，请扫码支付","code":0,"data":"http://images.yungouos.com/merge/native/code/210324104410362715307.png"}

2021/3/24 10:44:51 # 支付成功回调参数： payNo ------ 2021032422001447941433627563

2021/3/24 10:44:51 # 支付成功回调参数： code ------ 1

2021/3/24 10:44:51 # 支付成功回调参数： mchId ------ 2088110896172724

2021/3/24 10:44:51 # 支付成功回调参数： orderNo ------ Y10443861984519

2021/3/24 10:44:51 # 支付成功回调参数： money ------ 666.00

2021/3/24 10:44:51 # 支付成功回调参数： outTradeNo ------ 2103241044103627

2021/3/24 10:44:51 # 支付成功回调参数： sign ------ C57F2524E839BEE0BD8923263FCFCD72

2021/3/24 10:44:51 # 支付成功回调参数： payChannel ------ alipay

2021/3/24 10:44:51 # 支付成功回调参数： time ------ 2021-03-24 10:44:49

2021/3/24 10:44:51 # 支付成功回调的新签名为 : C57F2524E839BEE0BD8923263FCFCD72

2021/3/24 10:44:51 # 支付成功回调签名验证通过 。

2021/3/24 11:56:42 # 开始下单 : 

2021/3/24 11:56:43 # 下单签名 : C9F4791BF9966BB313A90AAA884F1646

2021/3/24 11:56:43 # 下单结果 : {"msg":"下单成功，请扫码支付","code":0,"data":"http://images.yungouos.com/merge/native/code/210324115642513815307.png"}

2021/3/24 11:57:16 # 支付成功回调参数： payNo ------ 4200000983202103248050480685

2021/3/24 11:57:16 # 支付成功回调参数： code ------ 1

2021/3/24 11:57:16 # 支付成功回调参数： mchId ------ 1607191737

2021/3/24 11:57:16 # 支付成功回调参数： orderNo ------ Y11565883508846

2021/3/24 11:57:16 # 支付成功回调参数： money ------ 666.00

2021/3/24 11:57:16 # 支付成功回调参数： openId ------ o-_-it6wqD6v4GOwe-hoLyBnuUGA

2021/3/24 11:57:16 # 支付成功回调参数： outTradeNo ------ 2103241156425138

2021/3/24 11:57:16 # 支付成功回调参数： sign ------ 3C96B6E829B04F722E468AC12E34263A

2021/3/24 11:57:16 # 支付成功回调参数： payChannel ------ wxpay

2021/3/24 11:57:16 # 支付成功回调参数： time ------ 2021-03-24 11:57:14

2021/3/24 11:57:16 # 支付成功回调的新签名为 : 3C96B6E829B04F722E468AC12E34263A

2021/3/24 11:57:16 # 支付成功回调签名验证通过 。

