2021/3/29 3:35:11 # 开始下单 : 

2021/3/29 3:35:11 # 下单签名 : D699A83136BF178DEB81489B0DA190C1

2021/3/29 3:35:12 # 下单结果 : {"msg":"下单成功，请扫码支付","code":0,"data":"http://images.yungouos.com/merge/native/code/210329033511555615307.png"}

2021/3/29 3:35:55 # 支付成功回调参数： payNo ------ 4200000986202103291992864618

2021/3/29 3:35:55 # 支付成功回调参数： code ------ 1

2021/3/29 3:35:55 # 支付成功回调参数： mchId ------ 1607191737

2021/3/29 3:35:55 # 支付成功回调参数： orderNo ------ Y03354515242366

2021/3/29 3:35:55 # 支付成功回调参数： money ------ 666.00

2021/3/29 3:35:55 # 支付成功回调参数： openId ------ o-_-it3rT5LqySyjoWxpW6iC5VLE

2021/3/29 3:35:55 # 支付成功回调参数： outTradeNo ------ 2103290335115556

2021/3/29 3:35:55 # 支付成功回调参数： sign ------ CB60DA29700F40F75B3058BE39DF5C85

2021/3/29 3:35:55 # 支付成功回调参数： payChannel ------ wxpay

2021/3/29 3:35:55 # 支付成功回调参数： time ------ 2021-03-29 03:35:53

2021/3/29 3:35:55 # 支付成功回调的新签名为 : CB60DA29700F40F75B3058BE39DF5C85

2021/3/29 3:35:55 # 支付成功回调签名验证通过 。

2021/3/29 3:36:22 # 开始下单 : 

2021/3/29 3:36:22 # 下单签名 : 70E94CE7D8D626DA438F61E6FE0F275A

2021/3/29 3:36:22 # 下单结果 : {"msg":"下单成功，请扫码支付","code":0,"data":"http://images.yungouos.com/merge/native/code/210329033622816315307.png"}

2021/3/29 3:49:25 # 开始下单 : 

2021/3/29 3:49:25 # 下单签名 : EC9590772CEE4A24F23CDBF187FCB67E

2021/3/29 3:49:26 # 下单结果 : {"msg":"下单成功，请扫码支付","code":0,"data":"http://images.yungouos.com/merge/native/code/210329034925959915307.png"}

2021/3/29 3:50:14 # 开始下单 : 

2021/3/29 3:50:14 # 下单签名 : 5BD0AD85B2DD820610B7E05E298A5D34

2021/3/29 3:50:14 # 下单结果 : {"msg":"下单成功，请扫码支付","code":0,"data":"http://images.yungouos.com/merge/native/code/210329035014168815307.png"}

2021/3/29 4:23:28 # 开始下单 : 

2021/3/29 4:23:28 # 下单签名 : 3B1FB55D1604A6A36E0C7F97ABD66213

2021/3/29 4:23:28 # 下单结果 : {"msg":"下单成功，请扫码支付","code":0,"data":"http://images.yungouos.com/merge/native/code/210329042328198215307.png"}

2021/3/29 4:23:34 # 开始下单 : 

2021/3/29 4:23:34 # 下单签名 : 84452E8278B4E3D3A820A1E44EAD4559

2021/3/29 4:23:34 # 下单结果 : {"msg":"下单成功，请扫码支付","code":0,"data":"http://images.yungouos.com/merge/native/code/210329042334169815307.png"}

2021/3/29 8:57:14 # 开始下单 : 

2021/3/29 8:57:14 # 下单签名 : F21E913385247738CDF3DBA13256EF41

2021/3/29 8:57:14 # 下单结果 : {"msg":"下单成功，请扫码支付","code":0,"data":"http://images.yungouos.com/merge/native/code/210329085714877615307.png"}

2021/3/29 8:57:41 # 支付成功回调参数： payNo ------ 2021032922001496211409810745

2021/3/29 8:57:41 # 支付成功回调参数： code ------ 1

2021/3/29 8:57:41 # 支付成功回调参数： mchId ------ 2088110896172724

2021/3/29 8:57:41 # 支付成功回调参数： orderNo ------ Y08573137843597

2021/3/29 8:57:41 # 支付成功回调参数： money ------ 666.00

2021/3/29 8:57:41 # 支付成功回调参数： outTradeNo ------ 2103290857148776

2021/3/29 8:57:41 # 支付成功回调参数： sign ------ 0523E238C07A37469F37891723ED394D

2021/3/29 8:57:41 # 支付成功回调参数： payChannel ------ alipay

2021/3/29 8:57:41 # 支付成功回调参数： time ------ 2021-03-29 08:57:40

2021/3/29 8:57:41 # 支付成功回调的新签名为 : 0523E238C07A37469F37891723ED394D

2021/3/29 8:57:41 # 支付成功回调签名验证通过 。

2021/3/29 9:17:34 # 开始下单 : 

2021/3/29 9:17:34 # 下单签名 : A0CA05B08BAF1E29ABCAB614DAD21981

2021/3/29 9:17:35 # 下单结果 : {"msg":"下单成功，请扫码支付","code":0,"data":"http://images.yungouos.com/merge/native/code/210329091734066215307.png"}

2021/3/29 9:18:10 # 支付成功回调参数： payNo ------ 4200000983202103298505033987

2021/3/29 9:18:10 # 支付成功回调参数： code ------ 1

2021/3/29 9:18:10 # 支付成功回调参数： mchId ------ 1607191737

2021/3/29 9:18:10 # 支付成功回调参数： orderNo ------ Y09180227333308

2021/3/29 9:18:10 # 支付成功回调参数： money ------ 666.00

2021/3/29 9:18:10 # 支付成功回调参数： openId ------ o-_-it6ZH0PQymgyVHDyWxCVqU1A

2021/3/29 9:18:10 # 支付成功回调参数： outTradeNo ------ 2103290917340662

2021/3/29 9:18:10 # 支付成功回调参数： sign ------ EF110D30549BDFE3420A29788C9A8203

2021/3/29 9:18:10 # 支付成功回调参数： payChannel ------ wxpay

2021/3/29 9:18:10 # 支付成功回调参数： time ------ 2021-03-29 09:18:09

2021/3/29 9:18:10 # 支付成功回调的新签名为 : EF110D30549BDFE3420A29788C9A8203

2021/3/29 9:18:10 # 支付成功回调签名验证通过 。

2021/3/29 10:40:52 # 开始下单 : 

2021/3/29 10:40:52 # 下单签名 : 40EB234E1939424D7E5D88FFB9BE7728

2021/3/29 10:40:53 # 下单结果 : {"msg":"下单成功，请扫码支付","code":0,"data":"http://images.yungouos.com/merge/native/code/210329104052677315307.png"}

2021/3/29 10:41:30 # 开始下单 : 

2021/3/29 10:41:30 # 下单签名 : 8DA4E2B21762073163C9A0A1747B61D5

2021/3/29 10:41:30 # 下单结果 : {"msg":"下单成功，请扫码支付","code":0,"data":"http://images.yungouos.com/merge/native/code/210329104130275215307.png"}

2021/3/29 10:42:41 # 支付成功回调参数： payNo ------ 2021032922001401211415824630

2021/3/29 10:42:41 # 支付成功回调参数： code ------ 1

2021/3/29 10:42:41 # 支付成功回调参数： mchId ------ 2088110896172724

2021/3/29 10:42:41 # 支付成功回调参数： orderNo ------ Y10420618407929

2021/3/29 10:42:41 # 支付成功回调参数： money ------ 666.00

2021/3/29 10:42:41 # 支付成功回调参数： outTradeNo ------ 2103291041302752

2021/3/29 10:42:41 # 支付成功回调参数： sign ------ D847BCF9307D33FA29900C387B72F0D5

2021/3/29 10:42:41 # 支付成功回调参数： payChannel ------ alipay

2021/3/29 10:42:41 # 支付成功回调参数： time ------ 2021-03-29 10:42:39

2021/3/29 10:42:41 # 支付成功回调的新签名为 : D847BCF9307D33FA29900C387B72F0D5

2021/3/29 10:42:41 # 支付成功回调签名验证通过 。

2021/3/29 14:27:28 # 开始下单 : 

2021/3/29 14:27:28 # 下单签名 : 2E33B7E976FB754692CD471323433E5B

2021/3/29 14:27:29 # 下单结果 : {"msg":"下单成功，请扫码支付","code":0,"data":"http://images.yungouos.com/merge/native/code/210329142728942015307.png"}

2021/3/29 14:29:42 # 开始下单 : 

2021/3/29 14:29:42 # 下单签名 : 1313EB466DF0E8CED9D2BC3C1AE64960

2021/3/29 14:29:42 # 下单结果 : {"msg":"下单成功，请扫码支付","code":0,"data":"http://images.yungouos.com/merge/native/code/210329142942897115307.png"}

2021/3/29 14:31:32 # 支付成功回调参数： payNo ------ 2021032922001485251410091181

2021/3/29 14:31:32 # 支付成功回调参数： code ------ 1

2021/3/29 14:31:32 # 支付成功回调参数： mchId ------ 2088110896172724

2021/3/29 14:31:32 # 支付成功回调参数： orderNo ------ Y14311996897313

2021/3/29 14:31:32 # 支付成功回调参数： money ------ 666.00

2021/3/29 14:31:32 # 支付成功回调参数： outTradeNo ------ 2103291429428971

2021/3/29 14:31:32 # 支付成功回调参数： sign ------ 29957D0D50271B0626F92EA8D3465B77

2021/3/29 14:31:32 # 支付成功回调参数： payChannel ------ alipay

2021/3/29 14:31:32 # 支付成功回调参数： time ------ 2021-03-29 14:31:28

2021/3/29 14:31:32 # 支付成功回调的新签名为 : 29957D0D50271B0626F92EA8D3465B77

2021/3/29 14:31:32 # 支付成功回调签名验证通过 。

2021/3/29 14:43:33 # 开始下单 : 

2021/3/29 14:43:33 # 下单签名 : 44B4373D86BEF13EA8FB0E0D684B1E2B

2021/3/29 14:43:34 # 下单结果 : {"msg":"下单成功，请扫码支付","code":0,"data":"http://images.yungouos.com/merge/native/code/210329144333199215307.png"}

2021/3/29 14:56:22 # 开始下单 : 

2021/3/29 14:56:22 # 下单签名 : 25F2AD270A2C58D4976CDB90B85D0832

2021/3/29 14:56:23 # 下单结果 : {"msg":"下单成功，请扫码支付","code":0,"data":"http://images.yungouos.com/merge/native/code/210329145622484715307.png"}

2021/3/29 14:56:57 # 支付成功回调参数： payNo ------ 4200000988202103298475114820

2021/3/29 14:56:57 # 支付成功回调参数： code ------ 1

2021/3/29 14:56:57 # 支付成功回调参数： mchId ------ 1607191737

2021/3/29 14:56:57 # 支付成功回调参数： orderNo ------ Y14564724711547

2021/3/29 14:56:57 # 支付成功回调参数： money ------ 666.00

2021/3/29 14:56:57 # 支付成功回调参数： openId ------ o-_-itylbSAWeR3oNDQHRX5ShQxo

2021/3/29 14:56:57 # 支付成功回调参数： outTradeNo ------ 2103291456224847

2021/3/29 14:56:57 # 支付成功回调参数： sign ------ 347C09D5054F2AC57004F720CF93E1A8

2021/3/29 14:56:57 # 支付成功回调参数： payChannel ------ wxpay

2021/3/29 14:56:57 # 支付成功回调参数： time ------ 2021-03-29 14:56:55

2021/3/29 14:56:57 # 支付成功回调的新签名为 : 347C09D5054F2AC57004F720CF93E1A8

2021/3/29 14:56:57 # 支付成功回调签名验证通过 。

2021/3/29 20:05:17 # 开始下单 : 

2021/3/29 20:05:17 # 下单签名 : DEDD408ED189825977520E2D4D41B2CE

2021/3/29 20:05:17 # 下单结果 : {"msg":"下单成功，请扫码支付","code":0,"data":"http://images.yungouos.com/merge/native/code/210329200517041315307.png"}

2021/3/29 20:05:48 # 支付成功回调参数： payNo ------ 2021032922001422441410880067

2021/3/29 20:05:48 # 支付成功回调参数： code ------ 1

2021/3/29 20:05:48 # 支付成功回调参数： mchId ------ 2088110896172724

2021/3/29 20:05:48 # 支付成功回调参数： orderNo ------ Y20053153356590

2021/3/29 20:05:48 # 支付成功回调参数： money ------ 666.00

2021/3/29 20:05:48 # 支付成功回调参数： outTradeNo ------ 2103292005170413

2021/3/29 20:05:48 # 支付成功回调参数： sign ------ 58BFF7B350FA5E290100929907060CC2

2021/3/29 20:05:48 # 支付成功回调参数： payChannel ------ alipay

2021/3/29 20:05:48 # 支付成功回调参数： time ------ 2021-03-29 20:05:46

2021/3/29 20:05:48 # 支付成功回调的新签名为 : 58BFF7B350FA5E290100929907060CC2

2021/3/29 20:05:48 # 支付成功回调签名验证通过 。

2021/3/29 23:16:37 # 开始下单 : 

2021/3/29 23:16:37 # 下单签名 : BD9D278B952E0B0C79C40F46528F499B

2021/3/29 23:16:38 # 下单结果 : {"msg":"下单成功，请扫码支付","code":0,"data":"http://images.yungouos.com/merge/native/code/210329231637710915307.png"}

2021/3/29 23:17:10 # 支付成功回调参数： payNo ------ 4200000942202103297468941457

2021/3/29 23:17:10 # 支付成功回调参数： code ------ 1

2021/3/29 23:17:10 # 支付成功回调参数： mchId ------ 1607191737

2021/3/29 23:17:10 # 支付成功回调参数： orderNo ------ Y23170248077997

2021/3/29 23:17:10 # 支付成功回调参数： money ------ 666.00

2021/3/29 23:17:10 # 支付成功回调参数： openId ------ o-_-it0_7Wu3xgkzuO95ISBCKQr4

2021/3/29 23:17:10 # 支付成功回调参数： outTradeNo ------ 2103292316377109

2021/3/29 23:17:10 # 支付成功回调参数： sign ------ 3DDBF7D5CB42DCEECF435073B9EA3289

2021/3/29 23:17:10 # 支付成功回调参数： payChannel ------ wxpay

2021/3/29 23:17:10 # 支付成功回调参数： time ------ 2021-03-29 23:17:09

2021/3/29 23:17:10 # 支付成功回调的新签名为 : 3DDBF7D5CB42DCEECF435073B9EA3289

2021/3/29 23:17:10 # 支付成功回调签名验证通过 。

