2021/3/25 10:33:39 # 开始下单 : 

2021/3/25 10:33:39 # 下单签名 : 76E25EE692F7ABF763DD081E6B87CD81

2021/3/25 10:33:39 # 下单结果 : {"msg":"下单成功，请扫码支付","code":0,"data":"http://images.yungouos.com/merge/native/code/210325103339608615307.png"}

2021/3/25 11:03:57 # c:\wwwroot\WebSite\Whir_System\ModuleMark\Member\MemberList.aspx(36): error CS0433: 类型“ASP.whir_system_usercontrol_contentcontrol_workflowbar_ascx”同时存在于“c:\Windows\Microsoft.NET\Framework64\v4.0.30319\Temporary ASP.NET Files\root\3feaf4f5\23222d20\App_Web_fyj4e0kj.dll”和“c:\Windows\Microsoft.NET\Framework64\v4.0.30319\Temporary ASP.NET Files\root\3feaf4f5\23222d20\App_Web_gy4oyajr.dll”中
   在 System.Web.Compilation.BuildManager.CompileWebFile(VirtualPath virtualPath)
   在 System.Web.Compilation.BuildManager.GetVPathBuildResultInternal(VirtualPath virtualPath, Boolean noBuild, Boolean allowCrossApp, Boolean allowBuildInPrecompile, Boolean throwIfNotFound, Boolean ensureIsUpToDate)
   在 System.Web.Compilation.BuildManager.GetVPathBuildResultWithNoAssert(HttpContext context, VirtualPath virtualPath, Boolean noBuild, Boolean allowCrossApp, Boolean allowBuildInPrecompile, Boolean throwIfNotFound, Boolean ensureIsUpToDate)
   在 System.Web.Compilation.BuildManager.GetVirtualPathObjectFactory(VirtualPath virtualPath, HttpContext context, Boolean allowCrossApp, Boolean throwIfNotFound)
   在 System.Web.Compilation.BuildManager.CreateInstanceFromVirtualPath(VirtualPath virtualPath, Type requiredBaseType, HttpContext context, Boolean allowCrossApp)
   在 System.Web.UI.PageHandlerFactory.GetHandlerHelper(HttpContext context, String requestType, VirtualPath virtualPath, String physicalPath)
   在 System.Web.HttpApplication.MaterializeHandlerExecutionStep.System.Web.HttpApplication.IExecutionStep.Execute()
   在 System.Web.HttpApplication.ExecuteStepImpl(IExecutionStep step)
   在 System.Web.HttpApplication.ExecuteStep(IExecutionStep step, Boolean& completedSynchronously)

2021/3/25 13:21:39 # 开始下单 : 

2021/3/25 13:21:39 # 下单签名 : 6F190FEFA3EE5E4856AB02A6DDA2419C

2021/3/25 13:21:40 # 下单结果 : {"msg":"下单成功，请扫码支付","code":0,"data":"http://images.yungouos.com/merge/native/code/210325132139983715307.png"}

2021/3/25 13:21:50 # 开始下单 : 

2021/3/25 13:21:50 # 下单签名 : 9530D895CA8CAC11D4D2551DB6766624

2021/3/25 13:21:50 # 下单结果 : {"msg":"下单成功，请扫码支付","code":0,"data":"http://images.yungouos.com/merge/native/code/210325132150260315307.png"}

2021/3/25 13:24:04 # 开始下单 : 

2021/3/25 13:24:04 # 下单签名 : 4B570FF330D19B1581090772C4153289

2021/3/25 13:24:05 # 下单结果 : {"msg":"下单成功，请扫码支付","code":0,"data":"http://images.yungouos.com/merge/native/code/210325132404380015307.png"}

2021/3/25 13:28:31 # 开始下单 : 

2021/3/25 13:28:31 # 下单签名 : C0BF968C825AFD42976D16A84A40DA9A

2021/3/25 13:28:31 # 下单结果 : {"msg":"下单成功，请扫码支付","code":0,"data":"http://images.yungouos.com/merge/native/code/210325132831841815307.png"}

2021/3/25 13:29:13 # 支付成功回调参数： payNo ------ 4200000989202103254911845963

2021/3/25 13:29:13 # 支付成功回调参数： code ------ 1

2021/3/25 13:29:13 # 支付成功回调参数： mchId ------ 1607191737

2021/3/25 13:29:13 # 支付成功回调参数： orderNo ------ Y13290687928339

2021/3/25 13:29:13 # 支付成功回调参数： money ------ 666.00

2021/3/25 13:29:13 # 支付成功回调参数： openId ------ o-_-it3Ez6hGektvy60k4lNLC76E

2021/3/25 13:29:13 # 支付成功回调参数： outTradeNo ------ 2103251328318418

2021/3/25 13:29:13 # 支付成功回调参数： sign ------ C54E2FE52CFE5D9D3CF0BC20082DEA88

2021/3/25 13:29:13 # 支付成功回调参数： payChannel ------ wxpay

2021/3/25 13:29:13 # 支付成功回调参数： time ------ 2021-03-25 13:29:12

2021/3/25 13:29:13 # 支付成功回调的新签名为 : C54E2FE52CFE5D9D3CF0BC20082DEA88

2021/3/25 13:29:13 # 支付成功回调签名验证通过 。

2021/3/25 14:02:31 # 开始下单 : 

2021/3/25 14:02:31 # 下单签名 : 8ABF0AEA684133A9DCB9C7A7DBE44C9F

2021/3/25 14:02:31 # 下单结果 : {"msg":"下单成功，请扫码支付","code":0,"data":"http://images.yungouos.com/merge/native/code/210325140231810115307.png"}

2021/3/25 14:04:02 # 开始下单 : 

2021/3/25 14:04:02 # 下单签名 : 863F926D2712A5119AE999968A31AA4E

2021/3/25 14:04:02 # 下单结果 : {"msg":"下单成功，请扫码支付","code":0,"data":"http://images.yungouos.com/merge/native/code/210325140402981015307.png"}

2021/3/25 14:04:41 # 支付成功回调参数： payNo ------ 2021032522001449531403630542

2021/3/25 14:04:41 # 支付成功回调参数： code ------ 1

2021/3/25 14:04:41 # 支付成功回调参数： mchId ------ 2088110896172724

2021/3/25 14:04:41 # 支付成功回调参数： orderNo ------ Y14041962356239

2021/3/25 14:04:41 # 支付成功回调参数： money ------ 666.00

2021/3/25 14:04:41 # 支付成功回调参数： outTradeNo ------ 2103251404029810

2021/3/25 14:04:41 # 支付成功回调参数： sign ------ 7006FC0C650F55CA1A0B21AC2773D3CF

2021/3/25 14:04:41 # 支付成功回调参数： payChannel ------ alipay

2021/3/25 14:04:41 # 支付成功回调参数： time ------ 2021-03-25 14:04:40

2021/3/25 14:04:41 # 支付成功回调的新签名为 : 7006FC0C650F55CA1A0B21AC2773D3CF

2021/3/25 14:04:41 # 支付成功回调签名验证通过 。

2021/3/25 14:05:09 # 开始下单 : 

2021/3/25 14:05:10 # 下单签名 : F2F3D6180F5204C323198C019F37D962

2021/3/25 14:05:10 # 下单结果 : {"msg":"下单成功，请扫码支付","code":0,"data":"http://images.yungouos.com/merge/native/code/210325140509833215307.png"}

2021/3/25 14:11:13 # 开始下单 : 

2021/3/25 14:11:13 # 下单签名 : 0F660CB16E8AF02B8AF1E29F196FAB95

2021/3/25 14:11:14 # 下单结果 : {"msg":"下单成功，请扫码支付","code":0,"data":"http://images.yungouos.com/merge/native/code/210325141113180315307.png"}

2021/3/25 14:11:49 # 支付成功回调参数： payNo ------ 2021032522001481461407084600

2021/3/25 14:11:49 # 支付成功回调参数： code ------ 1

2021/3/25 14:11:49 # 支付成功回调参数： mchId ------ 2088110896172724

2021/3/25 14:11:49 # 支付成功回调参数： orderNo ------ Y14113682796594

2021/3/25 14:11:49 # 支付成功回调参数： money ------ 666.00

2021/3/25 14:11:49 # 支付成功回调参数： outTradeNo ------ 2103251411131803

2021/3/25 14:11:49 # 支付成功回调参数： sign ------ C9756CA04F56FF9532CA5309FD2227E6

2021/3/25 14:11:49 # 支付成功回调参数： payChannel ------ alipay

2021/3/25 14:11:49 # 支付成功回调参数： time ------ 2021-03-25 14:11:48

2021/3/25 14:11:49 # 支付成功回调的新签名为 : C9756CA04F56FF9532CA5309FD2227E6

2021/3/25 14:11:49 # 支付成功回调签名验证通过 。

2021/3/25 14:12:11 # 开始下单 : 

2021/3/25 14:12:11 # 下单签名 : 0DBACBE9DA786B26BCB7BD434ABBE980

2021/3/25 14:12:11 # 下单结果 : {"msg":"下单成功，请扫码支付","code":0,"data":"http://images.yungouos.com/merge/native/code/210325141211912015307.png"}

2021/3/25 14:59:51 # 开始下单 : 

2021/3/25 14:59:51 # 下单签名 : 8B5985920D5E9669B7507A44DFCCD8D4

2021/3/25 14:59:51 # 下单结果 : {"msg":"下单成功，请扫码支付","code":0,"data":"http://images.yungouos.com/merge/native/code/210325145951339015307.png"}

2021/3/25 15:00:25 # 支付成功回调参数： payNo ------ 4200000941202103254570571178

2021/3/25 15:00:25 # 支付成功回调参数： code ------ 1

2021/3/25 15:00:25 # 支付成功回调参数： mchId ------ 1607191737

2021/3/25 15:00:25 # 支付成功回调参数： orderNo ------ Y15001692726715

2021/3/25 15:00:25 # 支付成功回调参数： money ------ 666.00

2021/3/25 15:00:25 # 支付成功回调参数： openId ------ o-_-itwjE2hLtMZXyPQA8Ewo1X24

2021/3/25 15:00:25 # 支付成功回调参数： outTradeNo ------ 2103251459513390

2021/3/25 15:00:25 # 支付成功回调参数： sign ------ 1F10470E13D634AC01B7846D03F3A73B

2021/3/25 15:00:25 # 支付成功回调参数： payChannel ------ wxpay

2021/3/25 15:00:25 # 支付成功回调参数： time ------ 2021-03-25 15:00:24

2021/3/25 15:00:25 # 支付成功回调的新签名为 : 1F10470E13D634AC01B7846D03F3A73B

2021/3/25 15:00:25 # 支付成功回调签名验证通过 。

2021/3/25 15:23:20 # 开始下单 : 

2021/3/25 15:23:20 # 下单签名 : 91754694A91A08FD8C7EF7295B6FD1A0

2021/3/25 15:23:21 # 下单结果 : {"msg":"下单成功，请扫码支付","code":0,"data":"http://images.yungouos.com/merge/native/code/210325152320833015307.png"}

2021/3/25 16:09:14 # 开始下单 : 

2021/3/25 16:09:14 # 下单签名 : 1462BA19B44BF84A7B7AE5E050A6A155

2021/3/25 16:09:14 # 下单结果 : {"msg":"下单成功，请扫码支付","code":0,"data":"http://images.yungouos.com/merge/native/code/210325160914792315307.png"}

2021/3/25 16:14:43 # 开始下单 : 

2021/3/25 16:14:43 # 下单签名 : F3EC102BC85EF8B32612EB26DC56B79E

2021/3/25 16:14:44 # 下单结果 : {"msg":"下单成功，请扫码支付","code":0,"data":"http://images.yungouos.com/merge/native/code/210325161443623415307.png"}

2021/3/25 16:27:49 # 开始下单 : 

2021/3/25 16:27:49 # 下单签名 : B845868016F3D4FC8D72F97C7B770079

2021/3/25 16:27:50 # 下单结果 : {"msg":"下单成功，请扫码支付","code":0,"data":"http://images.yungouos.com/merge/native/code/210325162749928515307.png"}

2021/3/25 16:35:25 # 开始下单 : 

2021/3/25 16:35:25 # 下单签名 : 73592796976ED9D82DAC6084E426998F

2021/3/25 16:35:26 # 下单结果 : {"msg":"下单成功，请扫码支付","code":0,"data":"http://images.yungouos.com/merge/native/code/210325163525657315307.png"}

2021/3/25 17:03:42 # 开始下单 : 

2021/3/25 17:03:42 # 下单签名 : 587A9B4B6C39F12A4DB260B6406338CA

2021/3/25 17:03:42 # 下单结果 : {"msg":"下单成功，请扫码支付","code":0,"data":"http://images.yungouos.com/merge/native/code/210325170342641415307.png"}

2021/3/25 18:18:33 # 开始下单 : 

2021/3/25 18:18:33 # 下单签名 : 1B2F4A1F937AB27BFB5B33C47B411A56

2021/3/25 18:18:33 # 下单结果 : {"msg":"下单成功，请扫码支付","code":0,"data":"http://images.yungouos.com/merge/native/code/210325181833780015307.png"}

2021/3/25 18:21:45 # 支付成功回调参数： payNo ------ 2021032522001489761410699090

2021/3/25 18:21:45 # 支付成功回调参数： code ------ 1

2021/3/25 18:21:45 # 支付成功回调参数： mchId ------ 2088110896172724

2021/3/25 18:21:45 # 支付成功回调参数： orderNo ------ Y18191740169795

2021/3/25 18:21:45 # 支付成功回调参数： money ------ 666.00

2021/3/25 18:21:45 # 支付成功回调参数： outTradeNo ------ 2103251818337800

2021/3/25 18:21:45 # 支付成功回调参数： sign ------ A5699ECDF8347578B761DAD6F7DB4214

2021/3/25 18:21:45 # 支付成功回调参数： payChannel ------ alipay

2021/3/25 18:21:45 # 支付成功回调参数： time ------ 2021-03-25 18:21:43

2021/3/25 18:21:45 # 支付成功回调的新签名为 : A5699ECDF8347578B761DAD6F7DB4214

2021/3/25 18:21:45 # 支付成功回调签名验证通过 。

2021/3/25 18:42:54 # 开始下单 : 

2021/3/25 18:42:54 # 下单签名 : 0EFD34F6680BB7088C297A6EB2715289

2021/3/25 18:42:55 # 下单结果 : {"msg":"下单成功，请扫码支付","code":0,"data":"http://images.yungouos.com/merge/native/code/210325184254586815307.png"}

2021/3/25 18:44:32 # 开始下单 : 

2021/3/25 18:44:32 # 下单签名 : 2CE7C7563825D199E355197359A2FEA7

2021/3/25 18:44:32 # 下单结果 : {"msg":"下单成功，请扫码支付","code":0,"data":"http://images.yungouos.com/merge/native/code/210325184432285515307.png"}

2021/3/25 18:44:39 # 开始下单 : 

2021/3/25 18:44:39 # 下单签名 : 5A35A60E9606C0C2B32C41093AB31398

2021/3/25 18:44:39 # 下单结果 : {"msg":"下单成功，请扫码支付","code":0,"data":"http://images.yungouos.com/merge/native/code/210325184439919715307.png"}

2021/3/25 18:44:45 # 开始下单 : 

2021/3/25 18:44:45 # 下单签名 : 92AB085392636A97E77CF39722DBDFC8

2021/3/25 18:44:45 # 下单结果 : {"msg":"下单成功，请扫码支付","code":0,"data":"http://images.yungouos.com/merge/native/code/210325184445675915307.png"}

2021/3/25 18:45:33 # 开始下单 : 

2021/3/25 18:45:33 # 下单签名 : CB71433A1DE80A8C1CEC75FA1E8DA043

2021/3/25 18:45:33 # 下单结果 : {"msg":"下单成功，请扫码支付","code":0,"data":"http://images.yungouos.com/merge/native/code/210325184533491215307.png"}

2021/3/25 18:46:25 # 支付成功回调参数： payNo ------ 2021032522001452021424210869

2021/3/25 18:46:25 # 支付成功回调参数： code ------ 1

2021/3/25 18:46:25 # 支付成功回调参数： mchId ------ 2088110896172724

2021/3/25 18:46:25 # 支付成功回调参数： orderNo ------ Y18460787630231

2021/3/25 18:46:25 # 支付成功回调参数： money ------ 666.00

2021/3/25 18:46:25 # 支付成功回调参数： outTradeNo ------ 2103251844456759

2021/3/25 18:46:25 # 支付成功回调参数： sign ------ B2657DB01F3BC320113776980460A5B9

2021/3/25 18:46:25 # 支付成功回调参数： payChannel ------ alipay

2021/3/25 18:46:25 # 支付成功回调参数： time ------ 2021-03-25 18:46:23

2021/3/25 18:46:25 # 支付成功回调的新签名为 : B2657DB01F3BC320113776980460A5B9

2021/3/25 18:46:25 # 支付成功回调签名验证通过 。

2021/3/25 19:21:07 # 开始下单 : 

2021/3/25 19:21:07 # 下单签名 : 06C30CFE41D94359BAC9BE8C2AEC0A65

2021/3/25 19:21:07 # 下单结果 : {"msg":"下单成功，请扫码支付","code":0,"data":"http://images.yungouos.com/merge/native/code/210325192107851815307.png"}

2021/3/25 19:22:52 # 支付成功回调参数： payNo ------ 4200000943202103251261997893

2021/3/25 19:22:52 # 支付成功回调参数： code ------ 1

2021/3/25 19:22:52 # 支付成功回调参数： mchId ------ 1607191737

2021/3/25 19:22:52 # 支付成功回调参数： orderNo ------ Y19220860682697

2021/3/25 19:22:52 # 支付成功回调参数： money ------ 666.00

2021/3/25 19:22:52 # 支付成功回调参数： openId ------ o-_-it_mL6YLIzvWzR_t9nIj5wtU

2021/3/25 19:22:52 # 支付成功回调参数： outTradeNo ------ 2103251921078518

2021/3/25 19:22:52 # 支付成功回调参数： sign ------ 5AF2A284C3093701FFBB4A7CAADF5C63

2021/3/25 19:22:52 # 支付成功回调参数： payChannel ------ wxpay

2021/3/25 19:22:52 # 支付成功回调参数： time ------ 2021-03-25 19:22:51

2021/3/25 19:22:52 # 支付成功回调的新签名为 : 5AF2A284C3093701FFBB4A7CAADF5C63

2021/3/25 19:22:52 # 支付成功回调签名验证通过 。

2021/3/25 20:11:40 # 开始下单 : 

2021/3/25 20:11:40 # 下单签名 : 114FB0179585A85E1E25D009D70E5055

2021/3/25 20:11:40 # 下单结果 : {"msg":"下单成功，请扫码支付","code":0,"data":"http://images.yungouos.com/merge/native/code/210325201140083315307.png"}

2021/3/25 20:12:30 # 支付成功回调参数： payNo ------ 2021032522001488411403800628

2021/3/25 20:12:30 # 支付成功回调参数： code ------ 1

2021/3/25 20:12:30 # 支付成功回调参数： mchId ------ 2088110896172724

2021/3/25 20:12:30 # 支付成功回调参数： orderNo ------ Y20120963135624

2021/3/25 20:12:30 # 支付成功回调参数： money ------ 666.00

2021/3/25 20:12:30 # 支付成功回调参数： outTradeNo ------ 2103252011400833

2021/3/25 20:12:30 # 支付成功回调参数： sign ------ 1B63D2109E1525C848ACB9F158F6A36E

2021/3/25 20:12:30 # 支付成功回调参数： payChannel ------ alipay

2021/3/25 20:12:30 # 支付成功回调参数： time ------ 2021-03-25 20:12:28

2021/3/25 20:12:30 # 支付成功回调的新签名为 : 1B63D2109E1525C848ACB9F158F6A36E

2021/3/25 20:12:30 # 支付成功回调签名验证通过 。

2021/3/25 22:00:09 # 开始下单 : 

2021/3/25 22:00:09 # 下单签名 : 391BEAF3E2F2EEAE377C92412363350A

2021/3/25 22:00:10 # 下单结果 : {"msg":"下单成功，请扫码支付","code":0,"data":"http://images.yungouos.com/merge/native/code/210325220009824015307.png"}

2021/3/25 22:00:31 # 支付成功回调参数： payNo ------ 2021032522001438821432321140

2021/3/25 22:00:31 # 支付成功回调参数： code ------ 1

2021/3/25 22:00:31 # 支付成功回调参数： mchId ------ 2088110896172724

2021/3/25 22:00:31 # 支付成功回调参数： orderNo ------ Y22001926718702

2021/3/25 22:00:31 # 支付成功回调参数： money ------ 666.00

2021/3/25 22:00:31 # 支付成功回调参数： outTradeNo ------ 2103252200098240

2021/3/25 22:00:31 # 支付成功回调参数： sign ------ DB3BC5945334E8C03269695ADD889874

2021/3/25 22:00:31 # 支付成功回调参数： payChannel ------ alipay

2021/3/25 22:00:31 # 支付成功回调参数： time ------ 2021-03-25 22:00:29

2021/3/25 22:00:31 # 支付成功回调的新签名为 : DB3BC5945334E8C03269695ADD889874

2021/3/25 22:00:31 # 支付成功回调签名验证通过 。

