2021/4/1 1:22:14 # 开始下单 : 

2021/4/1 1:22:14 # 下单签名 : 97E12AEC07A6AC9D826CF4039047E2BA

2021/4/1 1:22:14 # 下单结果 : {"msg":"下单成功，请扫码支付","code":0,"data":"http://images.yungouos.com/merge/native/code/210401012214884615307.png"}

2021/4/1 1:22:57 # 支付成功回调参数： payNo ------ 4200000986202104018799448273

2021/4/1 1:22:57 # 支付成功回调参数： code ------ 1

2021/4/1 1:22:57 # 支付成功回调参数： mchId ------ 1607191737

2021/4/1 1:22:57 # 支付成功回调参数： orderNo ------ Y01224251427628

2021/4/1 1:22:57 # 支付成功回调参数： money ------ 666.00

2021/4/1 1:22:57 # 支付成功回调参数： openId ------ o-_-itzn-c0P2aCNCtp8s4Edg3VY

2021/4/1 1:22:57 # 支付成功回调参数： outTradeNo ------ 2104010122148846

2021/4/1 1:22:57 # 支付成功回调参数： sign ------ 8E5521FC1D1AE85AC797218B5E594CDE

2021/4/1 1:22:57 # 支付成功回调参数： payChannel ------ wxpay

2021/4/1 1:22:57 # 支付成功回调参数： time ------ 2021-04-01 01:22:55

2021/4/1 1:22:57 # 支付成功回调的新签名为 : 8E5521FC1D1AE85AC797218B5E594CDE

2021/4/1 1:22:57 # 支付成功回调签名验证通过 。

2021/4/1 1:25:18 # 开始下单 : 

2021/4/1 1:25:18 # 下单签名 : 54E0C37CECA0251493D35DB2831E57DA

2021/4/1 1:25:18 # 下单结果 : {"msg":"下单成功，请扫码支付","code":0,"data":"http://images.yungouos.com/merge/native/code/210401012518535315307.png"}

2021/4/1 1:26:10 # 支付成功回调参数： payNo ------ 4200000982202104013312727773

2021/4/1 1:26:10 # 支付成功回调参数： code ------ 1

2021/4/1 1:26:10 # 支付成功回调参数： mchId ------ 1607191737

2021/4/1 1:26:10 # 支付成功回调参数： orderNo ------ Y01254846876179

2021/4/1 1:26:10 # 支付成功回调参数： money ------ 666.00

2021/4/1 1:26:10 # 支付成功回调参数： openId ------ o-_-itzWJmbjYKvWlEhUmP4xsd_c

2021/4/1 1:26:10 # 支付成功回调参数： outTradeNo ------ 2104010125185353

2021/4/1 1:26:10 # 支付成功回调参数： sign ------ 42CD2C85BD26BD724033D2C1D71B512D

2021/4/1 1:26:10 # 支付成功回调参数： payChannel ------ wxpay

2021/4/1 1:26:10 # 支付成功回调参数： time ------ 2021-04-01 01:26:08

2021/4/1 1:26:10 # 支付成功回调的新签名为 : 42CD2C85BD26BD724033D2C1D71B512D

2021/4/1 1:26:10 # 支付成功回调签名验证通过 。

2021/4/1 1:32:24 # 开始下单 : 

2021/4/1 1:32:25 # 下单签名 : 732DB447A1407661B13610E68FCED1BD

2021/4/1 1:32:25 # 下单结果 : {"msg":"下单成功，请扫码支付","code":0,"data":"http://images.yungouos.com/merge/native/code/210401013224850715307.png"}

2021/4/1 1:33:22 # 支付成功回调参数： payNo ------ 4200000990202104010694961222

2021/4/1 1:33:22 # 支付成功回调参数： code ------ 1

2021/4/1 1:33:22 # 支付成功回调参数： mchId ------ 1607191737

2021/4/1 1:33:22 # 支付成功回调参数： orderNo ------ Y01331212958962

2021/4/1 1:33:22 # 支付成功回调参数： money ------ 666.00

2021/4/1 1:33:22 # 支付成功回调参数： openId ------ o-_-it2I03dVtStUxjt9IVze8M40

2021/4/1 1:33:22 # 支付成功回调参数： outTradeNo ------ 2104010132248507

2021/4/1 1:33:22 # 支付成功回调参数： sign ------ B9B87448A2FF62CC4D7A5AA63C4865FF

2021/4/1 1:33:22 # 支付成功回调参数： payChannel ------ wxpay

2021/4/1 1:33:22 # 支付成功回调参数： time ------ 2021-04-01 01:33:21

2021/4/1 1:33:22 # 支付成功回调的新签名为 : B9B87448A2FF62CC4D7A5AA63C4865FF

2021/4/1 1:33:22 # 支付成功回调签名验证通过 。

2021/4/1 5:43:12 # 开始下单 : 

2021/4/1 5:43:12 # 下单签名 : 5D53B9FAC8F6A24DCE20AE2901A12F53

2021/4/1 5:43:13 # 下单结果 : {"msg":"下单成功，请扫码支付","code":0,"data":"http://images.yungouos.com/merge/native/code/210401054312017315307.png"}

2021/4/1 5:44:08 # 支付成功回调参数： payNo ------ 2021040122001427161431090842

2021/4/1 5:44:08 # 支付成功回调参数： code ------ 1

2021/4/1 5:44:08 # 支付成功回调参数： mchId ------ 2088110896172724

2021/4/1 5:44:08 # 支付成功回调参数： orderNo ------ Y05435166470919

2021/4/1 5:44:08 # 支付成功回调参数： money ------ 666.00

2021/4/1 5:44:08 # 支付成功回调参数： outTradeNo ------ 2104010543120173

2021/4/1 5:44:08 # 支付成功回调参数： sign ------ 6ECF5AC7A62BD98B9A967EAB18CA45BA

2021/4/1 5:44:08 # 支付成功回调参数： payChannel ------ alipay

2021/4/1 5:44:08 # 支付成功回调参数： time ------ 2021-04-01 05:44:06

2021/4/1 5:44:08 # 支付成功回调的新签名为 : 6ECF5AC7A62BD98B9A967EAB18CA45BA

2021/4/1 5:44:08 # 支付成功回调签名验证通过 。

2021/4/1 8:40:00 # 开始下单 : 

2021/4/1 8:40:00 # 下单签名 : DD2A21C700492FDE2B45AFF7E92B129C

2021/4/1 8:40:00 # 下单结果 : {"msg":"下单成功，请扫码支付","code":0,"data":"http://images.yungouos.com/merge/native/code/210401084000673515307.png"}

2021/4/1 9:18:53 # 开始下单 : 

2021/4/1 9:18:53 # 下单签名 : 879A10823B457EEA5CAFD6D15DB7FA8F

2021/4/1 9:18:53 # 下单结果 : {"msg":"下单成功，请扫码支付","code":0,"data":"http://images.yungouos.com/merge/native/code/210401091853677815307.png"}

2021/4/1 9:38:12 # 开始下单 : 

2021/4/1 9:38:12 # 下单签名 : FBF1019EAB811CDA134636D42D6C695B

2021/4/1 9:38:12 # 下单结果 : {"msg":"下单成功，请扫码支付","code":0,"data":"http://images.yungouos.com/merge/native/code/210401093812443415307.png"}

2021/4/1 9:39:14 # 支付成功回调参数： payNo ------ 4200000941202104011875355266

2021/4/1 9:39:14 # 支付成功回调参数： code ------ 1

2021/4/1 9:39:14 # 支付成功回调参数： mchId ------ 1607191737

2021/4/1 9:39:14 # 支付成功回调参数： orderNo ------ Y09390487996393

2021/4/1 9:39:14 # 支付成功回调参数： money ------ 666.00

2021/4/1 9:39:14 # 支付成功回调参数： openId ------ o-_-it1BEpCOzpKPbPq67bdizR8w

2021/4/1 9:39:14 # 支付成功回调参数： outTradeNo ------ 2104010938124434

2021/4/1 9:39:14 # 支付成功回调参数： sign ------ 2D87DD634B3420369D06AA6472C53127

2021/4/1 9:39:14 # 支付成功回调参数： payChannel ------ wxpay

2021/4/1 9:39:14 # 支付成功回调参数： time ------ 2021-04-01 09:39:12

2021/4/1 9:39:14 # 支付成功回调的新签名为 : 2D87DD634B3420369D06AA6472C53127

2021/4/1 9:39:14 # 支付成功回调签名验证通过 。

2021/4/1 10:32:30 # 开始下单 : 

2021/4/1 10:32:30 # 下单签名 : 2F918A32893C8821CB77D0A842B65FAA

2021/4/1 10:32:31 # 下单结果 : {"msg":"下单成功，请扫码支付","code":0,"data":"http://images.yungouos.com/merge/native/code/210401103230029215307.png"}

2021/4/1 10:33:47 # 开始下单 : 

2021/4/1 10:33:47 # 下单签名 : F510CCD7F89EA5DA1D35C1DB800F6E1A

2021/4/1 10:33:47 # 下单结果 : {"msg":"下单成功，请扫码支付","code":0,"data":"http://images.yungouos.com/merge/native/code/210401103347513515307.png"}

2021/4/1 10:54:22 # 开始下单 : 

2021/4/1 10:54:22 # 下单签名 : CB084BFCB0B57E8A0BEB6D5C07D366C1

2021/4/1 10:54:23 # 下单结果 : {"msg":"下单成功，请扫码支付","code":0,"data":"http://images.yungouos.com/merge/native/code/210401105422577315307.png"}

2021/4/1 10:55:27 # 开始下单 : 

2021/4/1 10:55:27 # 下单签名 : 9ADF7501C69EA008F586FBDA6B11B8FB

2021/4/1 10:55:27 # 下单结果 : {"msg":"下单成功，请扫码支付","code":0,"data":"http://images.yungouos.com/merge/native/code/210401105527433515307.png"}

2021/4/1 10:57:14 # 开始下单 : 

2021/4/1 10:57:14 # 下单签名 : BF3FF16BABFEBA3B4F228BF5B6D9ABCF

2021/4/1 10:57:15 # 下单结果 : {"msg":"下单成功，请扫码支付","code":0,"data":"http://images.yungouos.com/merge/native/code/210401105714584715307.png"}

2021/4/1 10:58:24 # 支付成功回调参数： payNo ------ 2021040122001405111431822231

2021/4/1 10:58:24 # 支付成功回调参数： code ------ 1

2021/4/1 10:58:24 # 支付成功回调参数： mchId ------ 2088110896172724

2021/4/1 10:58:24 # 支付成功回调参数： orderNo ------ Y10575262861366

2021/4/1 10:58:24 # 支付成功回调参数： money ------ 666.00

2021/4/1 10:58:24 # 支付成功回调参数： outTradeNo ------ 2104011057145847

2021/4/1 10:58:24 # 支付成功回调参数： sign ------ 1B411D16E5B3FB6FB24F2A94F5967D09

2021/4/1 10:58:24 # 支付成功回调参数： payChannel ------ alipay

2021/4/1 10:58:24 # 支付成功回调参数： time ------ 2021-04-01 10:58:22

2021/4/1 10:58:24 # 支付成功回调的新签名为 : 1B411D16E5B3FB6FB24F2A94F5967D09

2021/4/1 10:58:24 # 支付成功回调签名验证通过 。

2021/4/1 11:03:02 # 开始下单 : 

2021/4/1 11:03:02 # 下单签名 : 002797AF562FAD84D4CDE383461FC4F2

2021/4/1 11:03:02 # 下单结果 : {"msg":"下单成功，请扫码支付","code":0,"data":"http://images.yungouos.com/merge/native/code/210401110302415315307.png"}

2021/4/1 11:03:57 # 支付成功回调参数： payNo ------ 4200000988202104015102708052

2021/4/1 11:03:57 # 支付成功回调参数： code ------ 1

2021/4/1 11:03:57 # 支付成功回调参数： mchId ------ 1607191737

2021/4/1 11:03:57 # 支付成功回调参数： orderNo ------ Y11033957419221

2021/4/1 11:03:57 # 支付成功回调参数： money ------ 666.00

2021/4/1 11:03:57 # 支付成功回调参数： openId ------ o-_-it2wUpfEtXdxg7eMAOamCTNE

2021/4/1 11:03:57 # 支付成功回调参数： outTradeNo ------ 2104011103024153

2021/4/1 11:03:57 # 支付成功回调参数： sign ------ F50DBE90CC37C897442B86299A148B6E

2021/4/1 11:03:57 # 支付成功回调参数： payChannel ------ wxpay

2021/4/1 11:03:57 # 支付成功回调参数： time ------ 2021-04-01 11:03:56

2021/4/1 11:03:57 # 支付成功回调的新签名为 : F50DBE90CC37C897442B86299A148B6E

2021/4/1 11:03:57 # 支付成功回调签名验证通过 。

2021/4/1 12:11:26 # 开始下单 : 

2021/4/1 12:11:26 # 下单签名 : A9C846105FB06DBCB16CA61336F2F244

2021/4/1 12:11:26 # 下单结果 : {"msg":"下单成功，请扫码支付","code":0,"data":"http://images.yungouos.com/merge/native/code/210401121126811915307.png"}

2021/4/1 12:11:47 # 支付成功回调参数： payNo ------ 2021040122001499691417575378

2021/4/1 12:11:47 # 支付成功回调参数： code ------ 1

2021/4/1 12:11:47 # 支付成功回调参数： mchId ------ 2088110896172724

2021/4/1 12:11:47 # 支付成功回调参数： orderNo ------ Y12113989533014

2021/4/1 12:11:47 # 支付成功回调参数： money ------ 1688.00

2021/4/1 12:11:47 # 支付成功回调参数： outTradeNo ------ 2104011211268119

2021/4/1 12:11:47 # 支付成功回调参数： sign ------ 779B7DCA56568967EF4737F82D5BCECE

2021/4/1 12:11:47 # 支付成功回调参数： payChannel ------ alipay

2021/4/1 12:11:47 # 支付成功回调参数： time ------ 2021-04-01 12:11:45

2021/4/1 12:11:47 # 支付成功回调的新签名为 : 779B7DCA56568967EF4737F82D5BCECE

2021/4/1 12:11:47 # 支付成功回调签名验证通过 。

2021/4/1 12:12:00 # 开始下单 : 

2021/4/1 12:12:00 # 下单签名 : 596A1801C7F48624BF28E1960F313633

2021/4/1 12:12:00 # 下单结果 : {"msg":"下单成功，请扫码支付","code":0,"data":"http://images.yungouos.com/merge/native/code/210401121200445315307.png"}

2021/4/1 18:29:58 # 从客户端(&)中检测到有潜在危险的 Request.Path 值。
   在 System.Web.HttpRequest.ValidateInputIfRequiredByConfig()
   在 System.Web.HttpApplication.PipelineStepManager.ValidateHelper(HttpContext context)

2021/4/1 18:41:47 # 开始下单 : 

2021/4/1 18:41:47 # 下单签名 : F142645F33725432344C16E5A62CF993

2021/4/1 18:41:47 # 下单结果 : {"msg":"下单成功，请扫码支付","code":0,"data":"http://images.yungouos.com/merge/native/code/210401184147436615307.png"}

2021/4/1 19:12:05 # 开始下单 : 

2021/4/1 19:12:05 # 下单签名 : 8B5A2DC207D39AFB7DD28C6E551FCFC9

2021/4/1 19:12:06 # 下单结果 : {"msg":"下单成功，请扫码支付","code":0,"data":"http://images.yungouos.com/merge/native/code/210401191205067215307.png"}

2021/4/1 19:13:33 # 支付成功回调参数： payNo ------ 2021040122001486841435479908

2021/4/1 19:13:33 # 支付成功回调参数： code ------ 1

2021/4/1 19:13:33 # 支付成功回调参数： mchId ------ 2088110896172724

2021/4/1 19:13:33 # 支付成功回调参数： orderNo ------ Y19132486402063

2021/4/1 19:13:33 # 支付成功回调参数： money ------ 666.00

2021/4/1 19:13:33 # 支付成功回调参数： outTradeNo ------ 2104011912050672

2021/4/1 19:13:33 # 支付成功回调参数： sign ------ ADDBF95068655DA263DD7437D3DF18EC

2021/4/1 19:13:33 # 支付成功回调参数： payChannel ------ alipay

2021/4/1 19:13:33 # 支付成功回调参数： time ------ 2021-04-01 19:13:31

2021/4/1 19:13:33 # 支付成功回调的新签名为 : ADDBF95068655DA263DD7437D3DF18EC

2021/4/1 19:13:33 # 支付成功回调签名验证通过 。

2021/4/1 19:20:50 # 开始下单 : 

2021/4/1 19:20:50 # 下单签名 : 0778F0FC5C9A75E1C7792D203D1B45CA

2021/4/1 19:20:51 # 下单结果 : {"msg":"下单成功，请扫码支付","code":0,"data":"http://images.yungouos.com/merge/native/code/210401192050625815307.png"}

2021/4/1 19:21:10 # 支付成功回调参数： payNo ------ 2021040122001450971444721880

2021/4/1 19:21:10 # 支付成功回调参数： code ------ 1

2021/4/1 19:21:10 # 支付成功回调参数： mchId ------ 2088110896172724

2021/4/1 19:21:10 # 支付成功回调参数： orderNo ------ Y19210152690682

2021/4/1 19:21:10 # 支付成功回调参数： money ------ 666.00

2021/4/1 19:21:10 # 支付成功回调参数： outTradeNo ------ 2104011920506258

2021/4/1 19:21:10 # 支付成功回调参数： sign ------ 9904135204D962CBE4F9243568C7ABEC

2021/4/1 19:21:10 # 支付成功回调参数： payChannel ------ alipay

2021/4/1 19:21:10 # 支付成功回调参数： time ------ 2021-04-01 19:21:08

2021/4/1 19:21:10 # 支付成功回调的新签名为 : 9904135204D962CBE4F9243568C7ABEC

2021/4/1 19:21:10 # 支付成功回调签名验证通过 。

2021/4/1 19:36:38 # 开始下单 : 

2021/4/1 19:36:38 # 下单签名 : 0632AE7DD257F598625B3F3B5D31D503

2021/4/1 19:36:38 # 下单结果 : {"msg":"下单成功，请扫码支付","code":0,"data":"http://images.yungouos.com/merge/native/code/210401193638259715307.png"}

2021/4/1 19:39:44 # 支付成功回调参数： payNo ------ 2021040122001482661419833725

2021/4/1 19:39:44 # 支付成功回调参数： code ------ 1

2021/4/1 19:39:44 # 支付成功回调参数： mchId ------ 2088110896172724

2021/4/1 19:39:44 # 支付成功回调参数： orderNo ------ Y19392855632148

2021/4/1 19:39:44 # 支付成功回调参数： money ------ 666.00

2021/4/1 19:39:44 # 支付成功回调参数： outTradeNo ------ 2104011936382597

2021/4/1 19:39:44 # 支付成功回调参数： sign ------ 4C320A05DC466691D26F15B571D6594E

2021/4/1 19:39:44 # 支付成功回调参数： payChannel ------ alipay

2021/4/1 19:39:44 # 支付成功回调参数： time ------ 2021-04-01 19:39:42

2021/4/1 19:39:44 # 支付成功回调的新签名为 : 4C320A05DC466691D26F15B571D6594E

2021/4/1 19:39:44 # 支付成功回调签名验证通过 。

2021/4/1 19:42:38 # 开始下单 : 

2021/4/1 19:42:38 # 下单签名 : DC57EBF71864F149A6FAD19BA57D9511

2021/4/1 19:42:38 # 下单结果 : {"msg":"下单成功，请扫码支付","code":0,"data":"http://images.yungouos.com/merge/native/code/210401194238273515307.png"}

2021/4/1 19:43:34 # 支付成功回调参数： payNo ------ 2021040122001480021431781943

2021/4/1 19:43:34 # 支付成功回调参数： code ------ 1

2021/4/1 19:43:34 # 支付成功回调参数： mchId ------ 2088110896172724

2021/4/1 19:43:34 # 支付成功回调参数： orderNo ------ Y19431211630188

2021/4/1 19:43:34 # 支付成功回调参数： money ------ 666.00

2021/4/1 19:43:34 # 支付成功回调参数： outTradeNo ------ 2104011942382735

2021/4/1 19:43:34 # 支付成功回调参数： sign ------ D48B69625FDB3529C1CB669C77098EDA

2021/4/1 19:43:34 # 支付成功回调参数： payChannel ------ alipay

2021/4/1 19:43:34 # 支付成功回调参数： time ------ 2021-04-01 19:43:33

2021/4/1 19:43:34 # 支付成功回调的新签名为 : D48B69625FDB3529C1CB669C77098EDA

2021/4/1 19:43:34 # 支付成功回调签名验证通过 。

2021/4/1 20:10:57 # 开始下单 : 

2021/4/1 20:10:57 # 下单签名 : 5C51A263C9EC2BC0689A4EA5EF3A8CEC

2021/4/1 20:10:57 # 下单结果 : {"msg":"下单成功，请扫码支付","code":0,"data":"http://images.yungouos.com/merge/native/code/210401201057076415307.png"}

2021/4/1 20:17:56 # 开始下单 : 

2021/4/1 20:17:56 # 下单签名 : 7F41D8DE81DFE4051D9B56FBF4BACF79

2021/4/1 20:17:57 # 下单结果 : {"msg":"下单成功，请扫码支付","code":0,"data":"http://images.yungouos.com/merge/native/code/210401201756240215307.png"}

2021/4/1 20:19:16 # 开始下单 : 

2021/4/1 20:19:16 # 下单签名 : 3BEAE80BCA4FCDE06FB63529D44482F6

2021/4/1 20:19:16 # 下单结果 : {"msg":"下单成功，请扫码支付","code":0,"data":"http://images.yungouos.com/merge/native/code/210401201916638115307.png"}

2021/4/1 20:19:31 # 开始下单 : 

2021/4/1 20:19:31 # 下单签名 : 91F3D896BB2A203B101E82988BC8838B

2021/4/1 20:19:31 # 下单结果 : {"msg":"下单成功，请扫码支付","code":0,"data":"http://images.yungouos.com/merge/native/code/210401201931822715307.png"}

2021/4/1 20:22:07 # 支付成功回调参数： payNo ------ 2021040122001415991437921060

2021/4/1 20:22:07 # 支付成功回调参数： code ------ 1

2021/4/1 20:22:07 # 支付成功回调参数： mchId ------ 2088110896172724

2021/4/1 20:22:07 # 支付成功回调参数： orderNo ------ Y20215973724033

2021/4/1 20:22:07 # 支付成功回调参数： money ------ 1688.00

2021/4/1 20:22:07 # 支付成功回调参数： outTradeNo ------ 2104012019318227

2021/4/1 20:22:07 # 支付成功回调参数： sign ------ 1E683C0AD8C27503BA6653FA50C656F9

2021/4/1 20:22:07 # 支付成功回调参数： payChannel ------ alipay

2021/4/1 20:22:07 # 支付成功回调参数： time ------ 2021-04-01 20:22:05

2021/4/1 20:22:07 # 支付成功回调的新签名为 : 1E683C0AD8C27503BA6653FA50C656F9

2021/4/1 20:22:07 # 支付成功回调签名验证通过 。

2021/4/1 20:22:17 # 开始下单 : 

2021/4/1 20:22:17 # 下单签名 : EAFB77761F4F3740E3330034E4D875D2

2021/4/1 20:22:18 # 下单结果 : {"msg":"下单成功，请扫码支付","code":0,"data":"http://images.yungouos.com/merge/native/code/210401202217858915307.png"}

2021/4/1 20:37:24 # 开始下单 : 

2021/4/1 20:37:24 # 下单签名 : CC0BD3410638C5B5B2B015C579B322F7

2021/4/1 20:38:06 # 下单结果 : 

2021/4/1 20:38:06 # 引发类型为“System.Web.HttpUnhandledException”的异常。 -- 未将对象引用设置到对象的实例。
   在 System.Web.UI.Page.HandleError(Exception e)
   在 System.Web.UI.Page.ProcessRequestMain(Boolean includeStagesBeforeAsyncPoint, Boolean includeStagesAfterAsyncPoint)
   在 System.Web.UI.Page.ProcessRequest(Boolean includeStagesBeforeAsyncPoint, Boolean includeStagesAfterAsyncPoint)
   在 System.Web.UI.Page.ProcessRequest()
   在 System.Web.UI.Page.ProcessRequest(HttpContext context)
   在 ASP.ajax_addorder_aspx.ProcessRequest(HttpContext context) 位置 c:\Windows\Microsoft.NET\Framework64\v4.0.30319\Temporary ASP.NET Files\root\3feaf4f5\23222d20\App_Web_3rcznw1d.2.cs:行号 0
   在 System.Web.HttpApplication.CallHandlerExecutionStep.System.Web.HttpApplication.IExecutionStep.Execute()
   在 System.Web.HttpApplication.ExecuteStepImpl(IExecutionStep step)
   在 System.Web.HttpApplication.ExecuteStep(IExecutionStep step, Boolean& completedSynchronously)

2021/4/1 21:45:36 # 开始下单 : 

2021/4/1 21:45:36 # 下单签名 : 2B7348E72A633DC8D9489AC3DF671E76

2021/4/1 21:45:37 # 下单结果 : {"msg":"下单成功，请扫码支付","code":0,"data":"http://images.yungouos.com/merge/native/code/210401214536649115307.png"}

2021/4/1 21:46:31 # 支付成功回调参数： payNo ------ 4200000982202104017580135260

2021/4/1 21:46:31 # 支付成功回调参数： code ------ 1

2021/4/1 21:46:31 # 支付成功回调参数： mchId ------ 1607191737

2021/4/1 21:46:31 # 支付成功回调参数： orderNo ------ Y21461815967882

2021/4/1 21:46:31 # 支付成功回调参数： money ------ 1688.00

2021/4/1 21:46:31 # 支付成功回调参数： openId ------ o-_-it5CEO7rwVTRKK4HTAltU_SA

2021/4/1 21:46:31 # 支付成功回调参数： outTradeNo ------ 2104012145366491

2021/4/1 21:46:31 # 支付成功回调参数： sign ------ CE8CCE41FDD4FB1433A9728D6EFE70F2

2021/4/1 21:46:31 # 支付成功回调参数： payChannel ------ wxpay

2021/4/1 21:46:31 # 支付成功回调参数： time ------ 2021-04-01 21:46:26

2021/4/1 21:46:31 # 支付成功回调的新签名为 : CE8CCE41FDD4FB1433A9728D6EFE70F2

2021/4/1 21:46:31 # 支付成功回调签名验证通过 。

2021/4/1 23:22:06 # 开始下单 : 

2021/4/1 23:22:06 # 下单签名 : 6642CD864FACD8BFF5512ADE861CFA4C

2021/4/1 23:22:07 # 下单结果 : {"msg":"下单成功，请扫码支付","code":0,"data":"http://images.yungouos.com/merge/native/code/210401232206488715307.png"}

2021/4/1 23:22:14 # 开始下单 : 

2021/4/1 23:22:14 # 下单签名 : EB1EC9712C1341EE8C34B66AAD880CB8

2021/4/1 23:22:14 # 下单结果 : {"msg":"下单成功，请扫码支付","code":0,"data":"http://images.yungouos.com/merge/native/code/210401232214950215307.png"}

2021/4/1 23:22:49 # 支付成功回调参数： payNo ------ 4200000983202104013857629383

2021/4/1 23:22:49 # 支付成功回调参数： code ------ 1

2021/4/1 23:22:49 # 支付成功回调参数： mchId ------ 1607191737

2021/4/1 23:22:49 # 支付成功回调参数： orderNo ------ Y23223410906588

2021/4/1 23:22:49 # 支付成功回调参数： money ------ 666.00

2021/4/1 23:22:49 # 支付成功回调参数： openId ------ o-_-it1B6VgKtGi1eqKAL5d22GUY

2021/4/1 23:22:49 # 支付成功回调参数： outTradeNo ------ 2104012322149502

2021/4/1 23:22:49 # 支付成功回调参数： sign ------ 64F648C7C19A609BD6FA2FEBA467A310

2021/4/1 23:22:49 # 支付成功回调参数： payChannel ------ wxpay

2021/4/1 23:22:49 # 支付成功回调参数： time ------ 2021-04-01 23:22:47

2021/4/1 23:22:49 # 支付成功回调的新签名为 : 64F648C7C19A609BD6FA2FEBA467A310

2021/4/1 23:22:49 # 支付成功回调签名验证通过 。

