2021/3/30 0:38:57 # 开始下单 : 

2021/3/30 0:38:57 # 下单签名 : F4DB75EF5F902ED461F6E45A817B8543

2021/3/30 0:38:57 # 下单结果 : {"msg":"下单成功，请扫码支付","code":0,"data":"http://images.yungouos.com/merge/native/code/210330003857916915307.png"}

2021/3/30 0:43:38 # 支付成功回调参数： payNo ------ 4200000946202103300195292855

2021/3/30 0:43:38 # 支付成功回调参数： code ------ 1

2021/3/30 0:43:38 # 支付成功回调参数： mchId ------ 1607191737

2021/3/30 0:43:38 # 支付成功回调参数： orderNo ------ Y00431854903454

2021/3/30 0:43:38 # 支付成功回调参数： money ------ 666.00

2021/3/30 0:43:38 # 支付成功回调参数： openId ------ o-_-it57EDR_uL5ocDu2HanAzs8c

2021/3/30 0:43:38 # 支付成功回调参数： outTradeNo ------ 2103300038579169

2021/3/30 0:43:38 # 支付成功回调参数： sign ------ DD8DD1F3DCAF67B833CA850D267EADBF

2021/3/30 0:43:38 # 支付成功回调参数： payChannel ------ wxpay

2021/3/30 0:43:38 # 支付成功回调参数： time ------ 2021-03-30 00:43:36

2021/3/30 0:43:38 # 支付成功回调的新签名为 : DD8DD1F3DCAF67B833CA850D267EADBF

2021/3/30 0:43:38 # 支付成功回调签名验证通过 。

2021/3/30 8:46:16 # 开始下单 : 

2021/3/30 8:46:16 # 下单签名 : C3251D58697F928D0806219AD074BE2C

2021/3/30 8:46:16 # 下单结果 : {"msg":"下单成功，请扫码支付","code":0,"data":"http://images.yungouos.com/merge/native/code/210330084616311215307.png"}

2021/3/30 8:48:00 # 开始下单 : 

2021/3/30 8:48:00 # 下单签名 : 8923706E9093D57A221026713F50EE64

2021/3/30 8:48:00 # 下单结果 : {"msg":"下单成功，请扫码支付","code":0,"data":"http://images.yungouos.com/merge/native/code/210330084800164115307.png"}

2021/3/30 8:48:43 # 支付成功回调参数： payNo ------ 4200000942202103307162447801

2021/3/30 8:48:43 # 支付成功回调参数： code ------ 1

2021/3/30 8:48:43 # 支付成功回调参数： mchId ------ 1607191737

2021/3/30 8:48:43 # 支付成功回调参数： orderNo ------ Y08482885928577

2021/3/30 8:48:43 # 支付成功回调参数： money ------ 666.00

2021/3/30 8:48:43 # 支付成功回调参数： openId ------ o-_-it0kmxCJwloyCzLmaPYikY-4

2021/3/30 8:48:43 # 支付成功回调参数： outTradeNo ------ 2103300848001641

2021/3/30 8:48:43 # 支付成功回调参数： sign ------ F5A6A4B3769E88B2F5C0BA6CE8B68FE6

2021/3/30 8:48:43 # 支付成功回调参数： payChannel ------ wxpay

2021/3/30 8:48:43 # 支付成功回调参数： time ------ 2021-03-30 08:48:41

2021/3/30 8:48:43 # 支付成功回调的新签名为 : F5A6A4B3769E88B2F5C0BA6CE8B68FE6

2021/3/30 8:48:43 # 支付成功回调签名验证通过 。

2021/3/30 9:14:10 # 开始下单 : 

2021/3/30 9:14:10 # 下单签名 : 6455A2BF79B796241030E815E994D0EC

2021/3/30 9:14:10 # 下单结果 : {"msg":"下单成功，请扫码支付","code":0,"data":"http://images.yungouos.com/merge/native/code/210330091410334015307.png"}

2021/3/30 9:14:37 # 支付成功回调参数： payNo ------ 4200000994202103304732644672

2021/3/30 9:14:37 # 支付成功回调参数： code ------ 1

2021/3/30 9:14:37 # 支付成功回调参数： mchId ------ 1607191737

2021/3/30 9:14:37 # 支付成功回调参数： orderNo ------ Y09142874258759

2021/3/30 9:14:37 # 支付成功回调参数： money ------ 666.00

2021/3/30 9:14:37 # 支付成功回调参数： openId ------ o-_-it5slG-70RjKC01Ctz2UlTzY

2021/3/30 9:14:37 # 支付成功回调参数： outTradeNo ------ 2103300914103340

2021/3/30 9:14:37 # 支付成功回调参数： sign ------ 8289C78883A2508CEAF428D4250D1E09

2021/3/30 9:14:37 # 支付成功回调参数： payChannel ------ wxpay

2021/3/30 9:14:37 # 支付成功回调参数： time ------ 2021-03-30 09:14:35

2021/3/30 9:14:37 # 支付成功回调的新签名为 : 8289C78883A2508CEAF428D4250D1E09

2021/3/30 9:14:37 # 支付成功回调签名验证通过 。

2021/3/30 9:20:02 # 开始下单 : 

2021/3/30 9:20:02 # 下单签名 : 327333A17AA5F27E61D5F3F4507651C1

2021/3/30 9:20:03 # 下单结果 : {"msg":"下单成功，请扫码支付","code":0,"data":"http://images.yungouos.com/merge/native/code/210330092002795015307.png"}

2021/3/30 9:20:28 # 支付成功回调参数： payNo ------ 2021033022001484591411348756

2021/3/30 9:20:28 # 支付成功回调参数： code ------ 1

2021/3/30 9:20:28 # 支付成功回调参数： mchId ------ 2088110896172724

2021/3/30 9:20:28 # 支付成功回调参数： orderNo ------ Y09202036397836

2021/3/30 9:20:28 # 支付成功回调参数： money ------ 666.00

2021/3/30 9:20:28 # 支付成功回调参数： outTradeNo ------ 2103300920027950

2021/3/30 9:20:28 # 支付成功回调参数： sign ------ 96EDCB4E64F7C9D583B4C6213C45147D

2021/3/30 9:20:28 # 支付成功回调参数： payChannel ------ alipay

2021/3/30 9:20:28 # 支付成功回调参数： time ------ 2021-03-30 09:20:26

2021/3/30 9:20:28 # 支付成功回调的新签名为 : 96EDCB4E64F7C9D583B4C6213C45147D

2021/3/30 9:20:28 # 支付成功回调签名验证通过 。

2021/3/30 9:37:12 # 开始下单 : 

2021/3/30 9:37:12 # 下单签名 : A05B672BEB4E3285003B657E8A5FC395

2021/3/30 9:37:12 # 下单结果 : {"msg":"下单成功，请扫码支付","code":0,"data":"http://images.yungouos.com/merge/native/code/210330093712851115307.png"}

2021/3/30 9:37:39 # 支付成功回调参数： payNo ------ 4200000999202103300227952402

2021/3/30 9:37:39 # 支付成功回调参数： code ------ 1

2021/3/30 9:37:39 # 支付成功回调参数： mchId ------ 1607191737

2021/3/30 9:37:39 # 支付成功回调参数： orderNo ------ Y09372760018870

2021/3/30 9:37:39 # 支付成功回调参数： money ------ 666.00

2021/3/30 9:37:39 # 支付成功回调参数： openId ------ o-_-it9eAHEtYS-xINtlqgJiQwoA

2021/3/30 9:37:39 # 支付成功回调参数： outTradeNo ------ 2103300937128511

2021/3/30 9:37:39 # 支付成功回调参数： sign ------ AA17FCF5E5328F8CD5668E76ED7B9928

2021/3/30 9:37:39 # 支付成功回调参数： payChannel ------ wxpay

2021/3/30 9:37:39 # 支付成功回调参数： time ------ 2021-03-30 09:37:37

2021/3/30 9:37:39 # 支付成功回调的新签名为 : AA17FCF5E5328F8CD5668E76ED7B9928

2021/3/30 9:37:39 # 支付成功回调签名验证通过 。

2021/3/30 13:50:24 # 从客户端(:)中检测到有潜在危险的 Request.Path 值。
   在 System.Web.HttpRequest.ValidateInputIfRequiredByConfig()
   在 System.Web.HttpApplication.PipelineStepManager.ValidateHelper(HttpContext context)

2021/3/30 13:53:55 # 从客户端(:)中检测到有潜在危险的 Request.Path 值。
   在 System.Web.HttpRequest.ValidateInputIfRequiredByConfig()
   在 System.Web.HttpApplication.PipelineStepManager.ValidateHelper(HttpContext context)

2021/3/30 15:41:35 # 开始下单 : 

2021/3/30 15:41:35 # 下单签名 : 99F7C3E9DF554E8670444D5740EED24D

2021/3/30 15:41:36 # 下单结果 : {"msg":"下单成功，请扫码支付","code":0,"data":"http://images.yungouos.com/merge/native/code/210330154135071215307.png"}

2021/3/30 15:42:00 # 开始下单 : 

2021/3/30 15:42:00 # 下单签名 : D1E7CABF55435D7BD196A047D28298F7

2021/3/30 15:42:01 # 下单结果 : {"msg":"下单成功，请扫码支付","code":0,"data":"http://images.yungouos.com/merge/native/code/210330154200814515307.png"}

2021/3/30 15:43:33 # 开始下单 : 

2021/3/30 15:43:33 # 下单签名 : 1EF17A499FCE4EA1973E35B066E6D4C5

2021/3/30 15:43:33 # 下单结果 : {"msg":"下单成功，请扫码支付","code":0,"data":"http://images.yungouos.com/merge/native/code/210330154333689015307.png"}

2021/3/30 15:44:37 # 支付成功回调参数： payNo ------ 2021033022001476671413381836

2021/3/30 15:44:37 # 支付成功回调参数： code ------ 1

2021/3/30 15:44:37 # 支付成功回调参数： mchId ------ 2088110896172724

2021/3/30 15:44:37 # 支付成功回调参数： orderNo ------ Y15441471097468

2021/3/30 15:44:37 # 支付成功回调参数： money ------ 666.00

2021/3/30 15:44:37 # 支付成功回调参数： outTradeNo ------ 2103301543336890

2021/3/30 15:44:37 # 支付成功回调参数： sign ------ 48A6BBECAFD3C3760CBAA83AB5FD7B27

2021/3/30 15:44:37 # 支付成功回调参数： payChannel ------ alipay

2021/3/30 15:44:37 # 支付成功回调参数： time ------ 2021-03-30 15:44:35

2021/3/30 15:44:37 # 支付成功回调的新签名为 : 48A6BBECAFD3C3760CBAA83AB5FD7B27

2021/3/30 15:44:37 # 支付成功回调签名验证通过 。

2021/3/30 17:10:08 # 开始下单 : 

2021/3/30 17:10:08 # 下单签名 : 0E948D37EC5FB9D42012A28225D581FF

2021/3/30 17:10:08 # 下单结果 : {"msg":"下单成功，请扫码支付","code":0,"data":"http://images.yungouos.com/merge/native/code/210330171008741315307.png"}

2021/3/30 17:11:18 # 支付成功回调参数： payNo ------ 2021033022001451091435515058

2021/3/30 17:11:18 # 支付成功回调参数： code ------ 1

2021/3/30 17:11:18 # 支付成功回调参数： mchId ------ 2088110896172724

2021/3/30 17:11:18 # 支付成功回调参数： orderNo ------ Y17111075265115

2021/3/30 17:11:18 # 支付成功回调参数： money ------ 666.00

2021/3/30 17:11:18 # 支付成功回调参数： outTradeNo ------ 2103301710087413

2021/3/30 17:11:18 # 支付成功回调参数： sign ------ 3B209B50CE9313178C00E5C9ACF64D59

2021/3/30 17:11:18 # 支付成功回调参数： payChannel ------ alipay

2021/3/30 17:11:18 # 支付成功回调参数： time ------ 2021-03-30 17:11:15

2021/3/30 17:11:18 # 支付成功回调的新签名为 : 3B209B50CE9313178C00E5C9ACF64D59

2021/3/30 17:11:18 # 支付成功回调签名验证通过 。

2021/3/30 17:19:18 # 开始下单 : 

2021/3/30 17:19:18 # 下单签名 : 6D17C288986EEF9F0799E38E29D3818B

2021/3/30 17:19:19 # 下单结果 : {"msg":"下单成功，请扫码支付","code":0,"data":"http://images.yungouos.com/merge/native/code/210330171918554215307.png"}

2021/3/30 17:19:30 # 开始下单 : 

2021/3/30 17:19:30 # 下单签名 : 36CFE45E63DA151CCAC15BEF818C2E0E

2021/3/30 17:19:30 # 下单结果 : {"msg":"下单成功，请扫码支付","code":0,"data":"http://images.yungouos.com/merge/native/code/210330171930083315307.png"}

2021/3/30 17:20:20 # 支付成功回调参数： payNo ------ 2021033022001419691415210959

2021/3/30 17:20:20 # 支付成功回调参数： code ------ 1

2021/3/30 17:20:20 # 支付成功回调参数： mchId ------ 2088110896172724

2021/3/30 17:20:20 # 支付成功回调参数： orderNo ------ Y17200214358379

2021/3/30 17:20:20 # 支付成功回调参数： money ------ 666.00

2021/3/30 17:20:20 # 支付成功回调参数： outTradeNo ------ 2103301719300833

2021/3/30 17:20:20 # 支付成功回调参数： sign ------ 70FD08C70BA7F2AE16B293685B1A3249

2021/3/30 17:20:20 # 支付成功回调参数： payChannel ------ alipay

2021/3/30 17:20:20 # 支付成功回调参数： time ------ 2021-03-30 17:20:13

2021/3/30 17:20:20 # 支付成功回调的新签名为 : 70FD08C70BA7F2AE16B293685B1A3249

2021/3/30 17:20:20 # 支付成功回调签名验证通过 。

2021/3/30 17:22:02 # 支付成功回调参数： payNo ------ 2021033022001478731414251685

2021/3/30 17:22:02 # 支付成功回调参数： code ------ 1

2021/3/30 17:22:02 # 支付成功回调参数： mchId ------ 2088110896172724

2021/3/30 17:22:02 # 支付成功回调参数： orderNo ------ Y17201558231779

2021/3/30 17:22:02 # 支付成功回调参数： money ------ 666.00

2021/3/30 17:22:02 # 支付成功回调参数： outTradeNo ------ 2103301719185542

2021/3/30 17:22:02 # 支付成功回调参数： sign ------ 9584F644008157977DED081B0B803681

2021/3/30 17:22:02 # 支付成功回调参数： payChannel ------ alipay

2021/3/30 17:22:02 # 支付成功回调参数： time ------ 2021-03-30 17:22:00

2021/3/30 17:22:02 # 支付成功回调的新签名为 : 9584F644008157977DED081B0B803681

2021/3/30 17:22:02 # 支付成功回调签名验证通过 。

2021/3/30 17:25:51 # 开始下单 : 

2021/3/30 17:25:51 # 下单签名 : E00E537824967529F3784830F58E3C2D

2021/3/30 17:25:51 # 下单结果 : {"msg":"下单成功，请扫码支付","code":0,"data":"http://images.yungouos.com/merge/native/code/210330172551154715307.png"}

2021/3/30 17:26:05 # 开始下单 : 

2021/3/30 17:26:05 # 下单签名 : AD91492628257C9FECF035ECF04A59A8

2021/3/30 17:26:05 # 下单结果 : {"msg":"下单成功，请扫码支付","code":0,"data":"http://images.yungouos.com/merge/native/code/210330172605784115307.png"}

2021/3/30 17:28:54 # 开始下单 : 

2021/3/30 17:28:54 # 下单签名 : EB69117FB1B1B91D89BA9EC08C56C2BF

2021/3/30 17:28:54 # 下单结果 : {"msg":"下单成功，请扫码支付","code":0,"data":"http://images.yungouos.com/merge/native/code/210330172854542615307.png"}

2021/3/30 17:42:50 # 开始下单 : 

2021/3/30 17:42:50 # 下单签名 : BD6D293CB49F4DE00E0554E37AFD83F0

2021/3/30 17:42:51 # 下单结果 : {"msg":"下单成功，请扫码支付","code":0,"data":"http://images.yungouos.com/merge/native/code/210330174250413015307.png"}

2021/3/30 17:43:26 # 开始下单 : 

2021/3/30 17:43:26 # 下单签名 : 731A2F176CE97D6F6BABC02E84EA04C8

2021/3/30 17:43:27 # 下单结果 : {"msg":"下单成功，请扫码支付","code":0,"data":"http://images.yungouos.com/merge/native/code/210330174326224415307.png"}

2021/3/30 17:44:25 # 支付成功回调参数： payNo ------ 2021033022001445801410853838

2021/3/30 17:44:25 # 支付成功回调参数： code ------ 1

2021/3/30 17:44:25 # 支付成功回调参数： mchId ------ 2088110896172724

2021/3/30 17:44:25 # 支付成功回调参数： orderNo ------ Y17441228433032

2021/3/30 17:44:25 # 支付成功回调参数： money ------ 666.00

2021/3/30 17:44:25 # 支付成功回调参数： outTradeNo ------ 2103301742504130

2021/3/30 17:44:25 # 支付成功回调参数： sign ------ AED66A585A243792F46FC3F591E44FA4

2021/3/30 17:44:25 # 支付成功回调参数： payChannel ------ alipay

2021/3/30 17:44:25 # 支付成功回调参数： time ------ 2021-03-30 17:44:23

2021/3/30 17:44:25 # 支付成功回调的新签名为 : AED66A585A243792F46FC3F591E44FA4

2021/3/30 17:44:25 # 支付成功回调签名验证通过 。

2021/3/30 17:45:27 # 开始下单 : 

2021/3/30 17:45:27 # 下单签名 : 56840B670848FD86BF4AA110D36C8097

2021/3/30 17:45:28 # 下单结果 : {"msg":"下单成功，请扫码支付","code":0,"data":"http://images.yungouos.com/merge/native/code/210330174527906115307.png"}

2021/3/30 17:46:14 # 支付成功回调参数： payNo ------ 2021033022001457611415443125

2021/3/30 17:46:14 # 支付成功回调参数： code ------ 1

2021/3/30 17:46:14 # 支付成功回调参数： mchId ------ 2088110896172724

2021/3/30 17:46:14 # 支付成功回调参数： orderNo ------ Y17455971768588

2021/3/30 17:46:14 # 支付成功回调参数： money ------ 1688.00

2021/3/30 17:46:14 # 支付成功回调参数： outTradeNo ------ 2103301743262244

2021/3/30 17:46:14 # 支付成功回调参数： sign ------ E902BE13074A93FBB31086DC21A8BD18

2021/3/30 17:46:14 # 支付成功回调参数： payChannel ------ alipay

2021/3/30 17:46:14 # 支付成功回调参数： time ------ 2021-03-30 17:46:10

2021/3/30 17:46:14 # 支付成功回调的新签名为 : E902BE13074A93FBB31086DC21A8BD18

2021/3/30 17:46:14 # 支付成功回调签名验证通过 。

2021/3/30 17:47:35 # 开始下单 : 

2021/3/30 17:47:35 # 下单签名 : 2D73AB8F27A2AC87184A3963E1D604E0

2021/3/30 17:47:35 # 下单结果 : {"msg":"下单成功，请扫码支付","code":0,"data":"http://images.yungouos.com/merge/native/code/210330174735082315307.png"}

2021/3/30 17:55:06 # 开始下单 : 

2021/3/30 17:55:06 # 下单签名 : 84DB463447F7317EDEC6D9BCEBF3B564

2021/3/30 17:55:07 # 下单结果 : {"msg":"下单成功，请扫码支付","code":0,"data":"http://images.yungouos.com/merge/native/code/210330175506881015307.png"}

2021/3/30 17:55:49 # 支付成功回调参数： payNo ------ 2021033022001424241416950417

2021/3/30 17:55:49 # 支付成功回调参数： code ------ 1

2021/3/30 17:55:49 # 支付成功回调参数： mchId ------ 2088110896172724

2021/3/30 17:55:49 # 支付成功回调参数： orderNo ------ Y17552716775621

2021/3/30 17:55:49 # 支付成功回调参数： money ------ 666.00

2021/3/30 17:55:49 # 支付成功回调参数： outTradeNo ------ 2103301755068810

2021/3/30 17:55:49 # 支付成功回调参数： sign ------ 6ACDDD2B64A3BF6964482BFCCC12F6C7

2021/3/30 17:55:49 # 支付成功回调参数： payChannel ------ alipay

2021/3/30 17:55:49 # 支付成功回调参数： time ------ 2021-03-30 17:55:45

2021/3/30 17:55:49 # 支付成功回调的新签名为 : 6ACDDD2B64A3BF6964482BFCCC12F6C7

2021/3/30 17:55:49 # 支付成功回调签名验证通过 。

2021/3/30 18:02:29 # 开始下单 : 

2021/3/30 18:02:29 # 下单签名 : 47184D91DFF22E14853F6BAD3FBAB11D

2021/3/30 18:02:30 # 下单结果 : {"msg":"下单成功，请扫码支付","code":0,"data":"http://images.yungouos.com/merge/native/code/210330180229701015307.png"}

2021/3/30 18:10:39 # 开始下单 : 

2021/3/30 18:10:39 # 下单签名 : 6A4860C8101A9EE0DCB907AE9306C009

2021/3/30 18:10:39 # 下单结果 : {"msg":"下单成功，请扫码支付","code":0,"data":"http://images.yungouos.com/merge/native/code/210330181039141415307.png"}

2021/3/30 18:16:36 # 开始下单 : 

2021/3/30 18:16:36 # 下单签名 : EE931330E3B2F6EC3B364BE94B7AD1AC

2021/3/30 18:16:37 # 下单结果 : {"msg":"下单成功，请扫码支付","code":0,"data":"http://images.yungouos.com/merge/native/code/210330181636500915307.png"}

2021/3/30 18:17:06 # 开始下单 : 

2021/3/30 18:17:06 # 下单签名 : 92AEEB307EB45ED5E6AA7AB7FF5319F0

2021/3/30 18:17:06 # 下单结果 : {"msg":"下单成功，请扫码支付","code":0,"data":"http://images.yungouos.com/merge/native/code/210330181706430315307.png"}

2021/3/30 18:17:25 # 支付成功回调参数： payNo ------ 2021033022001407831434644485

2021/3/30 18:17:25 # 支付成功回调参数： code ------ 1

2021/3/30 18:17:25 # 支付成功回调参数： mchId ------ 2088110896172724

2021/3/30 18:17:25 # 支付成功回调参数： orderNo ------ Y18171124851367

2021/3/30 18:17:25 # 支付成功回调参数： money ------ 666.00

2021/3/30 18:17:25 # 支付成功回调参数： outTradeNo ------ 2103301816365009

2021/3/30 18:17:25 # 支付成功回调参数： sign ------ CF28B3C9D85399F1A3A6C40D32CED41C

2021/3/30 18:17:25 # 支付成功回调参数： payChannel ------ alipay

2021/3/30 18:17:25 # 支付成功回调参数： time ------ 2021-03-30 18:17:22

2021/3/30 18:17:25 # 支付成功回调的新签名为 : CF28B3C9D85399F1A3A6C40D32CED41C

2021/3/30 18:17:25 # 支付成功回调签名验证通过 。

2021/3/30 18:20:27 # 开始下单 : 

2021/3/30 18:20:27 # 下单签名 : E845F3DB116439CF8EBB9FB9D69EA3F5

2021/3/30 18:20:27 # 下单结果 : {"msg":"下单成功，请扫码支付","code":0,"data":"http://images.yungouos.com/merge/native/code/210330182027337315307.png"}

2021/3/30 18:21:47 # 开始下单 : 

2021/3/30 18:21:47 # 下单签名 : 98A4F032C60CECEB5AFFE3CE1CAB4A57

2021/3/30 18:21:47 # 下单结果 : {"msg":"下单成功，请扫码支付","code":0,"data":"http://images.yungouos.com/merge/native/code/210330182147924515307.png"}

2021/3/30 18:22:23 # 支付成功回调参数： payNo ------ 4200000988202103306160539441

2021/3/30 18:22:23 # 支付成功回调参数： code ------ 1

2021/3/30 18:22:23 # 支付成功回调参数： mchId ------ 1607191737

2021/3/30 18:22:23 # 支付成功回调参数： orderNo ------ Y18221465718148

2021/3/30 18:22:23 # 支付成功回调参数： money ------ 666.00

2021/3/30 18:22:23 # 支付成功回调参数： openId ------ o-_-ityqzeIBANWgnIsaU-xS7Y5U

2021/3/30 18:22:23 # 支付成功回调参数： outTradeNo ------ 2103301821479245

2021/3/30 18:22:23 # 支付成功回调参数： sign ------ 77637CD53A4BC19D641B65DA6A85FF8C

2021/3/30 18:22:23 # 支付成功回调参数： payChannel ------ wxpay

2021/3/30 18:22:23 # 支付成功回调参数： time ------ 2021-03-30 18:22:22

2021/3/30 18:22:23 # 支付成功回调的新签名为 : 77637CD53A4BC19D641B65DA6A85FF8C

2021/3/30 18:22:23 # 支付成功回调签名验证通过 。

2021/3/30 18:43:03 # 开始下单 : 

2021/3/30 18:43:03 # 下单签名 : A78F6581B88F474B79F51E69577BDB6E

2021/3/30 18:43:04 # 下单结果 : {"msg":"下单成功，请扫码支付","code":0,"data":"http://images.yungouos.com/merge/native/code/210330184303257715307.png"}

2021/3/30 18:43:58 # 支付成功回调参数： payNo ------ 2021033022001408111430299835

2021/3/30 18:43:58 # 支付成功回调参数： code ------ 1

2021/3/30 18:43:58 # 支付成功回调参数： mchId ------ 2088110896172724

2021/3/30 18:43:58 # 支付成功回调参数： orderNo ------ Y18434612406661

2021/3/30 18:43:58 # 支付成功回调参数： money ------ 666.00

2021/3/30 18:43:58 # 支付成功回调参数： outTradeNo ------ 2103301843032577

2021/3/30 18:43:58 # 支付成功回调参数： sign ------ 0D2F7B64EEAC9F25615A7ED3C07049FA

2021/3/30 18:43:58 # 支付成功回调参数： payChannel ------ alipay

2021/3/30 18:43:58 # 支付成功回调参数： time ------ 2021-03-30 18:43:56

2021/3/30 18:43:58 # 支付成功回调的新签名为 : 0D2F7B64EEAC9F25615A7ED3C07049FA

2021/3/30 18:43:58 # 支付成功回调签名验证通过 。

2021/3/30 20:05:07 # 开始下单 : 

2021/3/30 20:05:07 # 下单签名 : F78347EAF7768B187EA805BF320596F7

2021/3/30 20:05:07 # 下单结果 : {"msg":"下单成功，请扫码支付","code":0,"data":"http://images.yungouos.com/merge/native/code/210330200507723315307.png"}

2021/3/30 20:05:35 # 支付成功回调参数： payNo ------ 4200000942202103306648297175

2021/3/30 20:05:35 # 支付成功回调参数： code ------ 1

2021/3/30 20:05:35 # 支付成功回调参数： mchId ------ 1607191737

2021/3/30 20:05:35 # 支付成功回调参数： orderNo ------ Y20052654350913

2021/3/30 20:05:35 # 支付成功回调参数： money ------ 1688.00

2021/3/30 20:05:35 # 支付成功回调参数： openId ------ o-_-itwmOT2RdttqzPsGV21B28kY

2021/3/30 20:05:35 # 支付成功回调参数： outTradeNo ------ 2103302005077233

2021/3/30 20:05:35 # 支付成功回调参数： sign ------ 353243AE81AD668A1B14FAA048794D98

2021/3/30 20:05:35 # 支付成功回调参数： payChannel ------ wxpay

2021/3/30 20:05:35 # 支付成功回调参数： time ------ 2021-03-30 20:05:33

2021/3/30 20:05:35 # 支付成功回调的新签名为 : 353243AE81AD668A1B14FAA048794D98

2021/3/30 20:05:35 # 支付成功回调签名验证通过 。

2021/3/30 20:08:30 # 开始下单 : 

2021/3/30 20:08:30 # 下单签名 : E7510891715EA5C610F094BA2471C491

2021/3/30 20:08:31 # 下单结果 : {"msg":"下单成功，请扫码支付","code":0,"data":"http://images.yungouos.com/merge/native/code/210330200830673415307.png"}

2021/3/30 20:09:44 # 支付成功回调参数： payNo ------ 4200000987202103308360106145

2021/3/30 20:09:44 # 支付成功回调参数： code ------ 1

2021/3/30 20:09:44 # 支付成功回调参数： mchId ------ 1607191737

2021/3/30 20:09:44 # 支付成功回调参数： orderNo ------ Y20093086404663

2021/3/30 20:09:44 # 支付成功回调参数： money ------ 666.00

2021/3/30 20:09:44 # 支付成功回调参数： openId ------ o-_-it15iKTYfhyKCynCMbyGr030

2021/3/30 20:09:44 # 支付成功回调参数： outTradeNo ------ 2103302008306734

2021/3/30 20:09:44 # 支付成功回调参数： sign ------ 29B8F507A1CFDF8DB3B7351EB40CD474

2021/3/30 20:09:44 # 支付成功回调参数： payChannel ------ wxpay

2021/3/30 20:09:44 # 支付成功回调参数： time ------ 2021-03-30 20:09:42

2021/3/30 20:09:44 # 支付成功回调的新签名为 : 29B8F507A1CFDF8DB3B7351EB40CD474

2021/3/30 20:09:44 # 支付成功回调签名验证通过 。

2021/3/30 20:41:32 # 开始下单 : 

2021/3/30 20:41:32 # 下单签名 : 1E06011A46CB7DA654DEB3FA41B57343

2021/3/30 20:41:33 # 下单结果 : {"msg":"下单成功，请扫码支付","code":0,"data":"http://images.yungouos.com/merge/native/code/210330204132456515307.png"}

2021/3/30 20:44:03 # 支付成功回调参数： payNo ------ 4200000983202103300765142228

2021/3/30 20:44:03 # 支付成功回调参数： code ------ 1

2021/3/30 20:44:03 # 支付成功回调参数： mchId ------ 1607191737

2021/3/30 20:44:03 # 支付成功回调参数： orderNo ------ Y20431513310486

2021/3/30 20:44:03 # 支付成功回调参数： money ------ 666.00

2021/3/30 20:44:03 # 支付成功回调参数： openId ------ o-_-itxPitUqreadoUd8FVw_Ivys

2021/3/30 20:44:03 # 支付成功回调参数： outTradeNo ------ 2103302041324565

2021/3/30 20:44:03 # 支付成功回调参数： sign ------ 81DC82213BD0D995FE0BC2497B53AC1D

2021/3/30 20:44:03 # 支付成功回调参数： payChannel ------ wxpay

2021/3/30 20:44:03 # 支付成功回调参数： time ------ 2021-03-30 20:44:01

2021/3/30 20:44:03 # 支付成功回调的新签名为 : 81DC82213BD0D995FE0BC2497B53AC1D

2021/3/30 20:44:03 # 支付成功回调签名验证通过 。

2021/3/30 21:22:27 # 开始下单 : 

2021/3/30 21:22:27 # 下单签名 : F69AFE8E60A84D09C30070424FF8AFA5

2021/3/30 21:22:28 # 下单结果 : {"msg":"下单成功，请扫码支付","code":0,"data":"http://images.yungouos.com/merge/native/code/210330212227967915307.png"}

2021/3/30 21:24:08 # 支付成功回调参数： payNo ------ 2021033022001460081435700659

2021/3/30 21:24:08 # 支付成功回调参数： code ------ 1

2021/3/30 21:24:08 # 支付成功回调参数： mchId ------ 2088110896172724

2021/3/30 21:24:08 # 支付成功回调参数： orderNo ------ Y21234534101994

2021/3/30 21:24:08 # 支付成功回调参数： money ------ 666.00

2021/3/30 21:24:08 # 支付成功回调参数： outTradeNo ------ 2103302122279679

2021/3/30 21:24:08 # 支付成功回调参数： sign ------ A6F3AEDC7E9E52174D05A4F5E0E80399

2021/3/30 21:24:08 # 支付成功回调参数： payChannel ------ alipay

2021/3/30 21:24:08 # 支付成功回调参数： time ------ 2021-03-30 21:24:06

2021/3/30 21:24:08 # 支付成功回调的新签名为 : A6F3AEDC7E9E52174D05A4F5E0E80399

2021/3/30 21:24:08 # 支付成功回调签名验证通过 。

2021/3/30 21:38:21 # 开始下单 : 

2021/3/30 21:38:21 # 下单签名 : 9E2294D506D46A57EAB2B13FA30F3D5F

2021/3/30 21:38:22 # 下单结果 : {"msg":"下单成功，请扫码支付","code":0,"data":"http://images.yungouos.com/merge/native/code/210330213821545515307.png"}

2021/3/30 21:38:53 # 开始下单 : 

2021/3/30 21:38:53 # 下单签名 : F07F7C3441EF39A75D1EA426800890EA

2021/3/30 21:38:54 # 下单结果 : {"msg":"下单成功，请扫码支付","code":0,"data":"http://images.yungouos.com/merge/native/code/210330213853371015307.png"}

2021/3/30 22:03:57 # 开始下单 : 

2021/3/30 22:03:57 # 下单签名 : 547CB57228851CCCA9D68B8D2E596094

2021/3/30 22:03:58 # 下单结果 : {"msg":"下单成功，请扫码支付","code":0,"data":"http://images.yungouos.com/merge/native/code/210330220357134815307.png"}

2021/3/30 22:04:32 # 支付成功回调参数： payNo ------ 2021033022001457321414417987

2021/3/30 22:04:32 # 支付成功回调参数： code ------ 1

2021/3/30 22:04:32 # 支付成功回调参数： mchId ------ 2088110896172724

2021/3/30 22:04:32 # 支付成功回调参数： orderNo ------ Y22042043186721

2021/3/30 22:04:32 # 支付成功回调参数： money ------ 666.00

2021/3/30 22:04:32 # 支付成功回调参数： outTradeNo ------ 2103302203571348

2021/3/30 22:04:32 # 支付成功回调参数： sign ------ 330653A7C9B73BCD8512EA7A4DF2C2C5

2021/3/30 22:04:32 # 支付成功回调参数： payChannel ------ alipay

2021/3/30 22:04:32 # 支付成功回调参数： time ------ 2021-03-30 22:04:30

2021/3/30 22:04:32 # 支付成功回调的新签名为 : 330653A7C9B73BCD8512EA7A4DF2C2C5

2021/3/30 22:04:32 # 支付成功回调签名验证通过 。

2021/3/30 22:04:51 # 开始下单 : 

2021/3/30 22:04:51 # 下单签名 : 7C43B2BBA4C84745BA24F65D2F52D61C

2021/3/30 22:04:51 # 下单结果 : {"msg":"下单成功，请扫码支付","code":0,"data":"http://images.yungouos.com/merge/native/code/210330220451923615307.png"}

2021/3/30 22:08:22 # 开始下单 : 

2021/3/30 22:08:22 # 下单签名 : 62F731D0C654FD0C7D31E1F356624277

2021/3/30 22:08:23 # 下单结果 : {"msg":"下单成功，请扫码支付","code":0,"data":"http://images.yungouos.com/merge/native/code/210330220822500215307.png"}

2021/3/30 22:10:27 # 开始下单 : 

2021/3/30 22:10:27 # 下单签名 : FD2D45D4DE2990C4065744F2FA8317FB

2021/3/30 22:10:28 # 下单结果 : {"msg":"下单成功，请扫码支付","code":0,"data":"http://images.yungouos.com/merge/native/code/210330221027798915307.png"}

2021/3/30 22:10:48 # 支付成功回调参数： payNo ------ 4200000980202103308111060145

2021/3/30 22:10:48 # 支付成功回调参数： code ------ 1

2021/3/30 22:10:48 # 支付成功回调参数： mchId ------ 1607191737

2021/3/30 22:10:48 # 支付成功回调参数： orderNo ------ Y22104050773291

2021/3/30 22:10:48 # 支付成功回调参数： money ------ 666.00

2021/3/30 22:10:48 # 支付成功回调参数： openId ------ o-_-it1O027i_F9jgebrEmUYoZmg

2021/3/30 22:10:48 # 支付成功回调参数： outTradeNo ------ 2103302210277989

2021/3/30 22:10:48 # 支付成功回调参数： sign ------ BDD28A8EC5EF48C2DC31AF8FDA6B6A64

2021/3/30 22:10:48 # 支付成功回调参数： payChannel ------ wxpay

2021/3/30 22:10:48 # 支付成功回调参数： time ------ 2021-03-30 22:10:46

2021/3/30 22:10:48 # 支付成功回调的新签名为 : BDD28A8EC5EF48C2DC31AF8FDA6B6A64

2021/3/30 22:10:48 # 支付成功回调签名验证通过 。

2021/3/30 22:28:10 # 开始下单 : 

2021/3/30 22:28:10 # 下单签名 : E0F36BCAF7753755754D11EBAC5595D5

2021/3/30 22:28:11 # 下单结果 : {"msg":"下单成功，请扫码支付","code":0,"data":"http://images.yungouos.com/merge/native/code/210330222810842115307.png"}

2021/3/30 22:28:50 # 支付成功回调参数： payNo ------ 2021033022001444181437694792

2021/3/30 22:28:50 # 支付成功回调参数： code ------ 1

2021/3/30 22:28:50 # 支付成功回调参数： mchId ------ 2088110896172724

2021/3/30 22:28:50 # 支付成功回调参数： orderNo ------ Y22282761890912

2021/3/30 22:28:50 # 支付成功回调参数： money ------ 666.00

2021/3/30 22:28:50 # 支付成功回调参数： outTradeNo ------ 2103302228108421

2021/3/30 22:28:50 # 支付成功回调参数： sign ------ 8514777246F0055E62F3832BFC87447B

2021/3/30 22:28:50 # 支付成功回调参数： payChannel ------ alipay

2021/3/30 22:28:50 # 支付成功回调参数： time ------ 2021-03-30 22:28:48

2021/3/30 22:28:50 # 支付成功回调的新签名为 : 8514777246F0055E62F3832BFC87447B

2021/3/30 22:28:50 # 支付成功回调签名验证通过 。

2021/3/30 23:06:54 # 开始下单 : 

2021/3/30 23:06:54 # 下单签名 : BCC712846B31A989A5263779D3B5797C

2021/3/30 23:06:55 # 下单结果 : {"msg":"下单成功，请扫码支付","code":0,"data":"http://images.yungouos.com/merge/native/code/210330230654203415307.png"}

2021/3/30 23:12:30 # 开始下单 : 

2021/3/30 23:12:30 # 下单签名 : A2378B8E86A1A61A52136E967DBBF871

2021/3/30 23:12:34 # 下单结果 : {"msg":"下单成功，请扫码支付","code":0,"data":"http://images.yungouos.com/merge/native/code/210330231230814915307.png"}

2021/3/30 23:12:51 # 开始下单 : 

2021/3/30 23:12:51 # 下单签名 : 3E83DA9AF544C4514881AB3C3218F55F

2021/3/30 23:12:52 # 下单结果 : {"msg":"下单成功，请扫码支付","code":0,"data":"http://images.yungouos.com/merge/native/code/210330231251095915307.png"}

2021/3/30 23:13:13 # 支付成功回调参数： payNo ------ 2021033022001402251414150569

2021/3/30 23:13:13 # 支付成功回调参数： code ------ 1

2021/3/30 23:13:13 # 支付成功回调参数： mchId ------ 2088110896172724

2021/3/30 23:13:13 # 支付成功回调参数： orderNo ------ Y23130229445166

2021/3/30 23:13:13 # 支付成功回调参数： money ------ 666.00

2021/3/30 23:13:13 # 支付成功回调参数： outTradeNo ------ 2103302312510959

2021/3/30 23:13:13 # 支付成功回调参数： sign ------ 133F33860BCCEDD5DB8CCA4064CFFCD9

2021/3/30 23:13:13 # 支付成功回调参数： payChannel ------ alipay

2021/3/30 23:13:13 # 支付成功回调参数： time ------ 2021-03-30 23:13:11

2021/3/30 23:13:13 # 支付成功回调的新签名为 : 133F33860BCCEDD5DB8CCA4064CFFCD9

2021/3/30 23:13:13 # 支付成功回调签名验证通过 。

2021/3/30 23:40:26 # 开始下单 : 

2021/3/30 23:40:26 # 下单签名 : 17B4B60CD231C4CDA723A031B092B854

2021/3/30 23:40:26 # 下单结果 : {"msg":"下单成功，请扫码支付","code":0,"data":"http://images.yungouos.com/merge/native/code/210330234026074215307.png"}

2021/3/30 23:59:28 # 开始下单 : 

2021/3/30 23:59:28 # 下单签名 : 8AB6DE738835266748B3747740D4DC91

2021/3/30 23:59:29 # 下单结果 : {"msg":"下单成功，请扫码支付","code":0,"data":"http://images.yungouos.com/merge/native/code/210330235928146115307.png"}

2021/3/30 23:59:53 # 开始下单 : 

2021/3/30 23:59:53 # 下单签名 : 425B09A17DB33AB5C4CDC174C7AAD393

2021/3/30 23:59:54 # 下单结果 : {"msg":"下单成功，请扫码支付","code":0,"data":"http://images.yungouos.com/merge/native/code/210330235953599015307.png"}

2021/3/30 23:59:59 # 开始下单 : 

2021/3/30 23:59:59 # 下单签名 : A924EEEAD176F2B6FC849593E250767F

2021/3/30 23:59:59 # 下单结果 : {"msg":"下单成功，请扫码支付","code":0,"data":"http://images.yungouos.com/merge/native/code/210330235959744915307.png"}

